Information: Propagating switching activity (low effort zero delay simulation). (PWR-6)
Warning: Design has unannotated primary inputs. (PWR-414)
Warning: Design has unannotated sequential cell outputs. (PWR-415)
 
****************************************
Report : power
        -analysis_effort low
Design : crossbar_one_hot_seq
Version: Q-2019.12-SP2
Date   : Sat Apr 10 07:23:57 2021
****************************************


Library(s) Used:

    tcbn28hpcplusbwp30p140tt0p8v25c (File: /usr/scratch/will-jianming/TSMC_library/IP/TSMC28_STD_CELLS/custom_utils_ck/tsmc_ip/tcbn28hpcplusbwp30p140/nldm/tcbn28hpcplusbwp30p140tt0p8v25c.db)


Operating Conditions: tt0p8v25c   Library: tcbn28hpcplusbwp30p140tt0p8v25c
Wire Load Model Mode: segmented

Design        Wire Load Model            Library
------------------------------------------------
crossbar_one_hot_seq   ZeroWireload      tcbn28hpcplusbwp30p140tt0p8v25c


Global Operating Voltage = 0.8  
Power-specific unit information :
    Voltage Units = 1V
    Capacitance Units = 1.000000pf
    Time Units = 1ns
    Dynamic Power Units = 1mW    (derived from V,C,T units)
    Leakage Power Units = 1nW


  Cell Internal Power  =   2.7633 mW   (74%)
  Net Switching Power  = 958.2640 uW   (26%)
                         ---------
Total Dynamic Power    =   3.7216 mW  (100%)

Cell Leakage Power     =  38.8233 uW


                 Internal         Switching           Leakage            Total
Power Group      Power            Power               Power              Power   (   %    )  Attrs
--------------------------------------------------------------------------------------------------
io_pad             0.0000            0.0000            0.0000            0.0000  (   0.00%)
memory             0.0000            0.0000            0.0000            0.0000  (   0.00%)
black_box          0.0000            0.0000            0.0000            0.0000  (   0.00%)
clock_network      0.0000            0.0000            0.0000            0.0000  (   0.00%)
register           1.9558            0.0000        1.8054e+03            1.9576  (  52.06%)
sequential         0.0000            0.0000            0.0000            0.0000  (   0.00%)
combinational      0.8075            0.9583        3.7018e+04            1.8028  (  47.94%)
--------------------------------------------------------------------------------------------------
Total              2.7633 mW         0.9583 mW     3.8823e+04 nW         3.7604 mW
1
