 
****************************************
Report : timing
        -path full
        -delay max
        -max_paths 1
Design : crossbar_one_hot_comb_wrapper_seq
Version: Q-2019.12-SP2
Date   : Sun Apr 11 14:04:01 2021
****************************************

 # A fanout number of 1000 was used for high fanout net computations.

Operating Conditions: tt0p8v25c   Library: tcbn28hpcplusbwp30p140tt0p8v25c
Wire Load Model Mode: segmented

  Startpoint: i_cmd_reg_reg_376_
              (rising edge-triggered flip-flop clocked by clk)
  Endpoint: o_data_bus_reg_reg_6_
            (rising edge-triggered flip-flop clocked by clk)
  Path Group: clk
  Path Type: max

  Des/Clust/Port     Wire Load Model       Library
  ------------------------------------------------
  crossbar_one_hot_comb_wrapper_seq
                     ZeroWireload          tcbn28hpcplusbwp30p140tt0p8v25c
  crossbar_one_hot_comb_DATA_WIDTH32_NUM_OUTPUT_DATA8_NUM_INPUT_DATA64
                     ZeroWireload          tcbn28hpcplusbwp30p140tt0p8v25c

  Point                                                   Incr       Path
  --------------------------------------------------------------------------
  clock clk (rise edge)                                   0.00       0.00
  clock network delay (ideal)                             0.00       0.00
  i_cmd_reg_reg_376_/CP (DFQD4BWP30P140)                  0.00 #     0.00 r
  i_cmd_reg_reg_376_/Q (DFQD4BWP30P140)                   0.05       0.05 r
  crossbar_one_hot_comb/i_cmd[376] (crossbar_one_hot_comb_DATA_WIDTH32_NUM_OUTPUT_DATA8_NUM_INPUT_DATA64)
                                                          0.00       0.05 r
  crossbar_one_hot_comb/U4664/ZN (INVD4BWP30P140)         0.01       0.05 f
  crossbar_one_hot_comb/U7505/ZN (ND2OPTIBD6BWP30P140)
                                                          0.01       0.06 r
  crossbar_one_hot_comb/U8523/ZN (INR2D4BWP30P140)        0.01       0.07 f
  crossbar_one_hot_comb/U8496/ZN (ND2OPTIBD4BWP30P140)
                                                          0.01       0.08 r
  crossbar_one_hot_comb/U9243/ZN (INR2D1BWP30P140)        0.01       0.09 f
  crossbar_one_hot_comb/U9244/ZN (INVD2BWP30P140)         0.01       0.10 r
  crossbar_one_hot_comb/U9245/ZN (INVD1BWP30P140)         0.03       0.13 f
  crossbar_one_hot_comb/U14128/ZN (AOI211D1BWP30P140)     0.03       0.16 r
  crossbar_one_hot_comb/U14129/ZN (OAI211D1BWP30P140)     0.03       0.19 f
  crossbar_one_hot_comb/U2233/ZN (AOI21OPTREPBD1BWP30P140)
                                                          0.02       0.21 r
  crossbar_one_hot_comb/U14136/ZN (ND4D1BWP30P140)        0.03       0.24 f
  crossbar_one_hot_comb/U14156/ZN (NR3D0P7BWP30P140)      0.02       0.26 r
  crossbar_one_hot_comb/U3419/ZN (ND3OPTPAD1BWP30P140)
                                                          0.02       0.27 f
  crossbar_one_hot_comb/o_data_bus[6] (crossbar_one_hot_comb_DATA_WIDTH32_NUM_OUTPUT_DATA8_NUM_INPUT_DATA64)
                                                          0.00       0.27 f
  o_data_bus_reg_reg_6_/D (DFQD2BWP30P140)                0.00       0.27 f
  data arrival time                                                  0.27

  clock clk (rise edge)                                   0.33       0.33
  clock network delay (ideal)                             0.00       0.33
  clock uncertainty                                      -0.15       0.18
  o_data_bus_reg_reg_6_/CP (DFQD2BWP30P140)               0.00       0.18 r
  library setup time                                      0.00       0.18
  data required time                                                 0.18
  --------------------------------------------------------------------------
  data required time                                                 0.18
  data arrival time                                                 -0.27
  --------------------------------------------------------------------------
  slack (VIOLATED)                                                  -0.10


1
