 
****************************************
Report : area
Design : linear_network_unicast_seq
Version: J-2014.09-SP3
Date   : Tue Apr 20 13:10:09 2021
****************************************

Library(s) Used:

    tcbn28hpcplusbwp30p140lvttt0p8v25c (File: /usr/scratch/DRBE-shared/TSMC-library/IP/TSMC28_STD_CELLS/unzipped/tcbn28hpcplusbwp30p140lvt_190a/tcbn28hpcplusbwp30p140lvt_180a_nldm/TSMCHOME/digital/Front_End/timing_power_noise/NLDM/tcbn28hpcplusbwp30p140lvt_180a/tcbn28hpcplusbwp30p140lvttt0p8v25c.db)

Number of ports:                          170
Number of nets:                           517
Number of cells:                          479
Number of combinational cells:            242
Number of sequential cells:               237
Number of macros/black boxes:               0
Number of buf/inv:                          1
Number of references:                      10

Combinational area:                122.598002
Buf/Inv area:                        0.252000
Noncombinational area:             497.825984
Macro/Black Box area:                0.000000
Net Interconnect area:      undefined  (Wire load has zero net area)

Total cell area:                   620.423986
Total area:                 undefined

Hierarchical area distribution
------------------------------

                                  Global cell area          Local cell area
                                  ------------------  --------------------------- 
Hierarchical cell                 Absolute   Percent  Combi-    Noncombi-  Black-
                                  Total      Total    national  national   boxes   Design
--------------------------------  ---------  -------  --------  ---------  ------  ---------
linear_network_unicast_seq         620.4240    100.0  122.5980   497.8260  0.0000  linear_network_unicast_seq
--------------------------------  ---------  -------  --------  ---------  ------  ---------
Total                                                 122.5980   497.8260  0.0000

1
