 
****************************************
Report : area
Design : benes_simple_seq
Version: J-2014.09-SP3
Date   : Sat Jun 19 06:08:50 2021
****************************************

Library(s) Used:

    tcbn28hpcplusbwp30p140tt0p8v25c (File: /usr/scratch/DRBE-shared/TSMC-library/IP/TSMC28_STD_CELLS/custom_utils_ck/tsmc_ip/tcbn28hpcplusbwp30p140/nldm/tcbn28hpcplusbwp30p140tt0p8v25c.db)

Number of ports:                        20739
Number of nets:                        174352
Number of cells:                        37261
Number of combinational cells:           8461
Number of sequential cells:             26880
Number of macros/black boxes:               0
Number of buf/inv:                       8461
Number of references:                    1928

Combinational area:             169008.964730
Buf/Inv area:                    58834.188141
Noncombinational area:          293377.137005
Macro/Black Box area:                0.000000
Net Interconnect area:      undefined  (Wire load has zero net area)

Total cell area:                462386.101734
Total area:                 undefined
1
