 
****************************************
Report : area
Design : crossbar_one_hot_seq
Version: Q-2019.12-SP2
Date   : Mon Apr 12 00:02:52 2021
****************************************

Library(s) Used:

    tcbn28hpcplusbwp30p140tt0p8v25c (File: /usr/scratch/will-jianming/TSMC_library/IP/TSMC28_STD_CELLS/custom_utils_ck/tsmc_ip/tcbn28hpcplusbwp30p140/nldm/tcbn28hpcplusbwp30p140tt0p8v25c.db)

Number of ports:                         2891
Number of nets:                         26917
Number of cells:                        24289
Number of combinational cells:          21913
Number of sequential cells:              2376
Number of macros/black boxes:               0
Number of buf/inv:                       3653
Number of references:                     132

Combinational area:              12634.019948
Buf/Inv area:                     1351.224008
Noncombinational area:            4640.957929
Macro/Black Box area:                0.000000
Net Interconnect area:      undefined  (Wire load has zero net area)

Total cell area:                 17274.977877
Total area:                 undefined

Hierarchical area distribution
------------------------------

                                  Global cell area            Local cell area
                                  -------------------  ----------------------------- 
Hierarchical cell                 Absolute    Percent  Combi-      Noncombi-  Black-
                                  Total       Total    national    national   boxes   Design
--------------------------------  ----------  -------  ----------  ---------  ------  ---------
crossbar_one_hot_seq              17274.9779    100.0  12634.0199  4640.9579  0.0000  crossbar_one_hot_seq
--------------------------------  ----------  -------  ----------  ---------  ------  ---------
Total                                                  12634.0199  4640.9579  0.0000

1
