 
****************************************
Report : timing
        -path full
        -delay max
        -max_paths 1
Design : crossbar_one_hot_comb_wrapper_seq
Version: Q-2019.12-SP2
Date   : Mon Apr 12 02:44:47 2021
****************************************

 # A fanout number of 1000 was used for high fanout net computations.

Operating Conditions: tt0p8v25c   Library: tcbn28hpcplusbwp30p140tt0p8v25c
Wire Load Model Mode: segmented

  Startpoint: i_cmd_reg_reg_440_
              (rising edge-triggered flip-flop clocked by clk)
  Endpoint: o_data_bus_reg_reg_11_
            (rising edge-triggered flip-flop clocked by clk)
  Path Group: clk
  Path Type: max

  Des/Clust/Port     Wire Load Model       Library
  ------------------------------------------------
  crossbar_one_hot_comb_wrapper_seq
                     ZeroWireload          tcbn28hpcplusbwp30p140tt0p8v25c
  crossbar_one_hot_comb_DATA_WIDTH32_NUM_OUTPUT_DATA8_NUM_INPUT_DATA64
                     ZeroWireload          tcbn28hpcplusbwp30p140tt0p8v25c

  Point                                                   Incr       Path
  --------------------------------------------------------------------------
  clock clk (rise edge)                                   0.00       0.00
  clock network delay (ideal)                             0.00       0.00
  i_cmd_reg_reg_440_/CP (DFQD4BWP30P140)                  0.00 #     0.00 r
  i_cmd_reg_reg_440_/Q (DFQD4BWP30P140)                   0.05       0.05 f
  crossbar_one_hot_comb/i_cmd[440] (crossbar_one_hot_comb_DATA_WIDTH32_NUM_OUTPUT_DATA8_NUM_INPUT_DATA64)
                                                          0.00       0.05 f
  crossbar_one_hot_comb/U5781/ZN (NR2D3BWP30P140)         0.01       0.06 r
  crossbar_one_hot_comb/U5343/ZN (ND2OPTIBD4BWP30P140)
                                                          0.01       0.08 f
  crossbar_one_hot_comb/U2643/ZN (NR2OPTPAD2BWP30P140)
                                                          0.01       0.09 r
  crossbar_one_hot_comb/U2641/ZN (CKND2D3BWP30P140)       0.01       0.10 f
  crossbar_one_hot_comb/U1596/ZN (INVD2BWP30P140)         0.01       0.11 r
  crossbar_one_hot_comb/U8488/ZN (ND2OPTPAD6BWP30P140)
                                                          0.01       0.12 f
  crossbar_one_hot_comb/U2325/ZN (INVD6BWP30P140)         0.01       0.13 r
  crossbar_one_hot_comb/U2326/ZN (ND2OPTIBD8BWP30P140)
                                                          0.01       0.14 f
  crossbar_one_hot_comb/U11512/ZN (INR2D4BWP30P140)       0.01       0.15 r
  crossbar_one_hot_comb/U11514/ZN (ND2OPTPAD4BWP30P140)
                                                          0.01       0.16 f
  crossbar_one_hot_comb/U7651/Z (BUFFD12BWP30P140)        0.02       0.18 f
  crossbar_one_hot_comb/U12195/ZN (OAI22OPTPBD2BWP30P140)
                                                          0.01       0.19 r
  crossbar_one_hot_comb/U12194/ZN (AOI21OPTREPBD2BWP30P140)
                                                          0.01       0.20 f
  crossbar_one_hot_comb/U12193/ZN (ND3OPTPAD2BWP30P140)
                                                          0.01       0.21 r
  crossbar_one_hot_comb/U12192/ZN (IND3D4BWP30P140)       0.02       0.23 r
  crossbar_one_hot_comb/U12190/ZN (NR3D1P5BWP30P140)      0.01       0.24 f
  crossbar_one_hot_comb/U4278/ZN (OAI21D2BWP30P140)       0.01       0.25 r
  crossbar_one_hot_comb/o_data_bus[11] (crossbar_one_hot_comb_DATA_WIDTH32_NUM_OUTPUT_DATA8_NUM_INPUT_DATA64)
                                                          0.00       0.25 r
  o_data_bus_reg_reg_11_/D (DFQD2BWP30P140)               0.00       0.25 r
  data arrival time                                                  0.25

  clock clk (rise edge)                                   0.33       0.33
  clock network delay (ideal)                             0.00       0.33
  clock uncertainty                                      -0.15       0.18
  o_data_bus_reg_reg_11_/CP (DFQD2BWP30P140)              0.00       0.18 r
  library setup time                                     -0.02       0.16
  data required time                                                 0.16
  --------------------------------------------------------------------------
  data required time                                                 0.16
  data arrival time                                                 -0.25
  --------------------------------------------------------------------------
  slack (VIOLATED)                                                  -0.09


1
