 
****************************************
Report : area
Design : top_1
Version: J-2014.09-SP3
Date   : Mon Jun 29 15:56:04 2020
****************************************

Library(s) Used:

    tcbn28hpcplusbwp30p140tt0p8v25c (File: /home/green1/DKIT/tsmc_muse/IP/TSMC28_STD_CELLS/custom_utils_ck/tsmc_ip/tcbn28hpcplusbwp30p140/nldm/tcbn28hpcplusbwp30p140tt0p8v25c.db)

Number of ports:                          258
Number of nets:                           514
Number of cells:                           68
Number of combinational cells:             64
Number of sequential cells:                 0
Number of macros/black boxes:               0
Number of buf/inv:                         64
Number of references:                       5

Combinational area:                 96.768002
Buf/Inv area:                       32.256001
Noncombinational area:             435.455978
Macro/Black Box area:                0.000000
Net Interconnect area:      undefined  (Wire load has zero net area)

Total cell area:                   532.223980
Total area:                 undefined

Hierarchical area distribution
------------------------------

                                  Global cell area          Local cell area
                                  ------------------  --------------------------- 
Hierarchical cell                 Absolute   Percent  Combi-    Noncombi-  Black-
                                  Total      Total    national  national   boxes   Design
--------------------------------  ---------  -------  --------  ---------  ------  -----------
top_1                              532.2240    100.0   32.2560     0.0000  0.0000  top_1
UI_mux1                             64.5120     12.1   64.5120     0.0000  0.0000  mux
f1                                 145.1520     27.3    0.0000   145.1520  0.0000  flip_flop_0
f2                                 145.1520     27.3    0.0000   145.1520  0.0000  flip_flop_2
f3                                 145.1520     27.3    0.0000   145.1520  0.0000  flip_flop_1
--------------------------------  ---------  -------  --------  ---------  ------  -----------
Total                                                  96.7680   435.4560  0.0000

1
