 
****************************************
Report : area
Design : crossbar_one_hot_seq
Version: Q-2019.12-SP2
Date   : Tue Apr 13 16:20:04 2021
****************************************

Library(s) Used:

    tcbn28hpcplusbwp30p140lvttt0p8v25c (File: /usr/scratch/DRBE-shared/TSMC-library/IP/TSMC28_STD_CELLS/unzipped/tcbn28hpcplusbwp30p140lvt_190a/tcbn28hpcplusbwp30p140lvt_180a_nldm/TSMCHOME/digital/Front_End/timing_power_noise/NLDM/tcbn28hpcplusbwp30p140lvt_180a/tcbn28hpcplusbwp30p140lvttt0p8v25c.db)

Number of ports:                         1579
Number of nets:                         18123
Number of cells:                        16741
Number of combinational cells:          10141
Number of sequential cells:              6600
Number of macros/black boxes:               0
Number of buf/inv:                       1689
Number of references:                      71

Combinational area:               6321.294039
Buf/Inv area:                      542.808006
Noncombinational area:           12610.079876
Macro/Black Box area:                0.000000
Net Interconnect area:      undefined  (Wire load has zero net area)

Total cell area:                 18931.373915
Total area:                 undefined

Hierarchical area distribution
------------------------------

                                  Global cell area            Local cell area
                                  -------------------  ----------------------------- 
Hierarchical cell                 Absolute    Percent  Combi-     Noncombi-   Black-
                                  Total       Total    national   national    boxes   Design
--------------------------------  ----------  -------  ---------  ----------  ------  ---------
crossbar_one_hot_seq              18931.3739    100.0  6321.2940  12610.0799  0.0000  crossbar_one_hot_seq
--------------------------------  ----------  -------  ---------  ----------  ------  ---------
Total                                                  6321.2940  12610.0799  0.0000

1
