 
****************************************
Report : area
Design : crossbar_one_hot_seq
Version: J-2014.09-SP3
Date   : Mon Jun 21 01:59:43 2021
****************************************

Library(s) Used:

    tcbn28hpcplusbwp30p140lvttt0p8v25c (File: /usr/scratch/DRBE-shared/TSMC-library/IP/TSMC28_STD_CELLS/unzipped/tcbn28hpcplusbwp30p140lvt_190a/tcbn28hpcplusbwp30p140lvt_180a_nldm/TSMCHOME/digital/Front_End/timing_power_noise/NLDM/tcbn28hpcplusbwp30p140lvt_180a/tcbn28hpcplusbwp30p140lvttt0p8v25c.db)

Number of ports:                         6803
Number of nets:                         76964
Number of cells:                          801
Number of combinational cells:            529
Number of sequential cells:                 0
Number of macros/black boxes:               0
Number of buf/inv:                        529
Number of references:                     274

Combinational area:             102654.972572
Buf/Inv area:                     6475.895984
Noncombinational area:          268622.547770
Macro/Black Box area:                0.000000
Net Interconnect area:      undefined  (Wire load has zero net area)

Total cell area:                371277.520342
Total area:                 undefined

Hierarchical area distribution
------------------------------

                                  Global cell area              Local cell area
                                  --------------------  -------------------------------- 
Hierarchical cell                 Absolute     Percent  Combi-       Noncombi-    Black-
                                  Total        Total    national     national     boxes   Design
--------------------------------  -----------  -------  -----------  -----------  ------  --------------------------------------------------------------------------------
crossbar_one_hot_seq              371277.5203    100.0     596.3580       0.0000  0.0000  crossbar_one_hot_seq
bottom_half_0__mux_tree             4288.9140      1.2    4225.1580      63.7560  0.0000  mux_tree_128_1_seq_DATA_WIDTH32_NUM_OUTPUT_DATA1_NUM_INPUT_DATA128_0
bottom_half_10__mux_tree            4182.1920      1.1    4118.8140      63.3780  0.0000  mux_tree_128_1_seq_DATA_WIDTH32_NUM_OUTPUT_DATA1_NUM_INPUT_DATA128_6
bottom_half_11__mux_tree            4307.5620      1.2    4244.3100      63.2520  0.0000  mux_tree_128_1_seq_DATA_WIDTH32_NUM_OUTPUT_DATA1_NUM_INPUT_DATA128_5
bottom_half_12__mux_tree            4263.8400      1.1    4201.4700      62.3700  0.0000  mux_tree_128_1_seq_DATA_WIDTH32_NUM_OUTPUT_DATA1_NUM_INPUT_DATA128_4
bottom_half_13__mux_tree            4013.9820      1.1    3948.7140      65.2680  0.0000  mux_tree_128_1_seq_DATA_WIDTH32_NUM_OUTPUT_DATA1_NUM_INPUT_DATA128_3
bottom_half_14__mux_tree            4233.8520      1.1    4171.4820      62.3700  0.0000  mux_tree_128_1_seq_DATA_WIDTH32_NUM_OUTPUT_DATA1_NUM_INPUT_DATA128_2
bottom_half_15__mux_tree            4225.5360      1.1    4162.9140      62.6220  0.0000  mux_tree_128_1_seq_DATA_WIDTH32_NUM_OUTPUT_DATA1_NUM_INPUT_DATA128_1
bottom_half_1__mux_tree             4117.0500      1.1    4054.4280      62.6220  0.0000  mux_tree_128_1_seq_DATA_WIDTH32_NUM_OUTPUT_DATA1_NUM_INPUT_DATA128_15
bottom_half_2__mux_tree             4140.4860      1.1    4074.8400      65.6460  0.0000  mux_tree_128_1_seq_DATA_WIDTH32_NUM_OUTPUT_DATA1_NUM_INPUT_DATA128_14
bottom_half_3__mux_tree             4186.9800      1.1    4124.6100      62.3700  0.0000  mux_tree_128_1_seq_DATA_WIDTH32_NUM_OUTPUT_DATA1_NUM_INPUT_DATA128_13
bottom_half_4__mux_tree             4296.6000      1.2    4233.2220      63.3780  0.0000  mux_tree_128_1_seq_DATA_WIDTH32_NUM_OUTPUT_DATA1_NUM_INPUT_DATA128_12
bottom_half_5__mux_tree             4263.2100      1.1    4200.5880      62.6220  0.0000  mux_tree_128_1_seq_DATA_WIDTH32_NUM_OUTPUT_DATA1_NUM_INPUT_DATA128_11
bottom_half_6__mux_tree             4227.9300      1.1    4165.1820      62.7480  0.0000  mux_tree_128_1_seq_DATA_WIDTH32_NUM_OUTPUT_DATA1_NUM_INPUT_DATA128_10
bottom_half_7__mux_tree             4268.6280      1.1    4206.2580      62.3700  0.0000  mux_tree_128_1_seq_DATA_WIDTH32_NUM_OUTPUT_DATA1_NUM_INPUT_DATA128_9
bottom_half_8__mux_tree             4306.8060      1.2    4243.1760      63.6300  0.0000  mux_tree_128_1_seq_DATA_WIDTH32_NUM_OUTPUT_DATA1_NUM_INPUT_DATA128_8
bottom_half_9__mux_tree             4338.4320      1.2    4274.9280      63.5040  0.0000  mux_tree_128_1_seq_DATA_WIDTH32_NUM_OUTPUT_DATA1_NUM_INPUT_DATA128_7
i_cmd_id_0__cmd_pipeline             165.8160      0.0       8.5680     157.2480  0.0000  cmd_wire_binary_tree_1_16_seq_DATA_WIDTH32_NUM_OUTPUT_DATA16_NUM_INPUT_DATA1_0
i_cmd_id_100__cmd_pipeline           165.8160      0.0       8.5680     157.2480  0.0000  cmd_wire_binary_tree_1_16_seq_DATA_WIDTH32_NUM_OUTPUT_DATA16_NUM_INPUT_DATA1_28
i_cmd_id_101__cmd_pipeline           165.8160      0.0       8.5680     157.2480  0.0000  cmd_wire_binary_tree_1_16_seq_DATA_WIDTH32_NUM_OUTPUT_DATA16_NUM_INPUT_DATA1_27
i_cmd_id_102__cmd_pipeline           165.8160      0.0       8.5680     157.2480  0.0000  cmd_wire_binary_tree_1_16_seq_DATA_WIDTH32_NUM_OUTPUT_DATA16_NUM_INPUT_DATA1_26
i_cmd_id_103__cmd_pipeline           165.8160      0.0       8.5680     157.2480  0.0000  cmd_wire_binary_tree_1_16_seq_DATA_WIDTH32_NUM_OUTPUT_DATA16_NUM_INPUT_DATA1_25
i_cmd_id_104__cmd_pipeline           165.8160      0.0       8.5680     157.2480  0.0000  cmd_wire_binary_tree_1_16_seq_DATA_WIDTH32_NUM_OUTPUT_DATA16_NUM_INPUT_DATA1_24
i_cmd_id_105__cmd_pipeline           165.0600      0.0       8.5680     156.4920  0.0000  cmd_wire_binary_tree_1_16_seq_DATA_WIDTH32_NUM_OUTPUT_DATA16_NUM_INPUT_DATA1_23
i_cmd_id_106__cmd_pipeline           165.8160      0.0       8.5680     157.2480  0.0000  cmd_wire_binary_tree_1_16_seq_DATA_WIDTH32_NUM_OUTPUT_DATA16_NUM_INPUT_DATA1_22
i_cmd_id_107__cmd_pipeline           165.8160      0.0       8.5680     157.2480  0.0000  cmd_wire_binary_tree_1_16_seq_DATA_WIDTH32_NUM_OUTPUT_DATA16_NUM_INPUT_DATA1_21
i_cmd_id_108__cmd_pipeline           165.8160      0.0       8.5680     157.2480  0.0000  cmd_wire_binary_tree_1_16_seq_DATA_WIDTH32_NUM_OUTPUT_DATA16_NUM_INPUT_DATA1_20
i_cmd_id_109__cmd_pipeline           165.8160      0.0       8.5680     157.2480  0.0000  cmd_wire_binary_tree_1_16_seq_DATA_WIDTH32_NUM_OUTPUT_DATA16_NUM_INPUT_DATA1_19
i_cmd_id_10__cmd_pipeline            165.8160      0.0       8.5680     157.2480  0.0000  cmd_wire_binary_tree_1_16_seq_DATA_WIDTH32_NUM_OUTPUT_DATA16_NUM_INPUT_DATA1_118
i_cmd_id_110__cmd_pipeline           165.8160      0.0       8.5680     157.2480  0.0000  cmd_wire_binary_tree_1_16_seq_DATA_WIDTH32_NUM_OUTPUT_DATA16_NUM_INPUT_DATA1_18
i_cmd_id_111__cmd_pipeline           165.8160      0.0       8.5680     157.2480  0.0000  cmd_wire_binary_tree_1_16_seq_DATA_WIDTH32_NUM_OUTPUT_DATA16_NUM_INPUT_DATA1_17
i_cmd_id_112__cmd_pipeline           165.8160      0.0       8.5680     157.2480  0.0000  cmd_wire_binary_tree_1_16_seq_DATA_WIDTH32_NUM_OUTPUT_DATA16_NUM_INPUT_DATA1_16
i_cmd_id_113__cmd_pipeline           165.8160      0.0       8.5680     157.2480  0.0000  cmd_wire_binary_tree_1_16_seq_DATA_WIDTH32_NUM_OUTPUT_DATA16_NUM_INPUT_DATA1_15
i_cmd_id_114__cmd_pipeline           165.8160      0.0       8.5680     157.2480  0.0000  cmd_wire_binary_tree_1_16_seq_DATA_WIDTH32_NUM_OUTPUT_DATA16_NUM_INPUT_DATA1_14
i_cmd_id_115__cmd_pipeline           165.8160      0.0       8.5680     157.2480  0.0000  cmd_wire_binary_tree_1_16_seq_DATA_WIDTH32_NUM_OUTPUT_DATA16_NUM_INPUT_DATA1_13
i_cmd_id_116__cmd_pipeline           165.8160      0.0       8.5680     157.2480  0.0000  cmd_wire_binary_tree_1_16_seq_DATA_WIDTH32_NUM_OUTPUT_DATA16_NUM_INPUT_DATA1_12
i_cmd_id_117__cmd_pipeline           165.8160      0.0       8.5680     157.2480  0.0000  cmd_wire_binary_tree_1_16_seq_DATA_WIDTH32_NUM_OUTPUT_DATA16_NUM_INPUT_DATA1_11
i_cmd_id_118__cmd_pipeline           165.8160      0.0       8.5680     157.2480  0.0000  cmd_wire_binary_tree_1_16_seq_DATA_WIDTH32_NUM_OUTPUT_DATA16_NUM_INPUT_DATA1_10
i_cmd_id_119__cmd_pipeline           165.8160      0.0       8.5680     157.2480  0.0000  cmd_wire_binary_tree_1_16_seq_DATA_WIDTH32_NUM_OUTPUT_DATA16_NUM_INPUT_DATA1_9
i_cmd_id_11__cmd_pipeline            165.8160      0.0       8.5680     157.2480  0.0000  cmd_wire_binary_tree_1_16_seq_DATA_WIDTH32_NUM_OUTPUT_DATA16_NUM_INPUT_DATA1_117
i_cmd_id_120__cmd_pipeline           165.8160      0.0       8.5680     157.2480  0.0000  cmd_wire_binary_tree_1_16_seq_DATA_WIDTH32_NUM_OUTPUT_DATA16_NUM_INPUT_DATA1_8
i_cmd_id_121__cmd_pipeline           165.8160      0.0       8.5680     157.2480  0.0000  cmd_wire_binary_tree_1_16_seq_DATA_WIDTH32_NUM_OUTPUT_DATA16_NUM_INPUT_DATA1_7
i_cmd_id_122__cmd_pipeline           165.8160      0.0       8.5680     157.2480  0.0000  cmd_wire_binary_tree_1_16_seq_DATA_WIDTH32_NUM_OUTPUT_DATA16_NUM_INPUT_DATA1_6
i_cmd_id_123__cmd_pipeline           165.8160      0.0       8.5680     157.2480  0.0000  cmd_wire_binary_tree_1_16_seq_DATA_WIDTH32_NUM_OUTPUT_DATA16_NUM_INPUT_DATA1_5
i_cmd_id_124__cmd_pipeline           165.8160      0.0       8.5680     157.2480  0.0000  cmd_wire_binary_tree_1_16_seq_DATA_WIDTH32_NUM_OUTPUT_DATA16_NUM_INPUT_DATA1_4
i_cmd_id_125__cmd_pipeline           165.8160      0.0       8.5680     157.2480  0.0000  cmd_wire_binary_tree_1_16_seq_DATA_WIDTH32_NUM_OUTPUT_DATA16_NUM_INPUT_DATA1_3
i_cmd_id_126__cmd_pipeline           165.8160      0.0       8.5680     157.2480  0.0000  cmd_wire_binary_tree_1_16_seq_DATA_WIDTH32_NUM_OUTPUT_DATA16_NUM_INPUT_DATA1_2
i_cmd_id_127__cmd_pipeline           165.8160      0.0       9.0720     156.7440  0.0000  cmd_wire_binary_tree_1_16_seq_DATA_WIDTH32_NUM_OUTPUT_DATA16_NUM_INPUT_DATA1_1
i_cmd_id_12__cmd_pipeline            165.8160      0.0       8.5680     157.2480  0.0000  cmd_wire_binary_tree_1_16_seq_DATA_WIDTH32_NUM_OUTPUT_DATA16_NUM_INPUT_DATA1_116
i_cmd_id_13__cmd_pipeline            165.8160      0.0       8.5680     157.2480  0.0000  cmd_wire_binary_tree_1_16_seq_DATA_WIDTH32_NUM_OUTPUT_DATA16_NUM_INPUT_DATA1_115
i_cmd_id_14__cmd_pipeline            165.8160      0.0       8.5680     157.2480  0.0000  cmd_wire_binary_tree_1_16_seq_DATA_WIDTH32_NUM_OUTPUT_DATA16_NUM_INPUT_DATA1_114
i_cmd_id_15__cmd_pipeline            165.8160      0.0       8.5680     157.2480  0.0000  cmd_wire_binary_tree_1_16_seq_DATA_WIDTH32_NUM_OUTPUT_DATA16_NUM_INPUT_DATA1_113
i_cmd_id_16__cmd_pipeline            165.8160      0.0       8.5680     157.2480  0.0000  cmd_wire_binary_tree_1_16_seq_DATA_WIDTH32_NUM_OUTPUT_DATA16_NUM_INPUT_DATA1_112
i_cmd_id_17__cmd_pipeline            165.8160      0.0       8.5680     157.2480  0.0000  cmd_wire_binary_tree_1_16_seq_DATA_WIDTH32_NUM_OUTPUT_DATA16_NUM_INPUT_DATA1_111
i_cmd_id_18__cmd_pipeline            165.8160      0.0       8.5680     157.2480  0.0000  cmd_wire_binary_tree_1_16_seq_DATA_WIDTH32_NUM_OUTPUT_DATA16_NUM_INPUT_DATA1_110
i_cmd_id_19__cmd_pipeline            165.8160      0.0       8.5680     157.2480  0.0000  cmd_wire_binary_tree_1_16_seq_DATA_WIDTH32_NUM_OUTPUT_DATA16_NUM_INPUT_DATA1_109
i_cmd_id_1__cmd_pipeline             165.8160      0.0       8.5680     157.2480  0.0000  cmd_wire_binary_tree_1_16_seq_DATA_WIDTH32_NUM_OUTPUT_DATA16_NUM_INPUT_DATA1_127
i_cmd_id_20__cmd_pipeline            165.8160      0.0       8.5680     157.2480  0.0000  cmd_wire_binary_tree_1_16_seq_DATA_WIDTH32_NUM_OUTPUT_DATA16_NUM_INPUT_DATA1_108
i_cmd_id_21__cmd_pipeline            165.8160      0.0       8.5680     157.2480  0.0000  cmd_wire_binary_tree_1_16_seq_DATA_WIDTH32_NUM_OUTPUT_DATA16_NUM_INPUT_DATA1_107
i_cmd_id_22__cmd_pipeline            165.8160      0.0       8.5680     157.2480  0.0000  cmd_wire_binary_tree_1_16_seq_DATA_WIDTH32_NUM_OUTPUT_DATA16_NUM_INPUT_DATA1_106
i_cmd_id_23__cmd_pipeline            165.8160      0.0       8.5680     157.2480  0.0000  cmd_wire_binary_tree_1_16_seq_DATA_WIDTH32_NUM_OUTPUT_DATA16_NUM_INPUT_DATA1_105
i_cmd_id_24__cmd_pipeline            165.8160      0.0       8.5680     157.2480  0.0000  cmd_wire_binary_tree_1_16_seq_DATA_WIDTH32_NUM_OUTPUT_DATA16_NUM_INPUT_DATA1_104
i_cmd_id_25__cmd_pipeline            165.8160      0.0       8.5680     157.2480  0.0000  cmd_wire_binary_tree_1_16_seq_DATA_WIDTH32_NUM_OUTPUT_DATA16_NUM_INPUT_DATA1_103
i_cmd_id_26__cmd_pipeline            165.8160      0.0       8.5680     157.2480  0.0000  cmd_wire_binary_tree_1_16_seq_DATA_WIDTH32_NUM_OUTPUT_DATA16_NUM_INPUT_DATA1_102
i_cmd_id_27__cmd_pipeline            165.8160      0.0       8.5680     157.2480  0.0000  cmd_wire_binary_tree_1_16_seq_DATA_WIDTH32_NUM_OUTPUT_DATA16_NUM_INPUT_DATA1_101
i_cmd_id_28__cmd_pipeline            165.8160      0.0       8.5680     157.2480  0.0000  cmd_wire_binary_tree_1_16_seq_DATA_WIDTH32_NUM_OUTPUT_DATA16_NUM_INPUT_DATA1_100
i_cmd_id_29__cmd_pipeline            165.8160      0.0       8.5680     157.2480  0.0000  cmd_wire_binary_tree_1_16_seq_DATA_WIDTH32_NUM_OUTPUT_DATA16_NUM_INPUT_DATA1_99
i_cmd_id_2__cmd_pipeline             165.8160      0.0       8.5680     157.2480  0.0000  cmd_wire_binary_tree_1_16_seq_DATA_WIDTH32_NUM_OUTPUT_DATA16_NUM_INPUT_DATA1_126
i_cmd_id_30__cmd_pipeline            165.8160      0.0       8.5680     157.2480  0.0000  cmd_wire_binary_tree_1_16_seq_DATA_WIDTH32_NUM_OUTPUT_DATA16_NUM_INPUT_DATA1_98
i_cmd_id_31__cmd_pipeline            165.8160      0.0       8.5680     157.2480  0.0000  cmd_wire_binary_tree_1_16_seq_DATA_WIDTH32_NUM_OUTPUT_DATA16_NUM_INPUT_DATA1_97
i_cmd_id_32__cmd_pipeline            165.8160      0.0       8.5680     157.2480  0.0000  cmd_wire_binary_tree_1_16_seq_DATA_WIDTH32_NUM_OUTPUT_DATA16_NUM_INPUT_DATA1_96
i_cmd_id_33__cmd_pipeline            165.8160      0.0       8.5680     157.2480  0.0000  cmd_wire_binary_tree_1_16_seq_DATA_WIDTH32_NUM_OUTPUT_DATA16_NUM_INPUT_DATA1_95
i_cmd_id_34__cmd_pipeline            165.8160      0.0       8.5680     157.2480  0.0000  cmd_wire_binary_tree_1_16_seq_DATA_WIDTH32_NUM_OUTPUT_DATA16_NUM_INPUT_DATA1_94
i_cmd_id_35__cmd_pipeline            165.8160      0.0       8.5680     157.2480  0.0000  cmd_wire_binary_tree_1_16_seq_DATA_WIDTH32_NUM_OUTPUT_DATA16_NUM_INPUT_DATA1_93
i_cmd_id_36__cmd_pipeline            165.8160      0.0       8.5680     157.2480  0.0000  cmd_wire_binary_tree_1_16_seq_DATA_WIDTH32_NUM_OUTPUT_DATA16_NUM_INPUT_DATA1_92
i_cmd_id_37__cmd_pipeline            165.8160      0.0       8.5680     157.2480  0.0000  cmd_wire_binary_tree_1_16_seq_DATA_WIDTH32_NUM_OUTPUT_DATA16_NUM_INPUT_DATA1_91
i_cmd_id_38__cmd_pipeline            165.8160      0.0       8.5680     157.2480  0.0000  cmd_wire_binary_tree_1_16_seq_DATA_WIDTH32_NUM_OUTPUT_DATA16_NUM_INPUT_DATA1_90
i_cmd_id_39__cmd_pipeline            165.8160      0.0       8.5680     157.2480  0.0000  cmd_wire_binary_tree_1_16_seq_DATA_WIDTH32_NUM_OUTPUT_DATA16_NUM_INPUT_DATA1_89
i_cmd_id_3__cmd_pipeline             165.8160      0.0       8.5680     157.2480  0.0000  cmd_wire_binary_tree_1_16_seq_DATA_WIDTH32_NUM_OUTPUT_DATA16_NUM_INPUT_DATA1_125
i_cmd_id_40__cmd_pipeline            165.8160      0.0       8.5680     157.2480  0.0000  cmd_wire_binary_tree_1_16_seq_DATA_WIDTH32_NUM_OUTPUT_DATA16_NUM_INPUT_DATA1_88
i_cmd_id_41__cmd_pipeline            165.8160      0.0       8.5680     157.2480  0.0000  cmd_wire_binary_tree_1_16_seq_DATA_WIDTH32_NUM_OUTPUT_DATA16_NUM_INPUT_DATA1_87
i_cmd_id_42__cmd_pipeline            165.8160      0.0       8.5680     157.2480  0.0000  cmd_wire_binary_tree_1_16_seq_DATA_WIDTH32_NUM_OUTPUT_DATA16_NUM_INPUT_DATA1_86
i_cmd_id_43__cmd_pipeline            165.8160      0.0       8.5680     157.2480  0.0000  cmd_wire_binary_tree_1_16_seq_DATA_WIDTH32_NUM_OUTPUT_DATA16_NUM_INPUT_DATA1_85
i_cmd_id_44__cmd_pipeline            165.8160      0.0       8.5680     157.2480  0.0000  cmd_wire_binary_tree_1_16_seq_DATA_WIDTH32_NUM_OUTPUT_DATA16_NUM_INPUT_DATA1_84
i_cmd_id_45__cmd_pipeline            165.8160      0.0       8.5680     157.2480  0.0000  cmd_wire_binary_tree_1_16_seq_DATA_WIDTH32_NUM_OUTPUT_DATA16_NUM_INPUT_DATA1_83
i_cmd_id_46__cmd_pipeline            165.8160      0.0       8.5680     157.2480  0.0000  cmd_wire_binary_tree_1_16_seq_DATA_WIDTH32_NUM_OUTPUT_DATA16_NUM_INPUT_DATA1_82
i_cmd_id_47__cmd_pipeline            165.8160      0.0       8.5680     157.2480  0.0000  cmd_wire_binary_tree_1_16_seq_DATA_WIDTH32_NUM_OUTPUT_DATA16_NUM_INPUT_DATA1_81
i_cmd_id_48__cmd_pipeline            165.8160      0.0       8.5680     157.2480  0.0000  cmd_wire_binary_tree_1_16_seq_DATA_WIDTH32_NUM_OUTPUT_DATA16_NUM_INPUT_DATA1_80
i_cmd_id_49__cmd_pipeline            165.8160      0.0       8.5680     157.2480  0.0000  cmd_wire_binary_tree_1_16_seq_DATA_WIDTH32_NUM_OUTPUT_DATA16_NUM_INPUT_DATA1_79
i_cmd_id_4__cmd_pipeline             165.8160      0.0       8.5680     157.2480  0.0000  cmd_wire_binary_tree_1_16_seq_DATA_WIDTH32_NUM_OUTPUT_DATA16_NUM_INPUT_DATA1_124
i_cmd_id_50__cmd_pipeline            165.8160      0.0       8.5680     157.2480  0.0000  cmd_wire_binary_tree_1_16_seq_DATA_WIDTH32_NUM_OUTPUT_DATA16_NUM_INPUT_DATA1_78
i_cmd_id_51__cmd_pipeline            165.8160      0.0       8.5680     157.2480  0.0000  cmd_wire_binary_tree_1_16_seq_DATA_WIDTH32_NUM_OUTPUT_DATA16_NUM_INPUT_DATA1_77
i_cmd_id_52__cmd_pipeline            165.8160      0.0       8.5680     157.2480  0.0000  cmd_wire_binary_tree_1_16_seq_DATA_WIDTH32_NUM_OUTPUT_DATA16_NUM_INPUT_DATA1_76
i_cmd_id_53__cmd_pipeline            165.8160      0.0       8.5680     157.2480  0.0000  cmd_wire_binary_tree_1_16_seq_DATA_WIDTH32_NUM_OUTPUT_DATA16_NUM_INPUT_DATA1_75
i_cmd_id_54__cmd_pipeline            165.8160      0.0       8.5680     157.2480  0.0000  cmd_wire_binary_tree_1_16_seq_DATA_WIDTH32_NUM_OUTPUT_DATA16_NUM_INPUT_DATA1_74
i_cmd_id_55__cmd_pipeline            165.8160      0.0       8.5680     157.2480  0.0000  cmd_wire_binary_tree_1_16_seq_DATA_WIDTH32_NUM_OUTPUT_DATA16_NUM_INPUT_DATA1_73
i_cmd_id_56__cmd_pipeline            165.8160      0.0       8.5680     157.2480  0.0000  cmd_wire_binary_tree_1_16_seq_DATA_WIDTH32_NUM_OUTPUT_DATA16_NUM_INPUT_DATA1_72
i_cmd_id_57__cmd_pipeline            165.8160      0.0       8.5680     157.2480  0.0000  cmd_wire_binary_tree_1_16_seq_DATA_WIDTH32_NUM_OUTPUT_DATA16_NUM_INPUT_DATA1_71
i_cmd_id_58__cmd_pipeline            165.8160      0.0       8.5680     157.2480  0.0000  cmd_wire_binary_tree_1_16_seq_DATA_WIDTH32_NUM_OUTPUT_DATA16_NUM_INPUT_DATA1_70
i_cmd_id_59__cmd_pipeline            165.8160      0.0       8.5680     157.2480  0.0000  cmd_wire_binary_tree_1_16_seq_DATA_WIDTH32_NUM_OUTPUT_DATA16_NUM_INPUT_DATA1_69
i_cmd_id_5__cmd_pipeline             165.8160      0.0       8.5680     157.2480  0.0000  cmd_wire_binary_tree_1_16_seq_DATA_WIDTH32_NUM_OUTPUT_DATA16_NUM_INPUT_DATA1_123
i_cmd_id_60__cmd_pipeline            165.8160      0.0       8.5680     157.2480  0.0000  cmd_wire_binary_tree_1_16_seq_DATA_WIDTH32_NUM_OUTPUT_DATA16_NUM_INPUT_DATA1_68
i_cmd_id_61__cmd_pipeline            165.8160      0.0       8.5680     157.2480  0.0000  cmd_wire_binary_tree_1_16_seq_DATA_WIDTH32_NUM_OUTPUT_DATA16_NUM_INPUT_DATA1_67
i_cmd_id_62__cmd_pipeline            165.8160      0.0       8.5680     157.2480  0.0000  cmd_wire_binary_tree_1_16_seq_DATA_WIDTH32_NUM_OUTPUT_DATA16_NUM_INPUT_DATA1_66
i_cmd_id_63__cmd_pipeline            165.8160      0.0       8.5680     157.2480  0.0000  cmd_wire_binary_tree_1_16_seq_DATA_WIDTH32_NUM_OUTPUT_DATA16_NUM_INPUT_DATA1_65
i_cmd_id_64__cmd_pipeline            165.8160      0.0       8.5680     157.2480  0.0000  cmd_wire_binary_tree_1_16_seq_DATA_WIDTH32_NUM_OUTPUT_DATA16_NUM_INPUT_DATA1_64
i_cmd_id_65__cmd_pipeline            165.8160      0.0       8.5680     157.2480  0.0000  cmd_wire_binary_tree_1_16_seq_DATA_WIDTH32_NUM_OUTPUT_DATA16_NUM_INPUT_DATA1_63
i_cmd_id_66__cmd_pipeline            165.8160      0.0       8.5680     157.2480  0.0000  cmd_wire_binary_tree_1_16_seq_DATA_WIDTH32_NUM_OUTPUT_DATA16_NUM_INPUT_DATA1_62
i_cmd_id_67__cmd_pipeline            165.8160      0.0       8.5680     157.2480  0.0000  cmd_wire_binary_tree_1_16_seq_DATA_WIDTH32_NUM_OUTPUT_DATA16_NUM_INPUT_DATA1_61
i_cmd_id_68__cmd_pipeline            165.8160      0.0       8.5680     157.2480  0.0000  cmd_wire_binary_tree_1_16_seq_DATA_WIDTH32_NUM_OUTPUT_DATA16_NUM_INPUT_DATA1_60
i_cmd_id_69__cmd_pipeline            165.8160      0.0       8.5680     157.2480  0.0000  cmd_wire_binary_tree_1_16_seq_DATA_WIDTH32_NUM_OUTPUT_DATA16_NUM_INPUT_DATA1_59
i_cmd_id_6__cmd_pipeline             165.8160      0.0       8.5680     157.2480  0.0000  cmd_wire_binary_tree_1_16_seq_DATA_WIDTH32_NUM_OUTPUT_DATA16_NUM_INPUT_DATA1_122
i_cmd_id_70__cmd_pipeline            165.8160      0.0       8.5680     157.2480  0.0000  cmd_wire_binary_tree_1_16_seq_DATA_WIDTH32_NUM_OUTPUT_DATA16_NUM_INPUT_DATA1_58
i_cmd_id_71__cmd_pipeline            165.8160      0.0       8.5680     157.2480  0.0000  cmd_wire_binary_tree_1_16_seq_DATA_WIDTH32_NUM_OUTPUT_DATA16_NUM_INPUT_DATA1_57
i_cmd_id_72__cmd_pipeline            165.8160      0.0       8.5680     157.2480  0.0000  cmd_wire_binary_tree_1_16_seq_DATA_WIDTH32_NUM_OUTPUT_DATA16_NUM_INPUT_DATA1_56
i_cmd_id_73__cmd_pipeline            165.8160      0.0       8.5680     157.2480  0.0000  cmd_wire_binary_tree_1_16_seq_DATA_WIDTH32_NUM_OUTPUT_DATA16_NUM_INPUT_DATA1_55
i_cmd_id_74__cmd_pipeline            165.8160      0.0       8.5680     157.2480  0.0000  cmd_wire_binary_tree_1_16_seq_DATA_WIDTH32_NUM_OUTPUT_DATA16_NUM_INPUT_DATA1_54
i_cmd_id_75__cmd_pipeline            165.8160      0.0       8.5680     157.2480  0.0000  cmd_wire_binary_tree_1_16_seq_DATA_WIDTH32_NUM_OUTPUT_DATA16_NUM_INPUT_DATA1_53
i_cmd_id_76__cmd_pipeline            165.8160      0.0       8.5680     157.2480  0.0000  cmd_wire_binary_tree_1_16_seq_DATA_WIDTH32_NUM_OUTPUT_DATA16_NUM_INPUT_DATA1_52
i_cmd_id_77__cmd_pipeline            165.8160      0.0       8.5680     157.2480  0.0000  cmd_wire_binary_tree_1_16_seq_DATA_WIDTH32_NUM_OUTPUT_DATA16_NUM_INPUT_DATA1_51
i_cmd_id_78__cmd_pipeline            165.8160      0.0       8.5680     157.2480  0.0000  cmd_wire_binary_tree_1_16_seq_DATA_WIDTH32_NUM_OUTPUT_DATA16_NUM_INPUT_DATA1_50
i_cmd_id_79__cmd_pipeline            165.8160      0.0       8.5680     157.2480  0.0000  cmd_wire_binary_tree_1_16_seq_DATA_WIDTH32_NUM_OUTPUT_DATA16_NUM_INPUT_DATA1_49
i_cmd_id_7__cmd_pipeline             165.8160      0.0       8.5680     157.2480  0.0000  cmd_wire_binary_tree_1_16_seq_DATA_WIDTH32_NUM_OUTPUT_DATA16_NUM_INPUT_DATA1_121
i_cmd_id_80__cmd_pipeline            165.8160      0.0       8.5680     157.2480  0.0000  cmd_wire_binary_tree_1_16_seq_DATA_WIDTH32_NUM_OUTPUT_DATA16_NUM_INPUT_DATA1_48
i_cmd_id_81__cmd_pipeline            165.8160      0.0       8.5680     157.2480  0.0000  cmd_wire_binary_tree_1_16_seq_DATA_WIDTH32_NUM_OUTPUT_DATA16_NUM_INPUT_DATA1_47
i_cmd_id_82__cmd_pipeline            165.8160      0.0       8.5680     157.2480  0.0000  cmd_wire_binary_tree_1_16_seq_DATA_WIDTH32_NUM_OUTPUT_DATA16_NUM_INPUT_DATA1_46
i_cmd_id_83__cmd_pipeline            165.8160      0.0       8.5680     157.2480  0.0000  cmd_wire_binary_tree_1_16_seq_DATA_WIDTH32_NUM_OUTPUT_DATA16_NUM_INPUT_DATA1_45
i_cmd_id_84__cmd_pipeline            165.8160      0.0       8.5680     157.2480  0.0000  cmd_wire_binary_tree_1_16_seq_DATA_WIDTH32_NUM_OUTPUT_DATA16_NUM_INPUT_DATA1_44
i_cmd_id_85__cmd_pipeline            165.8160      0.0       8.5680     157.2480  0.0000  cmd_wire_binary_tree_1_16_seq_DATA_WIDTH32_NUM_OUTPUT_DATA16_NUM_INPUT_DATA1_43
i_cmd_id_86__cmd_pipeline            165.8160      0.0       8.5680     157.2480  0.0000  cmd_wire_binary_tree_1_16_seq_DATA_WIDTH32_NUM_OUTPUT_DATA16_NUM_INPUT_DATA1_42
i_cmd_id_87__cmd_pipeline            165.8160      0.0       8.5680     157.2480  0.0000  cmd_wire_binary_tree_1_16_seq_DATA_WIDTH32_NUM_OUTPUT_DATA16_NUM_INPUT_DATA1_41
i_cmd_id_88__cmd_pipeline            165.8160      0.0       8.5680     157.2480  0.0000  cmd_wire_binary_tree_1_16_seq_DATA_WIDTH32_NUM_OUTPUT_DATA16_NUM_INPUT_DATA1_40
i_cmd_id_89__cmd_pipeline            165.8160      0.0       8.5680     157.2480  0.0000  cmd_wire_binary_tree_1_16_seq_DATA_WIDTH32_NUM_OUTPUT_DATA16_NUM_INPUT_DATA1_39
i_cmd_id_8__cmd_pipeline             165.8160      0.0       8.5680     157.2480  0.0000  cmd_wire_binary_tree_1_16_seq_DATA_WIDTH32_NUM_OUTPUT_DATA16_NUM_INPUT_DATA1_120
i_cmd_id_90__cmd_pipeline            165.8160      0.0       8.5680     157.2480  0.0000  cmd_wire_binary_tree_1_16_seq_DATA_WIDTH32_NUM_OUTPUT_DATA16_NUM_INPUT_DATA1_38
i_cmd_id_91__cmd_pipeline            165.8160      0.0       8.5680     157.2480  0.0000  cmd_wire_binary_tree_1_16_seq_DATA_WIDTH32_NUM_OUTPUT_DATA16_NUM_INPUT_DATA1_37
i_cmd_id_92__cmd_pipeline            165.8160      0.0       8.5680     157.2480  0.0000  cmd_wire_binary_tree_1_16_seq_DATA_WIDTH32_NUM_OUTPUT_DATA16_NUM_INPUT_DATA1_36
i_cmd_id_93__cmd_pipeline            165.8160      0.0       8.5680     157.2480  0.0000  cmd_wire_binary_tree_1_16_seq_DATA_WIDTH32_NUM_OUTPUT_DATA16_NUM_INPUT_DATA1_35
i_cmd_id_94__cmd_pipeline            165.8160      0.0       8.5680     157.2480  0.0000  cmd_wire_binary_tree_1_16_seq_DATA_WIDTH32_NUM_OUTPUT_DATA16_NUM_INPUT_DATA1_34
i_cmd_id_95__cmd_pipeline            165.8160      0.0       8.5680     157.2480  0.0000  cmd_wire_binary_tree_1_16_seq_DATA_WIDTH32_NUM_OUTPUT_DATA16_NUM_INPUT_DATA1_33
i_cmd_id_96__cmd_pipeline            165.8160      0.0       8.5680     157.2480  0.0000  cmd_wire_binary_tree_1_16_seq_DATA_WIDTH32_NUM_OUTPUT_DATA16_NUM_INPUT_DATA1_32
i_cmd_id_97__cmd_pipeline            165.8160      0.0       8.5680     157.2480  0.0000  cmd_wire_binary_tree_1_16_seq_DATA_WIDTH32_NUM_OUTPUT_DATA16_NUM_INPUT_DATA1_31
i_cmd_id_98__cmd_pipeline            165.8160      0.0       8.5680     157.2480  0.0000  cmd_wire_binary_tree_1_16_seq_DATA_WIDTH32_NUM_OUTPUT_DATA16_NUM_INPUT_DATA1_30
i_cmd_id_99__cmd_pipeline            165.8160      0.0       8.5680     157.2480  0.0000  cmd_wire_binary_tree_1_16_seq_DATA_WIDTH32_NUM_OUTPUT_DATA16_NUM_INPUT_DATA1_29
i_cmd_id_9__cmd_pipeline             165.8160      0.0       8.5680     157.2480  0.0000  cmd_wire_binary_tree_1_16_seq_DATA_WIDTH32_NUM_OUTPUT_DATA16_NUM_INPUT_DATA1_119
top_half_0__wire_pipeline           2201.8500      0.6     268.3800    1933.4700  0.0000  wire_binary_tree_1_16_seq_DATA_WIDTH32_NUM_OUTPUT_DATA16_NUM_INPUT_DATA1_0
top_half_100__wire_pipeline         2201.4720      0.6     268.0020    1933.4700  0.0000  wire_binary_tree_1_16_seq_DATA_WIDTH32_NUM_OUTPUT_DATA16_NUM_INPUT_DATA1_28
top_half_101__wire_pipeline         2201.4720      0.6     268.0020    1933.4700  0.0000  wire_binary_tree_1_16_seq_DATA_WIDTH32_NUM_OUTPUT_DATA16_NUM_INPUT_DATA1_27
top_half_102__wire_pipeline         2201.4720      0.6     268.0020    1933.4700  0.0000  wire_binary_tree_1_16_seq_DATA_WIDTH32_NUM_OUTPUT_DATA16_NUM_INPUT_DATA1_26
top_half_103__wire_pipeline         2201.4720      0.6     268.0020    1933.4700  0.0000  wire_binary_tree_1_16_seq_DATA_WIDTH32_NUM_OUTPUT_DATA16_NUM_INPUT_DATA1_25
top_half_104__wire_pipeline         2201.4720      0.6     268.0020    1933.4700  0.0000  wire_binary_tree_1_16_seq_DATA_WIDTH32_NUM_OUTPUT_DATA16_NUM_INPUT_DATA1_24
top_half_105__wire_pipeline         2201.4720      0.6     268.0020    1933.4700  0.0000  wire_binary_tree_1_16_seq_DATA_WIDTH32_NUM_OUTPUT_DATA16_NUM_INPUT_DATA1_23
top_half_106__wire_pipeline         2200.5900      0.6     267.1200    1933.4700  0.0000  wire_binary_tree_1_16_seq_DATA_WIDTH32_NUM_OUTPUT_DATA16_NUM_INPUT_DATA1_22
top_half_107__wire_pipeline         2200.5900      0.6     267.1200    1933.4700  0.0000  wire_binary_tree_1_16_seq_DATA_WIDTH32_NUM_OUTPUT_DATA16_NUM_INPUT_DATA1_21
top_half_108__wire_pipeline         2201.4720      0.6     268.0020    1933.4700  0.0000  wire_binary_tree_1_16_seq_DATA_WIDTH32_NUM_OUTPUT_DATA16_NUM_INPUT_DATA1_20
top_half_109__wire_pipeline         2201.4720      0.6     268.0020    1933.4700  0.0000  wire_binary_tree_1_16_seq_DATA_WIDTH32_NUM_OUTPUT_DATA16_NUM_INPUT_DATA1_19
top_half_10__wire_pipeline          2201.8500      0.6     268.3800    1933.4700  0.0000  wire_binary_tree_1_16_seq_DATA_WIDTH32_NUM_OUTPUT_DATA16_NUM_INPUT_DATA1_118
top_half_110__wire_pipeline         2200.5900      0.6     267.1200    1933.4700  0.0000  wire_binary_tree_1_16_seq_DATA_WIDTH32_NUM_OUTPUT_DATA16_NUM_INPUT_DATA1_18
top_half_111__wire_pipeline         2201.4720      0.6     268.0020    1933.4700  0.0000  wire_binary_tree_1_16_seq_DATA_WIDTH32_NUM_OUTPUT_DATA16_NUM_INPUT_DATA1_17
top_half_112__wire_pipeline         2201.4720      0.6     268.0020    1933.4700  0.0000  wire_binary_tree_1_16_seq_DATA_WIDTH32_NUM_OUTPUT_DATA16_NUM_INPUT_DATA1_16
top_half_113__wire_pipeline         2200.5900      0.6     267.1200    1933.4700  0.0000  wire_binary_tree_1_16_seq_DATA_WIDTH32_NUM_OUTPUT_DATA16_NUM_INPUT_DATA1_15
top_half_114__wire_pipeline         2201.8500      0.6     268.3800    1933.4700  0.0000  wire_binary_tree_1_16_seq_DATA_WIDTH32_NUM_OUTPUT_DATA16_NUM_INPUT_DATA1_14
top_half_115__wire_pipeline         2201.8500      0.6     268.3800    1933.4700  0.0000  wire_binary_tree_1_16_seq_DATA_WIDTH32_NUM_OUTPUT_DATA16_NUM_INPUT_DATA1_13
top_half_116__wire_pipeline         2201.8500      0.6     268.3800    1933.4700  0.0000  wire_binary_tree_1_16_seq_DATA_WIDTH32_NUM_OUTPUT_DATA16_NUM_INPUT_DATA1_12
top_half_117__wire_pipeline         2201.8500      0.6     268.3800    1933.4700  0.0000  wire_binary_tree_1_16_seq_DATA_WIDTH32_NUM_OUTPUT_DATA16_NUM_INPUT_DATA1_11
top_half_118__wire_pipeline         2201.8500      0.6     268.3800    1933.4700  0.0000  wire_binary_tree_1_16_seq_DATA_WIDTH32_NUM_OUTPUT_DATA16_NUM_INPUT_DATA1_10
top_half_119__wire_pipeline         2201.8500      0.6     268.3800    1933.4700  0.0000  wire_binary_tree_1_16_seq_DATA_WIDTH32_NUM_OUTPUT_DATA16_NUM_INPUT_DATA1_9
top_half_11__wire_pipeline          2201.8500      0.6     268.3800    1933.4700  0.0000  wire_binary_tree_1_16_seq_DATA_WIDTH32_NUM_OUTPUT_DATA16_NUM_INPUT_DATA1_117
top_half_120__wire_pipeline         2201.8500      0.6     268.3800    1933.4700  0.0000  wire_binary_tree_1_16_seq_DATA_WIDTH32_NUM_OUTPUT_DATA16_NUM_INPUT_DATA1_8
top_half_121__wire_pipeline         2201.8500      0.6     268.3800    1933.4700  0.0000  wire_binary_tree_1_16_seq_DATA_WIDTH32_NUM_OUTPUT_DATA16_NUM_INPUT_DATA1_7
top_half_122__wire_pipeline         2201.8500      0.6     268.3800    1933.4700  0.0000  wire_binary_tree_1_16_seq_DATA_WIDTH32_NUM_OUTPUT_DATA16_NUM_INPUT_DATA1_6
top_half_123__wire_pipeline         2201.8500      0.6     268.3800    1933.4700  0.0000  wire_binary_tree_1_16_seq_DATA_WIDTH32_NUM_OUTPUT_DATA16_NUM_INPUT_DATA1_5
top_half_124__wire_pipeline         2201.8500      0.6     268.3800    1933.4700  0.0000  wire_binary_tree_1_16_seq_DATA_WIDTH32_NUM_OUTPUT_DATA16_NUM_INPUT_DATA1_4
top_half_125__wire_pipeline         2201.8500      0.6     268.3800    1933.4700  0.0000  wire_binary_tree_1_16_seq_DATA_WIDTH32_NUM_OUTPUT_DATA16_NUM_INPUT_DATA1_3
top_half_126__wire_pipeline         2201.8500      0.6     268.3800    1933.4700  0.0000  wire_binary_tree_1_16_seq_DATA_WIDTH32_NUM_OUTPUT_DATA16_NUM_INPUT_DATA1_2
top_half_127__wire_pipeline         2201.8500      0.6     268.3800    1933.4700  0.0000  wire_binary_tree_1_16_seq_DATA_WIDTH32_NUM_OUTPUT_DATA16_NUM_INPUT_DATA1_1
top_half_12__wire_pipeline          2201.8500      0.6     268.3800    1933.4700  0.0000  wire_binary_tree_1_16_seq_DATA_WIDTH32_NUM_OUTPUT_DATA16_NUM_INPUT_DATA1_116
top_half_13__wire_pipeline          2201.8500      0.6     268.3800    1933.4700  0.0000  wire_binary_tree_1_16_seq_DATA_WIDTH32_NUM_OUTPUT_DATA16_NUM_INPUT_DATA1_115
top_half_14__wire_pipeline          2201.8500      0.6     268.3800    1933.4700  0.0000  wire_binary_tree_1_16_seq_DATA_WIDTH32_NUM_OUTPUT_DATA16_NUM_INPUT_DATA1_114
top_half_15__wire_pipeline          2201.8500      0.6     268.3800    1933.4700  0.0000  wire_binary_tree_1_16_seq_DATA_WIDTH32_NUM_OUTPUT_DATA16_NUM_INPUT_DATA1_113
top_half_16__wire_pipeline          2201.8500      0.6     268.3800    1933.4700  0.0000  wire_binary_tree_1_16_seq_DATA_WIDTH32_NUM_OUTPUT_DATA16_NUM_INPUT_DATA1_112
top_half_17__wire_pipeline          2201.8500      0.6     268.3800    1933.4700  0.0000  wire_binary_tree_1_16_seq_DATA_WIDTH32_NUM_OUTPUT_DATA16_NUM_INPUT_DATA1_111
top_half_18__wire_pipeline          2201.8500      0.6     268.3800    1933.4700  0.0000  wire_binary_tree_1_16_seq_DATA_WIDTH32_NUM_OUTPUT_DATA16_NUM_INPUT_DATA1_110
top_half_19__wire_pipeline          2201.8500      0.6     268.3800    1933.4700  0.0000  wire_binary_tree_1_16_seq_DATA_WIDTH32_NUM_OUTPUT_DATA16_NUM_INPUT_DATA1_109
top_half_1__wire_pipeline           2201.4720      0.6     268.0020    1933.4700  0.0000  wire_binary_tree_1_16_seq_DATA_WIDTH32_NUM_OUTPUT_DATA16_NUM_INPUT_DATA1_127
top_half_20__wire_pipeline          2201.4720      0.6     268.0020    1933.4700  0.0000  wire_binary_tree_1_16_seq_DATA_WIDTH32_NUM_OUTPUT_DATA16_NUM_INPUT_DATA1_108
top_half_21__wire_pipeline          2201.4720      0.6     268.0020    1933.4700  0.0000  wire_binary_tree_1_16_seq_DATA_WIDTH32_NUM_OUTPUT_DATA16_NUM_INPUT_DATA1_107
top_half_22__wire_pipeline          2201.4720      0.6     268.0020    1933.4700  0.0000  wire_binary_tree_1_16_seq_DATA_WIDTH32_NUM_OUTPUT_DATA16_NUM_INPUT_DATA1_106
top_half_23__wire_pipeline          2201.4720      0.6     268.0020    1933.4700  0.0000  wire_binary_tree_1_16_seq_DATA_WIDTH32_NUM_OUTPUT_DATA16_NUM_INPUT_DATA1_105
top_half_24__wire_pipeline          2201.4720      0.6     268.0020    1933.4700  0.0000  wire_binary_tree_1_16_seq_DATA_WIDTH32_NUM_OUTPUT_DATA16_NUM_INPUT_DATA1_104
top_half_25__wire_pipeline          2201.4720      0.6     268.0020    1933.4700  0.0000  wire_binary_tree_1_16_seq_DATA_WIDTH32_NUM_OUTPUT_DATA16_NUM_INPUT_DATA1_103
top_half_26__wire_pipeline          2201.4720      0.6     268.0020    1933.4700  0.0000  wire_binary_tree_1_16_seq_DATA_WIDTH32_NUM_OUTPUT_DATA16_NUM_INPUT_DATA1_102
top_half_27__wire_pipeline          2201.4720      0.6     268.0020    1933.4700  0.0000  wire_binary_tree_1_16_seq_DATA_WIDTH32_NUM_OUTPUT_DATA16_NUM_INPUT_DATA1_101
top_half_28__wire_pipeline          2201.4720      0.6     268.0020    1933.4700  0.0000  wire_binary_tree_1_16_seq_DATA_WIDTH32_NUM_OUTPUT_DATA16_NUM_INPUT_DATA1_100
top_half_29__wire_pipeline          2201.4720      0.6     268.0020    1933.4700  0.0000  wire_binary_tree_1_16_seq_DATA_WIDTH32_NUM_OUTPUT_DATA16_NUM_INPUT_DATA1_99
top_half_2__wire_pipeline           2201.4720      0.6     268.0020    1933.4700  0.0000  wire_binary_tree_1_16_seq_DATA_WIDTH32_NUM_OUTPUT_DATA16_NUM_INPUT_DATA1_126
top_half_30__wire_pipeline          2201.4720      0.6     268.0020    1933.4700  0.0000  wire_binary_tree_1_16_seq_DATA_WIDTH32_NUM_OUTPUT_DATA16_NUM_INPUT_DATA1_98
top_half_31__wire_pipeline          2201.4720      0.6     268.0020    1933.4700  0.0000  wire_binary_tree_1_16_seq_DATA_WIDTH32_NUM_OUTPUT_DATA16_NUM_INPUT_DATA1_97
top_half_32__wire_pipeline          2201.4720      0.6     268.0020    1933.4700  0.0000  wire_binary_tree_1_16_seq_DATA_WIDTH32_NUM_OUTPUT_DATA16_NUM_INPUT_DATA1_96
top_half_33__wire_pipeline          2201.4720      0.6     268.0020    1933.4700  0.0000  wire_binary_tree_1_16_seq_DATA_WIDTH32_NUM_OUTPUT_DATA16_NUM_INPUT_DATA1_95
top_half_34__wire_pipeline          2201.4720      0.6     268.0020    1933.4700  0.0000  wire_binary_tree_1_16_seq_DATA_WIDTH32_NUM_OUTPUT_DATA16_NUM_INPUT_DATA1_94
top_half_35__wire_pipeline          2201.4720      0.6     268.0020    1933.4700  0.0000  wire_binary_tree_1_16_seq_DATA_WIDTH32_NUM_OUTPUT_DATA16_NUM_INPUT_DATA1_93
top_half_36__wire_pipeline          2201.4720      0.6     268.0020    1933.4700  0.0000  wire_binary_tree_1_16_seq_DATA_WIDTH32_NUM_OUTPUT_DATA16_NUM_INPUT_DATA1_92
top_half_37__wire_pipeline          2201.4720      0.6     268.0020    1933.4700  0.0000  wire_binary_tree_1_16_seq_DATA_WIDTH32_NUM_OUTPUT_DATA16_NUM_INPUT_DATA1_91
top_half_38__wire_pipeline          2201.4720      0.6     268.0020    1933.4700  0.0000  wire_binary_tree_1_16_seq_DATA_WIDTH32_NUM_OUTPUT_DATA16_NUM_INPUT_DATA1_90
top_half_39__wire_pipeline          2201.4720      0.6     268.0020    1933.4700  0.0000  wire_binary_tree_1_16_seq_DATA_WIDTH32_NUM_OUTPUT_DATA16_NUM_INPUT_DATA1_89
top_half_3__wire_pipeline           2201.4720      0.6     268.0020    1933.4700  0.0000  wire_binary_tree_1_16_seq_DATA_WIDTH32_NUM_OUTPUT_DATA16_NUM_INPUT_DATA1_125
top_half_40__wire_pipeline          2201.4720      0.6     268.0020    1933.4700  0.0000  wire_binary_tree_1_16_seq_DATA_WIDTH32_NUM_OUTPUT_DATA16_NUM_INPUT_DATA1_88
top_half_41__wire_pipeline          2201.4720      0.6     268.0020    1933.4700  0.0000  wire_binary_tree_1_16_seq_DATA_WIDTH32_NUM_OUTPUT_DATA16_NUM_INPUT_DATA1_87
top_half_42__wire_pipeline          2201.4720      0.6     268.0020    1933.4700  0.0000  wire_binary_tree_1_16_seq_DATA_WIDTH32_NUM_OUTPUT_DATA16_NUM_INPUT_DATA1_86
top_half_43__wire_pipeline          2201.4720      0.6     268.0020    1933.4700  0.0000  wire_binary_tree_1_16_seq_DATA_WIDTH32_NUM_OUTPUT_DATA16_NUM_INPUT_DATA1_85
top_half_44__wire_pipeline          2201.4720      0.6     268.0020    1933.4700  0.0000  wire_binary_tree_1_16_seq_DATA_WIDTH32_NUM_OUTPUT_DATA16_NUM_INPUT_DATA1_84
top_half_45__wire_pipeline          2201.4720      0.6     268.0020    1933.4700  0.0000  wire_binary_tree_1_16_seq_DATA_WIDTH32_NUM_OUTPUT_DATA16_NUM_INPUT_DATA1_83
top_half_46__wire_pipeline          2201.4720      0.6     268.0020    1933.4700  0.0000  wire_binary_tree_1_16_seq_DATA_WIDTH32_NUM_OUTPUT_DATA16_NUM_INPUT_DATA1_82
top_half_47__wire_pipeline          2201.4720      0.6     268.0020    1933.4700  0.0000  wire_binary_tree_1_16_seq_DATA_WIDTH32_NUM_OUTPUT_DATA16_NUM_INPUT_DATA1_81
top_half_48__wire_pipeline          2201.4720      0.6     268.0020    1933.4700  0.0000  wire_binary_tree_1_16_seq_DATA_WIDTH32_NUM_OUTPUT_DATA16_NUM_INPUT_DATA1_80
top_half_49__wire_pipeline          2201.4720      0.6     268.0020    1933.4700  0.0000  wire_binary_tree_1_16_seq_DATA_WIDTH32_NUM_OUTPUT_DATA16_NUM_INPUT_DATA1_79
top_half_4__wire_pipeline           2201.4720      0.6     268.0020    1933.4700  0.0000  wire_binary_tree_1_16_seq_DATA_WIDTH32_NUM_OUTPUT_DATA16_NUM_INPUT_DATA1_124
top_half_50__wire_pipeline          2201.4720      0.6     268.0020    1933.4700  0.0000  wire_binary_tree_1_16_seq_DATA_WIDTH32_NUM_OUTPUT_DATA16_NUM_INPUT_DATA1_78
top_half_51__wire_pipeline          2201.4720      0.6     268.0020    1933.4700  0.0000  wire_binary_tree_1_16_seq_DATA_WIDTH32_NUM_OUTPUT_DATA16_NUM_INPUT_DATA1_77
top_half_52__wire_pipeline          2201.4720      0.6     268.0020    1933.4700  0.0000  wire_binary_tree_1_16_seq_DATA_WIDTH32_NUM_OUTPUT_DATA16_NUM_INPUT_DATA1_76
top_half_53__wire_pipeline          2201.4720      0.6     268.0020    1933.4700  0.0000  wire_binary_tree_1_16_seq_DATA_WIDTH32_NUM_OUTPUT_DATA16_NUM_INPUT_DATA1_75
top_half_54__wire_pipeline          2201.4720      0.6     268.0020    1933.4700  0.0000  wire_binary_tree_1_16_seq_DATA_WIDTH32_NUM_OUTPUT_DATA16_NUM_INPUT_DATA1_74
top_half_55__wire_pipeline          2201.4720      0.6     268.0020    1933.4700  0.0000  wire_binary_tree_1_16_seq_DATA_WIDTH32_NUM_OUTPUT_DATA16_NUM_INPUT_DATA1_73
top_half_56__wire_pipeline          2201.4720      0.6     268.0020    1933.4700  0.0000  wire_binary_tree_1_16_seq_DATA_WIDTH32_NUM_OUTPUT_DATA16_NUM_INPUT_DATA1_72
top_half_57__wire_pipeline          2201.4720      0.6     268.0020    1933.4700  0.0000  wire_binary_tree_1_16_seq_DATA_WIDTH32_NUM_OUTPUT_DATA16_NUM_INPUT_DATA1_71
top_half_58__wire_pipeline          2201.4720      0.6     268.0020    1933.4700  0.0000  wire_binary_tree_1_16_seq_DATA_WIDTH32_NUM_OUTPUT_DATA16_NUM_INPUT_DATA1_70
top_half_59__wire_pipeline          2201.4720      0.6     268.0020    1933.4700  0.0000  wire_binary_tree_1_16_seq_DATA_WIDTH32_NUM_OUTPUT_DATA16_NUM_INPUT_DATA1_69
top_half_5__wire_pipeline           2201.4720      0.6     268.0020    1933.4700  0.0000  wire_binary_tree_1_16_seq_DATA_WIDTH32_NUM_OUTPUT_DATA16_NUM_INPUT_DATA1_123
top_half_60__wire_pipeline          2201.4720      0.6     268.0020    1933.4700  0.0000  wire_binary_tree_1_16_seq_DATA_WIDTH32_NUM_OUTPUT_DATA16_NUM_INPUT_DATA1_68
top_half_61__wire_pipeline          2201.4720      0.6     268.0020    1933.4700  0.0000  wire_binary_tree_1_16_seq_DATA_WIDTH32_NUM_OUTPUT_DATA16_NUM_INPUT_DATA1_67
top_half_62__wire_pipeline          2201.4720      0.6     268.0020    1933.4700  0.0000  wire_binary_tree_1_16_seq_DATA_WIDTH32_NUM_OUTPUT_DATA16_NUM_INPUT_DATA1_66
top_half_63__wire_pipeline          2201.4720      0.6     268.0020    1933.4700  0.0000  wire_binary_tree_1_16_seq_DATA_WIDTH32_NUM_OUTPUT_DATA16_NUM_INPUT_DATA1_65
top_half_64__wire_pipeline          2201.4720      0.6     268.0020    1933.4700  0.0000  wire_binary_tree_1_16_seq_DATA_WIDTH32_NUM_OUTPUT_DATA16_NUM_INPUT_DATA1_64
top_half_65__wire_pipeline          2201.4720      0.6     268.0020    1933.4700  0.0000  wire_binary_tree_1_16_seq_DATA_WIDTH32_NUM_OUTPUT_DATA16_NUM_INPUT_DATA1_63
top_half_66__wire_pipeline          2201.4720      0.6     268.0020    1933.4700  0.0000  wire_binary_tree_1_16_seq_DATA_WIDTH32_NUM_OUTPUT_DATA16_NUM_INPUT_DATA1_62
top_half_67__wire_pipeline          2201.4720      0.6     268.0020    1933.4700  0.0000  wire_binary_tree_1_16_seq_DATA_WIDTH32_NUM_OUTPUT_DATA16_NUM_INPUT_DATA1_61
top_half_68__wire_pipeline          2201.4720      0.6     268.0020    1933.4700  0.0000  wire_binary_tree_1_16_seq_DATA_WIDTH32_NUM_OUTPUT_DATA16_NUM_INPUT_DATA1_60
top_half_69__wire_pipeline          2201.4720      0.6     268.0020    1933.4700  0.0000  wire_binary_tree_1_16_seq_DATA_WIDTH32_NUM_OUTPUT_DATA16_NUM_INPUT_DATA1_59
top_half_6__wire_pipeline           2201.4720      0.6     268.0020    1933.4700  0.0000  wire_binary_tree_1_16_seq_DATA_WIDTH32_NUM_OUTPUT_DATA16_NUM_INPUT_DATA1_122
top_half_70__wire_pipeline          2201.4720      0.6     268.0020    1933.4700  0.0000  wire_binary_tree_1_16_seq_DATA_WIDTH32_NUM_OUTPUT_DATA16_NUM_INPUT_DATA1_58
top_half_71__wire_pipeline          2201.4720      0.6     268.0020    1933.4700  0.0000  wire_binary_tree_1_16_seq_DATA_WIDTH32_NUM_OUTPUT_DATA16_NUM_INPUT_DATA1_57
top_half_72__wire_pipeline          2201.8500      0.6     268.3800    1933.4700  0.0000  wire_binary_tree_1_16_seq_DATA_WIDTH32_NUM_OUTPUT_DATA16_NUM_INPUT_DATA1_56
top_half_73__wire_pipeline          2201.4720      0.6     268.0020    1933.4700  0.0000  wire_binary_tree_1_16_seq_DATA_WIDTH32_NUM_OUTPUT_DATA16_NUM_INPUT_DATA1_55
top_half_74__wire_pipeline          2201.4720      0.6     268.0020    1933.4700  0.0000  wire_binary_tree_1_16_seq_DATA_WIDTH32_NUM_OUTPUT_DATA16_NUM_INPUT_DATA1_54
top_half_75__wire_pipeline          2201.4720      0.6     268.0020    1933.4700  0.0000  wire_binary_tree_1_16_seq_DATA_WIDTH32_NUM_OUTPUT_DATA16_NUM_INPUT_DATA1_53
top_half_76__wire_pipeline          2201.4720      0.6     268.0020    1933.4700  0.0000  wire_binary_tree_1_16_seq_DATA_WIDTH32_NUM_OUTPUT_DATA16_NUM_INPUT_DATA1_52
top_half_77__wire_pipeline          2201.4720      0.6     268.0020    1933.4700  0.0000  wire_binary_tree_1_16_seq_DATA_WIDTH32_NUM_OUTPUT_DATA16_NUM_INPUT_DATA1_51
top_half_78__wire_pipeline          2201.4720      0.6     268.0020    1933.4700  0.0000  wire_binary_tree_1_16_seq_DATA_WIDTH32_NUM_OUTPUT_DATA16_NUM_INPUT_DATA1_50
top_half_79__wire_pipeline          2201.4720      0.6     268.0020    1933.4700  0.0000  wire_binary_tree_1_16_seq_DATA_WIDTH32_NUM_OUTPUT_DATA16_NUM_INPUT_DATA1_49
top_half_7__wire_pipeline           2201.8500      0.6     268.3800    1933.4700  0.0000  wire_binary_tree_1_16_seq_DATA_WIDTH32_NUM_OUTPUT_DATA16_NUM_INPUT_DATA1_121
top_half_80__wire_pipeline          2201.4720      0.6     268.0020    1933.4700  0.0000  wire_binary_tree_1_16_seq_DATA_WIDTH32_NUM_OUTPUT_DATA16_NUM_INPUT_DATA1_48
top_half_81__wire_pipeline          2201.4720      0.6     268.0020    1933.4700  0.0000  wire_binary_tree_1_16_seq_DATA_WIDTH32_NUM_OUTPUT_DATA16_NUM_INPUT_DATA1_47
top_half_82__wire_pipeline          2201.8500      0.6     268.3800    1933.4700  0.0000  wire_binary_tree_1_16_seq_DATA_WIDTH32_NUM_OUTPUT_DATA16_NUM_INPUT_DATA1_46
top_half_83__wire_pipeline          2201.8500      0.6     268.3800    1933.4700  0.0000  wire_binary_tree_1_16_seq_DATA_WIDTH32_NUM_OUTPUT_DATA16_NUM_INPUT_DATA1_45
top_half_84__wire_pipeline          2201.4720      0.6     268.0020    1933.4700  0.0000  wire_binary_tree_1_16_seq_DATA_WIDTH32_NUM_OUTPUT_DATA16_NUM_INPUT_DATA1_44
top_half_85__wire_pipeline          2200.7160      0.6     267.2460    1933.4700  0.0000  wire_binary_tree_1_16_seq_DATA_WIDTH32_NUM_OUTPUT_DATA16_NUM_INPUT_DATA1_43
top_half_86__wire_pipeline          2201.4720      0.6     268.0020    1933.4700  0.0000  wire_binary_tree_1_16_seq_DATA_WIDTH32_NUM_OUTPUT_DATA16_NUM_INPUT_DATA1_42
top_half_87__wire_pipeline          2201.4720      0.6     268.0020    1933.4700  0.0000  wire_binary_tree_1_16_seq_DATA_WIDTH32_NUM_OUTPUT_DATA16_NUM_INPUT_DATA1_41
top_half_88__wire_pipeline          2201.4720      0.6     268.0020    1933.4700  0.0000  wire_binary_tree_1_16_seq_DATA_WIDTH32_NUM_OUTPUT_DATA16_NUM_INPUT_DATA1_40
top_half_89__wire_pipeline          2201.4720      0.6     268.0020    1933.4700  0.0000  wire_binary_tree_1_16_seq_DATA_WIDTH32_NUM_OUTPUT_DATA16_NUM_INPUT_DATA1_39
top_half_8__wire_pipeline           2201.8500      0.6     268.3800    1933.4700  0.0000  wire_binary_tree_1_16_seq_DATA_WIDTH32_NUM_OUTPUT_DATA16_NUM_INPUT_DATA1_120
top_half_90__wire_pipeline          2201.4720      0.6     268.0020    1933.4700  0.0000  wire_binary_tree_1_16_seq_DATA_WIDTH32_NUM_OUTPUT_DATA16_NUM_INPUT_DATA1_38
top_half_91__wire_pipeline          2201.4720      0.6     268.0020    1933.4700  0.0000  wire_binary_tree_1_16_seq_DATA_WIDTH32_NUM_OUTPUT_DATA16_NUM_INPUT_DATA1_37
top_half_92__wire_pipeline          2201.4720      0.6     268.0020    1933.4700  0.0000  wire_binary_tree_1_16_seq_DATA_WIDTH32_NUM_OUTPUT_DATA16_NUM_INPUT_DATA1_36
top_half_93__wire_pipeline          2201.4720      0.6     268.0020    1933.4700  0.0000  wire_binary_tree_1_16_seq_DATA_WIDTH32_NUM_OUTPUT_DATA16_NUM_INPUT_DATA1_35
top_half_94__wire_pipeline          2201.4720      0.6     268.0020    1933.4700  0.0000  wire_binary_tree_1_16_seq_DATA_WIDTH32_NUM_OUTPUT_DATA16_NUM_INPUT_DATA1_34
top_half_95__wire_pipeline          2201.4720      0.6     268.0020    1933.4700  0.0000  wire_binary_tree_1_16_seq_DATA_WIDTH32_NUM_OUTPUT_DATA16_NUM_INPUT_DATA1_33
top_half_96__wire_pipeline          2201.4720      0.6     268.0020    1933.4700  0.0000  wire_binary_tree_1_16_seq_DATA_WIDTH32_NUM_OUTPUT_DATA16_NUM_INPUT_DATA1_32
top_half_97__wire_pipeline          2201.4720      0.6     268.0020    1933.4700  0.0000  wire_binary_tree_1_16_seq_DATA_WIDTH32_NUM_OUTPUT_DATA16_NUM_INPUT_DATA1_31
top_half_98__wire_pipeline          2201.4720      0.6     268.0020    1933.4700  0.0000  wire_binary_tree_1_16_seq_DATA_WIDTH32_NUM_OUTPUT_DATA16_NUM_INPUT_DATA1_30
top_half_99__wire_pipeline          2201.4720      0.6     268.0020    1933.4700  0.0000  wire_binary_tree_1_16_seq_DATA_WIDTH32_NUM_OUTPUT_DATA16_NUM_INPUT_DATA1_29
top_half_9__wire_pipeline           2201.4720      0.6     268.0020    1933.4700  0.0000  wire_binary_tree_1_16_seq_DATA_WIDTH32_NUM_OUTPUT_DATA16_NUM_INPUT_DATA1_119
--------------------------------  -----------  -------  -----------  -----------  ------  --------------------------------------------------------------------------------
Total                                                   102654.9726  268622.5478  0.0000

1
