 
****************************************
Report : area
Design : crossbar_one_hot_seq
Version: J-2014.09-SP3
Date   : Mon Apr 12 23:15:09 2021
****************************************

Library(s) Used:

    tcbn28hpcplusbwp30p140lvttt0p8v25c (File: /usr/scratch/DRBE-shared/TSMC-library/IP/TSMC28_STD_CELLS/unzipped/tcbn28hpcplusbwp30p140lvt_190a/tcbn28hpcplusbwp30p140lvt_180a_nldm/TSMCHOME/digital/Front_End/timing_power_noise/NLDM/tcbn28hpcplusbwp30p140lvt_180a/tcbn28hpcplusbwp30p140lvttt0p8v25c.db)

Number of ports:                         1579
Number of nets:                         11944
Number of cells:                        10628
Number of combinational cells:           8252
Number of sequential cells:              2376
Number of macros/black boxes:               0
Number of buf/inv:                        144
Number of references:                      29

Combinational area:               4764.185953
Buf/Inv area:                       36.288001
Noncombinational area:            4490.891966
Macro/Black Box area:                0.000000
Net Interconnect area:      undefined  (Wire load has zero net area)

Total cell area:                  9255.077919
Total area:                 undefined

Hierarchical area distribution
------------------------------

                                  Global cell area          Local cell area
                                  ------------------  ---------------------------- 
Hierarchical cell                 Absolute   Percent  Combi-     Noncombi-  Black-
                                  Total      Total    national   national   boxes   Design
--------------------------------  ---------  -------  ---------  ---------  ------  ---------
crossbar_one_hot_seq              9255.0779    100.0  4764.1860  4490.8920  0.0000  crossbar_one_hot_seq
--------------------------------  ---------  -------  ---------  ---------  ------  ---------
Total                                                 4764.1860  4490.8920  0.0000

1
