 
****************************************
Report : area
Design : crossbar_one_hot_comb_wrapper_seq
Version: Q-2019.12-SP2
Date   : Mon Apr 12 23:25:46 2021
****************************************

Library(s) Used:

    tcbn28hpcplusbwp30p140lvttt0p8v25c (File: /usr/scratch/DRBE-shared/TSMC-library/IP/TSMC28_STD_CELLS/unzipped/tcbn28hpcplusbwp30p140lvt_190a/tcbn28hpcplusbwp30p140lvt_180a_nldm/TSMCHOME/digital/Front_End/timing_power_noise/NLDM/tcbn28hpcplusbwp30p140lvt_180a/tcbn28hpcplusbwp30p140lvttt0p8v25c.db)

Number of ports:                         3156
Number of nets:                         11339
Number of cells:                         8448
Number of combinational cells:           6871
Number of sequential cells:              1576
Number of macros/black boxes:               0
Number of buf/inv:                        558
Number of references:                       6

Combinational area:               4158.125966
Buf/Inv area:                      186.606002
Noncombinational area:            3143.952039
Macro/Black Box area:                0.000000
Net Interconnect area:      undefined  (Wire load has zero net area)

Total cell area:                  7302.078004
Total area:                 undefined

Hierarchical area distribution
------------------------------

                                  Global cell area          Local cell area
                                  ------------------  ---------------------------- 
Hierarchical cell                 Absolute   Percent  Combi-     Noncombi-  Black-
                                  Total      Total    national   national   boxes   Design
--------------------------------  ---------  -------  ---------  ---------  ------  --------------------------------------------------------------------
crossbar_one_hot_comb_wrapper_seq 7302.0780    100.0     3.7800  3143.9520  0.0000  crossbar_one_hot_comb_wrapper_seq
dut                               4154.3460     56.9  4154.3460     0.0000  0.0000  crossbar_one_hot_comb_DATA_WIDTH32_NUM_OUTPUT_DATA8_NUM_INPUT_DATA32
--------------------------------  ---------  -------  ---------  ---------  ------  --------------------------------------------------------------------
Total                                                 4158.1260  3143.9520  0.0000

1
