 
****************************************
Report : area
Design : crossbar_one_hot_seq
Version: Q-2019.12-SP2
Date   : Sun Apr 11 09:25:58 2021
****************************************

Library(s) Used:

    tcbn28hpcplusbwp30p140tt0p8v25c (File: /usr/scratch/will-jianming/TSMC_library/IP/TSMC28_STD_CELLS/custom_utils_ck/tsmc_ip/tcbn28hpcplusbwp30p140/nldm/tcbn28hpcplusbwp30p140tt0p8v25c.db)

Number of ports:                         2891
Number of nets:                         24411
Number of cells:                        21848
Number of combinational cells:          21584
Number of sequential cells:               264
Number of macros/black boxes:               0
Number of buf/inv:                       4409
Number of references:                     187

Combinational area:              13947.569934
Buf/Inv area:                     1804.698000
Noncombinational area:             516.347992
Macro/Black Box area:                0.000000
Net Interconnect area:      undefined  (Wire load has zero net area)

Total cell area:                 14463.917926
Total area:                 undefined
1
