 
****************************************
Report : area
Design : crossbar_one_hot_seq
Version: J-2014.09-SP3
Date   : Sun Apr 18 11:34:57 2021
****************************************

Library(s) Used:

    tcbn28hpcplusbwp30p140lvttt0p8v25c (File: /usr/scratch/DRBE-shared/TSMC-library/IP/TSMC28_STD_CELLS/unzipped/tcbn28hpcplusbwp30p140lvt_190a/tcbn28hpcplusbwp30p140lvt_180a_nldm/TSMCHOME/digital/Front_End/timing_power_noise/NLDM/tcbn28hpcplusbwp30p140lvt_180a/tcbn28hpcplusbwp30p140lvttt0p8v25c.db)

Number of ports:                          595
Number of nets:                          3563
Number of cells:                          816
Number of combinational cells:              0
Number of sequential cells:               792
Number of macros/black boxes:               0
Number of buf/inv:                          0
Number of references:                      26

Combinational area:               2292.948017
Buf/Inv area:                       91.602001
Noncombinational area:           10082.393894
Macro/Black Box area:                0.000000
Net Interconnect area:      undefined  (Wire load has zero net area)

Total cell area:                 12375.341911
Total area:                 undefined

Hierarchical area distribution
------------------------------

                                  Global cell area            Local cell area
                                  -------------------  ----------------------------- 
Hierarchical cell                 Absolute    Percent  Combi-     Noncombi-   Black-
                                  Total       Total    national   national    boxes   Design
--------------------------------  ----------  -------  ---------  ----------  ------  ----------------------------------------------------------------------------
crossbar_one_hot_seq              12375.3419    100.0     0.0000   1596.6720  0.0000  crossbar_one_hot_seq
bottom_half_0__mux_tree             207.6480      1.7   145.2780     62.3700  0.0000  mux_tree_8_1_seq_DATA_WIDTH32_NUM_OUTPUT_DATA1_NUM_INPUT_DATA8_0
bottom_half_1__mux_tree             212.6880      1.7   150.3180     62.3700  0.0000  mux_tree_8_1_seq_DATA_WIDTH32_NUM_OUTPUT_DATA1_NUM_INPUT_DATA8_7
bottom_half_2__mux_tree             211.1760      1.7   148.8060     62.3700  0.0000  mux_tree_8_1_seq_DATA_WIDTH32_NUM_OUTPUT_DATA1_NUM_INPUT_DATA8_6
bottom_half_3__mux_tree             210.9240      1.7   148.5540     62.3700  0.0000  mux_tree_8_1_seq_DATA_WIDTH32_NUM_OUTPUT_DATA1_NUM_INPUT_DATA8_5
bottom_half_4__mux_tree             211.6800      1.7   149.3100     62.3700  0.0000  mux_tree_8_1_seq_DATA_WIDTH32_NUM_OUTPUT_DATA1_NUM_INPUT_DATA8_4
bottom_half_5__mux_tree             211.8060      1.7   149.4360     62.3700  0.0000  mux_tree_8_1_seq_DATA_WIDTH32_NUM_OUTPUT_DATA1_NUM_INPUT_DATA8_3
bottom_half_6__mux_tree             214.0740      1.7   151.7040     62.3700  0.0000  mux_tree_8_1_seq_DATA_WIDTH32_NUM_OUTPUT_DATA1_NUM_INPUT_DATA8_2
bottom_half_7__mux_tree             205.1280      1.7   142.7580     62.3700  0.0000  mux_tree_8_1_seq_DATA_WIDTH32_NUM_OUTPUT_DATA1_NUM_INPUT_DATA8_1
i_cmd_id_0__cmd_pipeline             67.6620      0.5     4.5360     63.1260  0.0000  cmd_wire_binary_tree_1_8_seq_DATA_WIDTH32_NUM_OUTPUT_DATA8_NUM_INPUT_DATA1_0
i_cmd_id_1__cmd_pipeline             66.5280      0.5     4.5360     61.9920  0.0000  cmd_wire_binary_tree_1_8_seq_DATA_WIDTH32_NUM_OUTPUT_DATA8_NUM_INPUT_DATA1_7
i_cmd_id_2__cmd_pipeline             67.2840      0.5     4.5360     62.7480  0.0000  cmd_wire_binary_tree_1_8_seq_DATA_WIDTH32_NUM_OUTPUT_DATA8_NUM_INPUT_DATA1_6
i_cmd_id_3__cmd_pipeline             67.6620      0.5     4.5360     63.1260  0.0000  cmd_wire_binary_tree_1_8_seq_DATA_WIDTH32_NUM_OUTPUT_DATA8_NUM_INPUT_DATA1_5
i_cmd_id_4__cmd_pipeline             67.6620      0.5     4.5360     63.1260  0.0000  cmd_wire_binary_tree_1_8_seq_DATA_WIDTH32_NUM_OUTPUT_DATA8_NUM_INPUT_DATA1_4
i_cmd_id_5__cmd_pipeline             67.2840      0.5     4.5360     62.7480  0.0000  cmd_wire_binary_tree_1_8_seq_DATA_WIDTH32_NUM_OUTPUT_DATA8_NUM_INPUT_DATA1_3
i_cmd_id_6__cmd_pipeline             67.2840      0.5     4.5360     62.7480  0.0000  cmd_wire_binary_tree_1_8_seq_DATA_WIDTH32_NUM_OUTPUT_DATA8_NUM_INPUT_DATA1_2
i_cmd_id_7__cmd_pipeline             67.2840      0.5     4.5360     62.7480  0.0000  cmd_wire_binary_tree_1_8_seq_DATA_WIDTH32_NUM_OUTPUT_DATA8_NUM_INPUT_DATA1_1
top_half_0__wire_pipeline          1069.3620      8.6   133.8120    935.5500  0.0000  wire_binary_tree_1_8_seq_DATA_WIDTH32_NUM_OUTPUT_DATA8_NUM_INPUT_DATA1_0
top_half_1__wire_pipeline          1069.3620      8.6   133.8120    935.5500  0.0000  wire_binary_tree_1_8_seq_DATA_WIDTH32_NUM_OUTPUT_DATA8_NUM_INPUT_DATA1_7
top_half_2__wire_pipeline          1069.3620      8.6   133.8120    935.5500  0.0000  wire_binary_tree_1_8_seq_DATA_WIDTH32_NUM_OUTPUT_DATA8_NUM_INPUT_DATA1_6
top_half_3__wire_pipeline          1069.3620      8.6   133.8120    935.5500  0.0000  wire_binary_tree_1_8_seq_DATA_WIDTH32_NUM_OUTPUT_DATA8_NUM_INPUT_DATA1_5
top_half_4__wire_pipeline          1069.3620      8.6   133.8120    935.5500  0.0000  wire_binary_tree_1_8_seq_DATA_WIDTH32_NUM_OUTPUT_DATA8_NUM_INPUT_DATA1_4
top_half_5__wire_pipeline          1069.3620      8.6   133.8120    935.5500  0.0000  wire_binary_tree_1_8_seq_DATA_WIDTH32_NUM_OUTPUT_DATA8_NUM_INPUT_DATA1_3
top_half_6__wire_pipeline          1069.3620      8.6   133.8120    935.5500  0.0000  wire_binary_tree_1_8_seq_DATA_WIDTH32_NUM_OUTPUT_DATA8_NUM_INPUT_DATA1_2
top_half_7__wire_pipeline          1069.3620      8.6   133.8120    935.5500  0.0000  wire_binary_tree_1_8_seq_DATA_WIDTH32_NUM_OUTPUT_DATA8_NUM_INPUT_DATA1_1
--------------------------------  ----------  -------  ---------  ----------  ------  ----------------------------------------------------------------------------
Total                                                  2292.9480  10082.3939  0.0000

1
