Information: Propagating switching activity (low effort zero delay simulation). (PWR-6)
Warning: Design has unannotated primary inputs. (PWR-414)
Warning: Design has unannotated sequential cell outputs. (PWR-415)
Warning: Design has unannotated black box outputs. (PWR-428)
 
****************************************
Report : power
        -hier
        -analysis_effort low
Design : crossbar_one_hot_seq
Version: J-2014.09-SP3
Date   : Sat May 15 05:18:38 2021
****************************************


Library(s) Used:

    tcbn28hpcplusbwp30p140lvttt0p8v25c (File: /usr/scratch/DRBE-shared/TSMC-library/IP/TSMC28_STD_CELLS/unzipped/tcbn28hpcplusbwp30p140lvt_190a/tcbn28hpcplusbwp30p140lvt_180a_nldm/TSMCHOME/digital/Front_End/timing_power_noise/NLDM/tcbn28hpcplusbwp30p140lvt_180a/tcbn28hpcplusbwp30p140lvttt0p8v25c.db)


Operating Conditions: tt0p8v25c   Library: tcbn28hpcplusbwp30p140lvttt0p8v25c
Wire Load Model Mode: segmented

Design        Wire Load Model            Library
------------------------------------------------
crossbar_one_hot_seq   ZeroWireload      tcbn28hpcplusbwp30p140lvttt0p8v25c
cmd_wire_binary_tree_1_8_seq_DATA_WIDTH32_NUM_OUTPUT_DATA8_NUM_INPUT_DATA1_0
                       ZeroWireload      tcbn28hpcplusbwp30p140lvttt0p8v25c
mux_tree_8_1_seq_DATA_WIDTH32_NUM_OUTPUT_DATA1_NUM_INPUT_DATA8_0
                       ZeroWireload      tcbn28hpcplusbwp30p140lvttt0p8v25c
mux_tree_8_1_seq_DATA_WIDTH32_NUM_OUTPUT_DATA1_NUM_INPUT_DATA8_1
                       ZeroWireload      tcbn28hpcplusbwp30p140lvttt0p8v25c
mux_tree_8_1_seq_DATA_WIDTH32_NUM_OUTPUT_DATA1_NUM_INPUT_DATA8_2
                       ZeroWireload      tcbn28hpcplusbwp30p140lvttt0p8v25c
mux_tree_8_1_seq_DATA_WIDTH32_NUM_OUTPUT_DATA1_NUM_INPUT_DATA8_3
                       ZeroWireload      tcbn28hpcplusbwp30p140lvttt0p8v25c
mux_tree_8_1_seq_DATA_WIDTH32_NUM_OUTPUT_DATA1_NUM_INPUT_DATA8_4
                       ZeroWireload      tcbn28hpcplusbwp30p140lvttt0p8v25c
mux_tree_8_1_seq_DATA_WIDTH32_NUM_OUTPUT_DATA1_NUM_INPUT_DATA8_5
                       ZeroWireload      tcbn28hpcplusbwp30p140lvttt0p8v25c
mux_tree_8_1_seq_DATA_WIDTH32_NUM_OUTPUT_DATA1_NUM_INPUT_DATA8_6
                       ZeroWireload      tcbn28hpcplusbwp30p140lvttt0p8v25c
mux_tree_8_1_seq_DATA_WIDTH32_NUM_OUTPUT_DATA1_NUM_INPUT_DATA8_7
                       ZeroWireload      tcbn28hpcplusbwp30p140lvttt0p8v25c
cmd_wire_binary_tree_1_8_seq_DATA_WIDTH32_NUM_OUTPUT_DATA8_NUM_INPUT_DATA1_1
                       ZeroWireload      tcbn28hpcplusbwp30p140lvttt0p8v25c
cmd_wire_binary_tree_1_8_seq_DATA_WIDTH32_NUM_OUTPUT_DATA8_NUM_INPUT_DATA1_2
                       ZeroWireload      tcbn28hpcplusbwp30p140lvttt0p8v25c
cmd_wire_binary_tree_1_8_seq_DATA_WIDTH32_NUM_OUTPUT_DATA8_NUM_INPUT_DATA1_3
                       ZeroWireload      tcbn28hpcplusbwp30p140lvttt0p8v25c
cmd_wire_binary_tree_1_8_seq_DATA_WIDTH32_NUM_OUTPUT_DATA8_NUM_INPUT_DATA1_4
                       ZeroWireload      tcbn28hpcplusbwp30p140lvttt0p8v25c
cmd_wire_binary_tree_1_8_seq_DATA_WIDTH32_NUM_OUTPUT_DATA8_NUM_INPUT_DATA1_5
                       ZeroWireload      tcbn28hpcplusbwp30p140lvttt0p8v25c
cmd_wire_binary_tree_1_8_seq_DATA_WIDTH32_NUM_OUTPUT_DATA8_NUM_INPUT_DATA1_6
                       ZeroWireload      tcbn28hpcplusbwp30p140lvttt0p8v25c
cmd_wire_binary_tree_1_8_seq_DATA_WIDTH32_NUM_OUTPUT_DATA8_NUM_INPUT_DATA1_7
                       ZeroWireload      tcbn28hpcplusbwp30p140lvttt0p8v25c


Global Operating Voltage = 0.8  
Power-specific unit information :
    Voltage Units = 1V
    Capacitance Units = 1.000000pf
    Time Units = 1ns
    Dynamic Power Units = 1mW    (derived from V,C,T units)
    Leakage Power Units = 1nW


--------------------------------------------------------------------------------
                                       Switch   Int      Leak     Total
Hierarchy                              Power    Power    Power    Power    %
--------------------------------------------------------------------------------
crossbar_one_hot_seq                      0.638    4.668 9.45e+04    5.401 100.0
  bottom_half_7__mux_tree (mux_tree_8_1_seq_DATA_WIDTH32_NUM_OUTPUT_DATA1_NUM_INPUT_DATA8_1)
                                            N/A    0.286 6.66e+03    0.251   4.7
  bottom_half_6__mux_tree (mux_tree_8_1_seq_DATA_WIDTH32_NUM_OUTPUT_DATA1_NUM_INPUT_DATA8_2)
                                            N/A    0.288 6.61e+03    0.254   4.7
  bottom_half_5__mux_tree (mux_tree_8_1_seq_DATA_WIDTH32_NUM_OUTPUT_DATA1_NUM_INPUT_DATA8_3)
                                            N/A    0.286 6.63e+03    0.252   4.7
  bottom_half_4__mux_tree (mux_tree_8_1_seq_DATA_WIDTH32_NUM_OUTPUT_DATA1_NUM_INPUT_DATA8_4)
                                            N/A    0.287 6.59e+03    0.253   4.7
  bottom_half_3__mux_tree (mux_tree_8_1_seq_DATA_WIDTH32_NUM_OUTPUT_DATA1_NUM_INPUT_DATA8_5)
                                            N/A    0.288 6.83e+03    0.254   4.7
  bottom_half_2__mux_tree (mux_tree_8_1_seq_DATA_WIDTH32_NUM_OUTPUT_DATA1_NUM_INPUT_DATA8_6)
                                            N/A    0.287 6.72e+03    0.253   4.7
  bottom_half_1__mux_tree (mux_tree_8_1_seq_DATA_WIDTH32_NUM_OUTPUT_DATA1_NUM_INPUT_DATA8_7)
                                            N/A    0.288 6.95e+03    0.254   4.7
  bottom_half_0__mux_tree (mux_tree_8_1_seq_DATA_WIDTH32_NUM_OUTPUT_DATA1_NUM_INPUT_DATA8_0)
                                            N/A    0.286 6.52e+03    0.251   4.6
  i_cmd_id_7__cmd_pipeline (cmd_wire_binary_tree_1_8_seq_DATA_WIDTH32_NUM_OUTPUT_DATA8_NUM_INPUT_DATA1_1)
                                            N/A    0.302 2.97e+03    0.248   4.6
  i_cmd_id_6__cmd_pipeline (cmd_wire_binary_tree_1_8_seq_DATA_WIDTH32_NUM_OUTPUT_DATA8_NUM_INPUT_DATA1_2)
                                            N/A    0.300 2.94e+03    0.246   4.6
  i_cmd_id_5__cmd_pipeline (cmd_wire_binary_tree_1_8_seq_DATA_WIDTH32_NUM_OUTPUT_DATA8_NUM_INPUT_DATA1_3)
                                            N/A    0.302 2.97e+03    0.248   4.6
  i_cmd_id_4__cmd_pipeline (cmd_wire_binary_tree_1_8_seq_DATA_WIDTH32_NUM_OUTPUT_DATA8_NUM_INPUT_DATA1_4)
                                            N/A    0.294 2.81e+03    0.240   4.4
  i_cmd_id_3__cmd_pipeline (cmd_wire_binary_tree_1_8_seq_DATA_WIDTH32_NUM_OUTPUT_DATA8_NUM_INPUT_DATA1_5)
                                            N/A    0.295 2.83e+03    0.241   4.5
  i_cmd_id_2__cmd_pipeline (cmd_wire_binary_tree_1_8_seq_DATA_WIDTH32_NUM_OUTPUT_DATA8_NUM_INPUT_DATA1_6)
                                            N/A    0.291 2.76e+03    0.236   4.4
  i_cmd_id_1__cmd_pipeline (cmd_wire_binary_tree_1_8_seq_DATA_WIDTH32_NUM_OUTPUT_DATA8_NUM_INPUT_DATA1_7)
                                            N/A    0.291 2.77e+03    0.237   4.4
  i_cmd_id_0__cmd_pipeline (cmd_wire_binary_tree_1_8_seq_DATA_WIDTH32_NUM_OUTPUT_DATA8_NUM_INPUT_DATA1_0)
                                            N/A    0.294 2.81e+03    0.240   4.4
1
