 
****************************************
Report : area
Design : crossbar_one_hot_seq
Version: Q-2019.12-SP2
Date   : Sat Apr 10 07:23:54 2021
****************************************

Library(s) Used:

    tcbn28hpcplusbwp30p140tt0p8v25c (File: /usr/scratch/will-jianming/TSMC_library/IP/TSMC28_STD_CELLS/custom_utils_ck/tsmc_ip/tcbn28hpcplusbwp30p140/nldm/tcbn28hpcplusbwp30p140tt0p8v25c.db)

Number of ports:                         2891
Number of nets:                         23703
Number of cells:                        21140
Number of combinational cells:          20876
Number of sequential cells:               264
Number of macros/black boxes:               0
Number of buf/inv:                       4259
Number of references:                     185

Combinational area:              13135.499945
Buf/Inv area:                     1666.728005
Noncombinational area:             509.543993
Macro/Black Box area:                0.000000
Net Interconnect area:      undefined  (Wire load has zero net area)

Total cell area:                 13645.043939
Total area:                 undefined
1
