Information: Propagating switching activity (low effort zero delay simulation). (PWR-6)
Warning: Design has unannotated primary inputs. (PWR-414)
Warning: Design has unannotated sequential cell outputs. (PWR-415)
 
****************************************
Report : power
        -hier
        -analysis_effort low
Design : flatten_benes_simple_seq
Version: J-2014.09-SP3
Date   : Tue Jun 15 08:18:42 2021
****************************************


Library(s) Used:

    tcbn28hpcplusbwp30p140lvttt0p8v25c (File: /usr/scratch/DRBE-shared/TSMC-library/IP/TSMC28_STD_CELLS/unzipped/tcbn28hpcplusbwp30p140lvt_190a/tcbn28hpcplusbwp30p140lvt_180a_nldm/TSMCHOME/digital/Front_End/timing_power_noise/NLDM/tcbn28hpcplusbwp30p140lvt_180a/tcbn28hpcplusbwp30p140lvttt0p8v25c.db)


Operating Conditions: tt0p8v25c   Library: tcbn28hpcplusbwp30p140lvttt0p8v25c
Wire Load Model Mode: segmented

Design        Wire Load Model            Library
------------------------------------------------
flatten_benes_simple_seq
                       ZeroWireload      tcbn28hpcplusbwp30p140lvttt0p8v25c
distribute_3x3_simple_seq_DATA_WIDTH32_COMMAND_WIDTH5_0
                       ZeroWireload      tcbn28hpcplusbwp30p140lvttt0p8v25c
distribute_2x2_simple_seq_DATA_WIDTH32_COMMAND_WIDTH2_0
                       ZeroWireload      tcbn28hpcplusbwp30p140lvttt0p8v25c
merge_2x1_simple_seq_DATA_WIDTH32_COMMAND_WIDTH1_0
                       ZeroWireload      tcbn28hpcplusbwp30p140lvttt0p8v25c
mux_2x1_simple_seq_DATA_WIDTH32_COMMAND_WIDTH1_0
                       ZeroWireload      tcbn28hpcplusbwp30p140lvttt0p8v25c
distribute_2x2_simple_seq_DATA_WIDTH32_COMMAND_WIDTH2_1
                       ZeroWireload      tcbn28hpcplusbwp30p140lvttt0p8v25c
distribute_2x2_simple_seq_DATA_WIDTH32_COMMAND_WIDTH2_2
                       ZeroWireload      tcbn28hpcplusbwp30p140lvttt0p8v25c
distribute_2x2_simple_seq_DATA_WIDTH32_COMMAND_WIDTH2_3
                       ZeroWireload      tcbn28hpcplusbwp30p140lvttt0p8v25c
distribute_3x3_simple_seq_DATA_WIDTH32_COMMAND_WIDTH5_1
                       ZeroWireload      tcbn28hpcplusbwp30p140lvttt0p8v25c
distribute_3x3_simple_seq_DATA_WIDTH32_COMMAND_WIDTH5_2
                       ZeroWireload      tcbn28hpcplusbwp30p140lvttt0p8v25c
distribute_3x3_simple_seq_DATA_WIDTH32_COMMAND_WIDTH5_3
                       ZeroWireload      tcbn28hpcplusbwp30p140lvttt0p8v25c
distribute_3x3_simple_seq_DATA_WIDTH32_COMMAND_WIDTH5_4
                       ZeroWireload      tcbn28hpcplusbwp30p140lvttt0p8v25c
distribute_3x3_simple_seq_DATA_WIDTH32_COMMAND_WIDTH5_5
                       ZeroWireload      tcbn28hpcplusbwp30p140lvttt0p8v25c
distribute_3x3_simple_seq_DATA_WIDTH32_COMMAND_WIDTH5_6
                       ZeroWireload      tcbn28hpcplusbwp30p140lvttt0p8v25c
distribute_3x3_simple_seq_DATA_WIDTH32_COMMAND_WIDTH5_7
                       ZeroWireload      tcbn28hpcplusbwp30p140lvttt0p8v25c
distribute_3x3_simple_seq_DATA_WIDTH32_COMMAND_WIDTH5_8
                       ZeroWireload      tcbn28hpcplusbwp30p140lvttt0p8v25c
distribute_3x3_simple_seq_DATA_WIDTH32_COMMAND_WIDTH5_9
                       ZeroWireload      tcbn28hpcplusbwp30p140lvttt0p8v25c
distribute_3x3_simple_seq_DATA_WIDTH32_COMMAND_WIDTH5_10
                       ZeroWireload      tcbn28hpcplusbwp30p140lvttt0p8v25c
distribute_3x3_simple_seq_DATA_WIDTH32_COMMAND_WIDTH5_11
                       ZeroWireload      tcbn28hpcplusbwp30p140lvttt0p8v25c
distribute_3x3_simple_seq_DATA_WIDTH32_COMMAND_WIDTH5_12
                       ZeroWireload      tcbn28hpcplusbwp30p140lvttt0p8v25c
distribute_3x3_simple_seq_DATA_WIDTH32_COMMAND_WIDTH5_13
                       ZeroWireload      tcbn28hpcplusbwp30p140lvttt0p8v25c
distribute_3x3_simple_seq_DATA_WIDTH32_COMMAND_WIDTH5_14
                       ZeroWireload      tcbn28hpcplusbwp30p140lvttt0p8v25c
distribute_3x3_simple_seq_DATA_WIDTH32_COMMAND_WIDTH5_15
                       ZeroWireload      tcbn28hpcplusbwp30p140lvttt0p8v25c
merge_2x1_simple_seq_DATA_WIDTH32_COMMAND_WIDTH1_1
                       ZeroWireload      tcbn28hpcplusbwp30p140lvttt0p8v25c
merge_2x1_simple_seq_DATA_WIDTH32_COMMAND_WIDTH1_2
                       ZeroWireload      tcbn28hpcplusbwp30p140lvttt0p8v25c
merge_2x1_simple_seq_DATA_WIDTH32_COMMAND_WIDTH1_3
                       ZeroWireload      tcbn28hpcplusbwp30p140lvttt0p8v25c
merge_2x1_simple_seq_DATA_WIDTH32_COMMAND_WIDTH1_4
                       ZeroWireload      tcbn28hpcplusbwp30p140lvttt0p8v25c
merge_2x1_simple_seq_DATA_WIDTH32_COMMAND_WIDTH1_5
                       ZeroWireload      tcbn28hpcplusbwp30p140lvttt0p8v25c
merge_2x1_simple_seq_DATA_WIDTH32_COMMAND_WIDTH1_6
                       ZeroWireload      tcbn28hpcplusbwp30p140lvttt0p8v25c
merge_2x1_simple_seq_DATA_WIDTH32_COMMAND_WIDTH1_7
                       ZeroWireload      tcbn28hpcplusbwp30p140lvttt0p8v25c
merge_2x1_simple_seq_DATA_WIDTH32_COMMAND_WIDTH1_8
                       ZeroWireload      tcbn28hpcplusbwp30p140lvttt0p8v25c
merge_2x1_simple_seq_DATA_WIDTH32_COMMAND_WIDTH1_9
                       ZeroWireload      tcbn28hpcplusbwp30p140lvttt0p8v25c
merge_2x1_simple_seq_DATA_WIDTH32_COMMAND_WIDTH1_10
                       ZeroWireload      tcbn28hpcplusbwp30p140lvttt0p8v25c
merge_2x1_simple_seq_DATA_WIDTH32_COMMAND_WIDTH1_11
                       ZeroWireload      tcbn28hpcplusbwp30p140lvttt0p8v25c
merge_2x1_simple_seq_DATA_WIDTH32_COMMAND_WIDTH1_12
                       ZeroWireload      tcbn28hpcplusbwp30p140lvttt0p8v25c
merge_2x1_simple_seq_DATA_WIDTH32_COMMAND_WIDTH1_13
                       ZeroWireload      tcbn28hpcplusbwp30p140lvttt0p8v25c
merge_2x1_simple_seq_DATA_WIDTH32_COMMAND_WIDTH1_14
                       ZeroWireload      tcbn28hpcplusbwp30p140lvttt0p8v25c
merge_2x1_simple_seq_DATA_WIDTH32_COMMAND_WIDTH1_15
                       ZeroWireload      tcbn28hpcplusbwp30p140lvttt0p8v25c
merge_2x1_simple_seq_DATA_WIDTH32_COMMAND_WIDTH1_16
                       ZeroWireload      tcbn28hpcplusbwp30p140lvttt0p8v25c
merge_2x1_simple_seq_DATA_WIDTH32_COMMAND_WIDTH1_17
                       ZeroWireload      tcbn28hpcplusbwp30p140lvttt0p8v25c
merge_2x1_simple_seq_DATA_WIDTH32_COMMAND_WIDTH1_18
                       ZeroWireload      tcbn28hpcplusbwp30p140lvttt0p8v25c
merge_2x1_simple_seq_DATA_WIDTH32_COMMAND_WIDTH1_19
                       ZeroWireload      tcbn28hpcplusbwp30p140lvttt0p8v25c
merge_2x1_simple_seq_DATA_WIDTH32_COMMAND_WIDTH1_20
                       ZeroWireload      tcbn28hpcplusbwp30p140lvttt0p8v25c
merge_2x1_simple_seq_DATA_WIDTH32_COMMAND_WIDTH1_21
                       ZeroWireload      tcbn28hpcplusbwp30p140lvttt0p8v25c
merge_2x1_simple_seq_DATA_WIDTH32_COMMAND_WIDTH1_22
                       ZeroWireload      tcbn28hpcplusbwp30p140lvttt0p8v25c
merge_2x1_simple_seq_DATA_WIDTH32_COMMAND_WIDTH1_23
                       ZeroWireload      tcbn28hpcplusbwp30p140lvttt0p8v25c
merge_2x1_simple_seq_DATA_WIDTH32_COMMAND_WIDTH1_24
                       ZeroWireload      tcbn28hpcplusbwp30p140lvttt0p8v25c
merge_2x1_simple_seq_DATA_WIDTH32_COMMAND_WIDTH1_25
                       ZeroWireload      tcbn28hpcplusbwp30p140lvttt0p8v25c
merge_2x1_simple_seq_DATA_WIDTH32_COMMAND_WIDTH1_26
                       ZeroWireload      tcbn28hpcplusbwp30p140lvttt0p8v25c
merge_2x1_simple_seq_DATA_WIDTH32_COMMAND_WIDTH1_27
                       ZeroWireload      tcbn28hpcplusbwp30p140lvttt0p8v25c
merge_2x1_simple_seq_DATA_WIDTH32_COMMAND_WIDTH1_28
                       ZeroWireload      tcbn28hpcplusbwp30p140lvttt0p8v25c
merge_2x1_simple_seq_DATA_WIDTH32_COMMAND_WIDTH1_29
                       ZeroWireload      tcbn28hpcplusbwp30p140lvttt0p8v25c
merge_2x1_simple_seq_DATA_WIDTH32_COMMAND_WIDTH1_30
                       ZeroWireload      tcbn28hpcplusbwp30p140lvttt0p8v25c
merge_2x1_simple_seq_DATA_WIDTH32_COMMAND_WIDTH1_31
                       ZeroWireload      tcbn28hpcplusbwp30p140lvttt0p8v25c
merge_2x1_simple_seq_DATA_WIDTH32_COMMAND_WIDTH1_32
                       ZeroWireload      tcbn28hpcplusbwp30p140lvttt0p8v25c
merge_2x1_simple_seq_DATA_WIDTH32_COMMAND_WIDTH1_33
                       ZeroWireload      tcbn28hpcplusbwp30p140lvttt0p8v25c
merge_2x1_simple_seq_DATA_WIDTH32_COMMAND_WIDTH1_34
                       ZeroWireload      tcbn28hpcplusbwp30p140lvttt0p8v25c
merge_2x1_simple_seq_DATA_WIDTH32_COMMAND_WIDTH1_35
                       ZeroWireload      tcbn28hpcplusbwp30p140lvttt0p8v25c
merge_2x1_simple_seq_DATA_WIDTH32_COMMAND_WIDTH1_36
                       ZeroWireload      tcbn28hpcplusbwp30p140lvttt0p8v25c
merge_2x1_simple_seq_DATA_WIDTH32_COMMAND_WIDTH1_37
                       ZeroWireload      tcbn28hpcplusbwp30p140lvttt0p8v25c
merge_2x1_simple_seq_DATA_WIDTH32_COMMAND_WIDTH1_38
                       ZeroWireload      tcbn28hpcplusbwp30p140lvttt0p8v25c
merge_2x1_simple_seq_DATA_WIDTH32_COMMAND_WIDTH1_39
                       ZeroWireload      tcbn28hpcplusbwp30p140lvttt0p8v25c
merge_2x1_simple_seq_DATA_WIDTH32_COMMAND_WIDTH1_40
                       ZeroWireload      tcbn28hpcplusbwp30p140lvttt0p8v25c
merge_2x1_simple_seq_DATA_WIDTH32_COMMAND_WIDTH1_41
                       ZeroWireload      tcbn28hpcplusbwp30p140lvttt0p8v25c
merge_2x1_simple_seq_DATA_WIDTH32_COMMAND_WIDTH1_42
                       ZeroWireload      tcbn28hpcplusbwp30p140lvttt0p8v25c
merge_2x1_simple_seq_DATA_WIDTH32_COMMAND_WIDTH1_43
                       ZeroWireload      tcbn28hpcplusbwp30p140lvttt0p8v25c
merge_2x1_simple_seq_DATA_WIDTH32_COMMAND_WIDTH1_44
                       ZeroWireload      tcbn28hpcplusbwp30p140lvttt0p8v25c
merge_2x1_simple_seq_DATA_WIDTH32_COMMAND_WIDTH1_45
                       ZeroWireload      tcbn28hpcplusbwp30p140lvttt0p8v25c
merge_2x1_simple_seq_DATA_WIDTH32_COMMAND_WIDTH1_46
                       ZeroWireload      tcbn28hpcplusbwp30p140lvttt0p8v25c
merge_2x1_simple_seq_DATA_WIDTH32_COMMAND_WIDTH1_47
                       ZeroWireload      tcbn28hpcplusbwp30p140lvttt0p8v25c
merge_2x1_simple_seq_DATA_WIDTH32_COMMAND_WIDTH1_48
                       ZeroWireload      tcbn28hpcplusbwp30p140lvttt0p8v25c
merge_2x1_simple_seq_DATA_WIDTH32_COMMAND_WIDTH1_49
                       ZeroWireload      tcbn28hpcplusbwp30p140lvttt0p8v25c
merge_2x1_simple_seq_DATA_WIDTH32_COMMAND_WIDTH1_50
                       ZeroWireload      tcbn28hpcplusbwp30p140lvttt0p8v25c
merge_2x1_simple_seq_DATA_WIDTH32_COMMAND_WIDTH1_51
                       ZeroWireload      tcbn28hpcplusbwp30p140lvttt0p8v25c
merge_2x1_simple_seq_DATA_WIDTH32_COMMAND_WIDTH1_52
                       ZeroWireload      tcbn28hpcplusbwp30p140lvttt0p8v25c
merge_2x1_simple_seq_DATA_WIDTH32_COMMAND_WIDTH1_53
                       ZeroWireload      tcbn28hpcplusbwp30p140lvttt0p8v25c
merge_2x1_simple_seq_DATA_WIDTH32_COMMAND_WIDTH1_54
                       ZeroWireload      tcbn28hpcplusbwp30p140lvttt0p8v25c
merge_2x1_simple_seq_DATA_WIDTH32_COMMAND_WIDTH1_55
                       ZeroWireload      tcbn28hpcplusbwp30p140lvttt0p8v25c
merge_2x1_simple_seq_DATA_WIDTH32_COMMAND_WIDTH1_56
                       ZeroWireload      tcbn28hpcplusbwp30p140lvttt0p8v25c
merge_2x1_simple_seq_DATA_WIDTH32_COMMAND_WIDTH1_57
                       ZeroWireload      tcbn28hpcplusbwp30p140lvttt0p8v25c
merge_2x1_simple_seq_DATA_WIDTH32_COMMAND_WIDTH1_58
                       ZeroWireload      tcbn28hpcplusbwp30p140lvttt0p8v25c
merge_2x1_simple_seq_DATA_WIDTH32_COMMAND_WIDTH1_59
                       ZeroWireload      tcbn28hpcplusbwp30p140lvttt0p8v25c
merge_2x1_simple_seq_DATA_WIDTH32_COMMAND_WIDTH1_60
                       ZeroWireload      tcbn28hpcplusbwp30p140lvttt0p8v25c
merge_2x1_simple_seq_DATA_WIDTH32_COMMAND_WIDTH1_61
                       ZeroWireload      tcbn28hpcplusbwp30p140lvttt0p8v25c
merge_2x1_simple_seq_DATA_WIDTH32_COMMAND_WIDTH1_62
                       ZeroWireload      tcbn28hpcplusbwp30p140lvttt0p8v25c
merge_2x1_simple_seq_DATA_WIDTH32_COMMAND_WIDTH1_63
                       ZeroWireload      tcbn28hpcplusbwp30p140lvttt0p8v25c
merge_2x1_simple_seq_DATA_WIDTH32_COMMAND_WIDTH1_64
                       ZeroWireload      tcbn28hpcplusbwp30p140lvttt0p8v25c
merge_2x1_simple_seq_DATA_WIDTH32_COMMAND_WIDTH1_65
                       ZeroWireload      tcbn28hpcplusbwp30p140lvttt0p8v25c
merge_2x1_simple_seq_DATA_WIDTH32_COMMAND_WIDTH1_66
                       ZeroWireload      tcbn28hpcplusbwp30p140lvttt0p8v25c
merge_2x1_simple_seq_DATA_WIDTH32_COMMAND_WIDTH1_67
                       ZeroWireload      tcbn28hpcplusbwp30p140lvttt0p8v25c
merge_2x1_simple_seq_DATA_WIDTH32_COMMAND_WIDTH1_68
                       ZeroWireload      tcbn28hpcplusbwp30p140lvttt0p8v25c
merge_2x1_simple_seq_DATA_WIDTH32_COMMAND_WIDTH1_69
                       ZeroWireload      tcbn28hpcplusbwp30p140lvttt0p8v25c
merge_2x1_simple_seq_DATA_WIDTH32_COMMAND_WIDTH1_70
                       ZeroWireload      tcbn28hpcplusbwp30p140lvttt0p8v25c
merge_2x1_simple_seq_DATA_WIDTH32_COMMAND_WIDTH1_71
                       ZeroWireload      tcbn28hpcplusbwp30p140lvttt0p8v25c
merge_2x1_simple_seq_DATA_WIDTH32_COMMAND_WIDTH1_72
                       ZeroWireload      tcbn28hpcplusbwp30p140lvttt0p8v25c
merge_2x1_simple_seq_DATA_WIDTH32_COMMAND_WIDTH1_73
                       ZeroWireload      tcbn28hpcplusbwp30p140lvttt0p8v25c
merge_2x1_simple_seq_DATA_WIDTH32_COMMAND_WIDTH1_74
                       ZeroWireload      tcbn28hpcplusbwp30p140lvttt0p8v25c
merge_2x1_simple_seq_DATA_WIDTH32_COMMAND_WIDTH1_75
                       ZeroWireload      tcbn28hpcplusbwp30p140lvttt0p8v25c
merge_2x1_simple_seq_DATA_WIDTH32_COMMAND_WIDTH1_76
                       ZeroWireload      tcbn28hpcplusbwp30p140lvttt0p8v25c
merge_2x1_simple_seq_DATA_WIDTH32_COMMAND_WIDTH1_77
                       ZeroWireload      tcbn28hpcplusbwp30p140lvttt0p8v25c
merge_2x1_simple_seq_DATA_WIDTH32_COMMAND_WIDTH1_78
                       ZeroWireload      tcbn28hpcplusbwp30p140lvttt0p8v25c
merge_2x1_simple_seq_DATA_WIDTH32_COMMAND_WIDTH1_79
                       ZeroWireload      tcbn28hpcplusbwp30p140lvttt0p8v25c
merge_2x1_simple_seq_DATA_WIDTH32_COMMAND_WIDTH1_80
                       ZeroWireload      tcbn28hpcplusbwp30p140lvttt0p8v25c
merge_2x1_simple_seq_DATA_WIDTH32_COMMAND_WIDTH1_81
                       ZeroWireload      tcbn28hpcplusbwp30p140lvttt0p8v25c
merge_2x1_simple_seq_DATA_WIDTH32_COMMAND_WIDTH1_82
                       ZeroWireload      tcbn28hpcplusbwp30p140lvttt0p8v25c
merge_2x1_simple_seq_DATA_WIDTH32_COMMAND_WIDTH1_83
                       ZeroWireload      tcbn28hpcplusbwp30p140lvttt0p8v25c
merge_2x1_simple_seq_DATA_WIDTH32_COMMAND_WIDTH1_84
                       ZeroWireload      tcbn28hpcplusbwp30p140lvttt0p8v25c
merge_2x1_simple_seq_DATA_WIDTH32_COMMAND_WIDTH1_85
                       ZeroWireload      tcbn28hpcplusbwp30p140lvttt0p8v25c
merge_2x1_simple_seq_DATA_WIDTH32_COMMAND_WIDTH1_86
                       ZeroWireload      tcbn28hpcplusbwp30p140lvttt0p8v25c
merge_2x1_simple_seq_DATA_WIDTH32_COMMAND_WIDTH1_87
                       ZeroWireload      tcbn28hpcplusbwp30p140lvttt0p8v25c
merge_2x1_simple_seq_DATA_WIDTH32_COMMAND_WIDTH1_88
                       ZeroWireload      tcbn28hpcplusbwp30p140lvttt0p8v25c
merge_2x1_simple_seq_DATA_WIDTH32_COMMAND_WIDTH1_89
                       ZeroWireload      tcbn28hpcplusbwp30p140lvttt0p8v25c
merge_2x1_simple_seq_DATA_WIDTH32_COMMAND_WIDTH1_90
                       ZeroWireload      tcbn28hpcplusbwp30p140lvttt0p8v25c
merge_2x1_simple_seq_DATA_WIDTH32_COMMAND_WIDTH1_91
                       ZeroWireload      tcbn28hpcplusbwp30p140lvttt0p8v25c
merge_2x1_simple_seq_DATA_WIDTH32_COMMAND_WIDTH1_92
                       ZeroWireload      tcbn28hpcplusbwp30p140lvttt0p8v25c
merge_2x1_simple_seq_DATA_WIDTH32_COMMAND_WIDTH1_93
                       ZeroWireload      tcbn28hpcplusbwp30p140lvttt0p8v25c
merge_2x1_simple_seq_DATA_WIDTH32_COMMAND_WIDTH1_94
                       ZeroWireload      tcbn28hpcplusbwp30p140lvttt0p8v25c
merge_2x1_simple_seq_DATA_WIDTH32_COMMAND_WIDTH1_95
                       ZeroWireload      tcbn28hpcplusbwp30p140lvttt0p8v25c
mux_2x1_simple_seq_DATA_WIDTH32_COMMAND_WIDTH1_1
                       ZeroWireload      tcbn28hpcplusbwp30p140lvttt0p8v25c
mux_2x1_simple_seq_DATA_WIDTH32_COMMAND_WIDTH1_2
                       ZeroWireload      tcbn28hpcplusbwp30p140lvttt0p8v25c
mux_2x1_simple_seq_DATA_WIDTH32_COMMAND_WIDTH1_3
                       ZeroWireload      tcbn28hpcplusbwp30p140lvttt0p8v25c
mux_2x1_simple_seq_DATA_WIDTH32_COMMAND_WIDTH1_4
                       ZeroWireload      tcbn28hpcplusbwp30p140lvttt0p8v25c
mux_2x1_simple_seq_DATA_WIDTH32_COMMAND_WIDTH1_5
                       ZeroWireload      tcbn28hpcplusbwp30p140lvttt0p8v25c
mux_2x1_simple_seq_DATA_WIDTH32_COMMAND_WIDTH1_6
                       ZeroWireload      tcbn28hpcplusbwp30p140lvttt0p8v25c
mux_2x1_simple_seq_DATA_WIDTH32_COMMAND_WIDTH1_7
                       ZeroWireload      tcbn28hpcplusbwp30p140lvttt0p8v25c
mux_2x1_simple_seq_DATA_WIDTH32_COMMAND_WIDTH1_8
                       ZeroWireload      tcbn28hpcplusbwp30p140lvttt0p8v25c
mux_2x1_simple_seq_DATA_WIDTH32_COMMAND_WIDTH1_9
                       ZeroWireload      tcbn28hpcplusbwp30p140lvttt0p8v25c
mux_2x1_simple_seq_DATA_WIDTH32_COMMAND_WIDTH1_10
                       ZeroWireload      tcbn28hpcplusbwp30p140lvttt0p8v25c
mux_2x1_simple_seq_DATA_WIDTH32_COMMAND_WIDTH1_11
                       ZeroWireload      tcbn28hpcplusbwp30p140lvttt0p8v25c
mux_2x1_simple_seq_DATA_WIDTH32_COMMAND_WIDTH1_12
                       ZeroWireload      tcbn28hpcplusbwp30p140lvttt0p8v25c
mux_2x1_simple_seq_DATA_WIDTH32_COMMAND_WIDTH1_13
                       ZeroWireload      tcbn28hpcplusbwp30p140lvttt0p8v25c
mux_2x1_simple_seq_DATA_WIDTH32_COMMAND_WIDTH1_14
                       ZeroWireload      tcbn28hpcplusbwp30p140lvttt0p8v25c
mux_2x1_simple_seq_DATA_WIDTH32_COMMAND_WIDTH1_15
                       ZeroWireload      tcbn28hpcplusbwp30p140lvttt0p8v25c
mux_2x1_simple_seq_DATA_WIDTH32_COMMAND_WIDTH1_16
                       ZeroWireload      tcbn28hpcplusbwp30p140lvttt0p8v25c
mux_2x1_simple_seq_DATA_WIDTH32_COMMAND_WIDTH1_17
                       ZeroWireload      tcbn28hpcplusbwp30p140lvttt0p8v25c
mux_2x1_simple_seq_DATA_WIDTH32_COMMAND_WIDTH1_18
                       ZeroWireload      tcbn28hpcplusbwp30p140lvttt0p8v25c
mux_2x1_simple_seq_DATA_WIDTH32_COMMAND_WIDTH1_19
                       ZeroWireload      tcbn28hpcplusbwp30p140lvttt0p8v25c
mux_2x1_simple_seq_DATA_WIDTH32_COMMAND_WIDTH1_20
                       ZeroWireload      tcbn28hpcplusbwp30p140lvttt0p8v25c
mux_2x1_simple_seq_DATA_WIDTH32_COMMAND_WIDTH1_21
                       ZeroWireload      tcbn28hpcplusbwp30p140lvttt0p8v25c
mux_2x1_simple_seq_DATA_WIDTH32_COMMAND_WIDTH1_22
                       ZeroWireload      tcbn28hpcplusbwp30p140lvttt0p8v25c
mux_2x1_simple_seq_DATA_WIDTH32_COMMAND_WIDTH1_23
                       ZeroWireload      tcbn28hpcplusbwp30p140lvttt0p8v25c
mux_2x1_simple_seq_DATA_WIDTH32_COMMAND_WIDTH1_24
                       ZeroWireload      tcbn28hpcplusbwp30p140lvttt0p8v25c
mux_2x1_simple_seq_DATA_WIDTH32_COMMAND_WIDTH1_25
                       ZeroWireload      tcbn28hpcplusbwp30p140lvttt0p8v25c
mux_2x1_simple_seq_DATA_WIDTH32_COMMAND_WIDTH1_26
                       ZeroWireload      tcbn28hpcplusbwp30p140lvttt0p8v25c
mux_2x1_simple_seq_DATA_WIDTH32_COMMAND_WIDTH1_27
                       ZeroWireload      tcbn28hpcplusbwp30p140lvttt0p8v25c
mux_2x1_simple_seq_DATA_WIDTH32_COMMAND_WIDTH1_28
                       ZeroWireload      tcbn28hpcplusbwp30p140lvttt0p8v25c
mux_2x1_simple_seq_DATA_WIDTH32_COMMAND_WIDTH1_29
                       ZeroWireload      tcbn28hpcplusbwp30p140lvttt0p8v25c
mux_2x1_simple_seq_DATA_WIDTH32_COMMAND_WIDTH1_30
                       ZeroWireload      tcbn28hpcplusbwp30p140lvttt0p8v25c
mux_2x1_simple_seq_DATA_WIDTH32_COMMAND_WIDTH1_31
                       ZeroWireload      tcbn28hpcplusbwp30p140lvttt0p8v25c
mux_2x1_simple_seq_DATA_WIDTH32_COMMAND_WIDTH1_32
                       ZeroWireload      tcbn28hpcplusbwp30p140lvttt0p8v25c
mux_2x1_simple_seq_DATA_WIDTH32_COMMAND_WIDTH1_33
                       ZeroWireload      tcbn28hpcplusbwp30p140lvttt0p8v25c
mux_2x1_simple_seq_DATA_WIDTH32_COMMAND_WIDTH1_34
                       ZeroWireload      tcbn28hpcplusbwp30p140lvttt0p8v25c
mux_2x1_simple_seq_DATA_WIDTH32_COMMAND_WIDTH1_35
                       ZeroWireload      tcbn28hpcplusbwp30p140lvttt0p8v25c
mux_2x1_simple_seq_DATA_WIDTH32_COMMAND_WIDTH1_36
                       ZeroWireload      tcbn28hpcplusbwp30p140lvttt0p8v25c
mux_2x1_simple_seq_DATA_WIDTH32_COMMAND_WIDTH1_37
                       ZeroWireload      tcbn28hpcplusbwp30p140lvttt0p8v25c
mux_2x1_simple_seq_DATA_WIDTH32_COMMAND_WIDTH1_38
                       ZeroWireload      tcbn28hpcplusbwp30p140lvttt0p8v25c
mux_2x1_simple_seq_DATA_WIDTH32_COMMAND_WIDTH1_39
                       ZeroWireload      tcbn28hpcplusbwp30p140lvttt0p8v25c
mux_2x1_simple_seq_DATA_WIDTH32_COMMAND_WIDTH1_40
                       ZeroWireload      tcbn28hpcplusbwp30p140lvttt0p8v25c
mux_2x1_simple_seq_DATA_WIDTH32_COMMAND_WIDTH1_41
                       ZeroWireload      tcbn28hpcplusbwp30p140lvttt0p8v25c
mux_2x1_simple_seq_DATA_WIDTH32_COMMAND_WIDTH1_42
                       ZeroWireload      tcbn28hpcplusbwp30p140lvttt0p8v25c
mux_2x1_simple_seq_DATA_WIDTH32_COMMAND_WIDTH1_43
                       ZeroWireload      tcbn28hpcplusbwp30p140lvttt0p8v25c
mux_2x1_simple_seq_DATA_WIDTH32_COMMAND_WIDTH1_44
                       ZeroWireload      tcbn28hpcplusbwp30p140lvttt0p8v25c
mux_2x1_simple_seq_DATA_WIDTH32_COMMAND_WIDTH1_45
                       ZeroWireload      tcbn28hpcplusbwp30p140lvttt0p8v25c
mux_2x1_simple_seq_DATA_WIDTH32_COMMAND_WIDTH1_46
                       ZeroWireload      tcbn28hpcplusbwp30p140lvttt0p8v25c
mux_2x1_simple_seq_DATA_WIDTH32_COMMAND_WIDTH1_47
                       ZeroWireload      tcbn28hpcplusbwp30p140lvttt0p8v25c
mux_2x1_simple_seq_DATA_WIDTH32_COMMAND_WIDTH1_48
                       ZeroWireload      tcbn28hpcplusbwp30p140lvttt0p8v25c
mux_2x1_simple_seq_DATA_WIDTH32_COMMAND_WIDTH1_49
                       ZeroWireload      tcbn28hpcplusbwp30p140lvttt0p8v25c
mux_2x1_simple_seq_DATA_WIDTH32_COMMAND_WIDTH1_50
                       ZeroWireload      tcbn28hpcplusbwp30p140lvttt0p8v25c
mux_2x1_simple_seq_DATA_WIDTH32_COMMAND_WIDTH1_51
                       ZeroWireload      tcbn28hpcplusbwp30p140lvttt0p8v25c
mux_2x1_simple_seq_DATA_WIDTH32_COMMAND_WIDTH1_52
                       ZeroWireload      tcbn28hpcplusbwp30p140lvttt0p8v25c
mux_2x1_simple_seq_DATA_WIDTH32_COMMAND_WIDTH1_53
                       ZeroWireload      tcbn28hpcplusbwp30p140lvttt0p8v25c
mux_2x1_simple_seq_DATA_WIDTH32_COMMAND_WIDTH1_54
                       ZeroWireload      tcbn28hpcplusbwp30p140lvttt0p8v25c
mux_2x1_simple_seq_DATA_WIDTH32_COMMAND_WIDTH1_55
                       ZeroWireload      tcbn28hpcplusbwp30p140lvttt0p8v25c
mux_2x1_simple_seq_DATA_WIDTH32_COMMAND_WIDTH1_56
                       ZeroWireload      tcbn28hpcplusbwp30p140lvttt0p8v25c
mux_2x1_simple_seq_DATA_WIDTH32_COMMAND_WIDTH1_57
                       ZeroWireload      tcbn28hpcplusbwp30p140lvttt0p8v25c
mux_2x1_simple_seq_DATA_WIDTH32_COMMAND_WIDTH1_58
                       ZeroWireload      tcbn28hpcplusbwp30p140lvttt0p8v25c
mux_2x1_simple_seq_DATA_WIDTH32_COMMAND_WIDTH1_59
                       ZeroWireload      tcbn28hpcplusbwp30p140lvttt0p8v25c
mux_2x1_simple_seq_DATA_WIDTH32_COMMAND_WIDTH1_60
                       ZeroWireload      tcbn28hpcplusbwp30p140lvttt0p8v25c
mux_2x1_simple_seq_DATA_WIDTH32_COMMAND_WIDTH1_61
                       ZeroWireload      tcbn28hpcplusbwp30p140lvttt0p8v25c
mux_2x1_simple_seq_DATA_WIDTH32_COMMAND_WIDTH1_62
                       ZeroWireload      tcbn28hpcplusbwp30p140lvttt0p8v25c
mux_2x1_simple_seq_DATA_WIDTH32_COMMAND_WIDTH1_63
                       ZeroWireload      tcbn28hpcplusbwp30p140lvttt0p8v25c
mux_2x1_simple_seq_DATA_WIDTH32_COMMAND_WIDTH1_64
                       ZeroWireload      tcbn28hpcplusbwp30p140lvttt0p8v25c
mux_2x1_simple_seq_DATA_WIDTH32_COMMAND_WIDTH1_65
                       ZeroWireload      tcbn28hpcplusbwp30p140lvttt0p8v25c
mux_2x1_simple_seq_DATA_WIDTH32_COMMAND_WIDTH1_66
                       ZeroWireload      tcbn28hpcplusbwp30p140lvttt0p8v25c
mux_2x1_simple_seq_DATA_WIDTH32_COMMAND_WIDTH1_67
                       ZeroWireload      tcbn28hpcplusbwp30p140lvttt0p8v25c
mux_2x1_simple_seq_DATA_WIDTH32_COMMAND_WIDTH1_68
                       ZeroWireload      tcbn28hpcplusbwp30p140lvttt0p8v25c
mux_2x1_simple_seq_DATA_WIDTH32_COMMAND_WIDTH1_69
                       ZeroWireload      tcbn28hpcplusbwp30p140lvttt0p8v25c
mux_2x1_simple_seq_DATA_WIDTH32_COMMAND_WIDTH1_70
                       ZeroWireload      tcbn28hpcplusbwp30p140lvttt0p8v25c
mux_2x1_simple_seq_DATA_WIDTH32_COMMAND_WIDTH1_71
                       ZeroWireload      tcbn28hpcplusbwp30p140lvttt0p8v25c
mux_2x1_simple_seq_DATA_WIDTH32_COMMAND_WIDTH1_72
                       ZeroWireload      tcbn28hpcplusbwp30p140lvttt0p8v25c
mux_2x1_simple_seq_DATA_WIDTH32_COMMAND_WIDTH1_73
                       ZeroWireload      tcbn28hpcplusbwp30p140lvttt0p8v25c
mux_2x1_simple_seq_DATA_WIDTH32_COMMAND_WIDTH1_74
                       ZeroWireload      tcbn28hpcplusbwp30p140lvttt0p8v25c
mux_2x1_simple_seq_DATA_WIDTH32_COMMAND_WIDTH1_75
                       ZeroWireload      tcbn28hpcplusbwp30p140lvttt0p8v25c
mux_2x1_simple_seq_DATA_WIDTH32_COMMAND_WIDTH1_76
                       ZeroWireload      tcbn28hpcplusbwp30p140lvttt0p8v25c
mux_2x1_simple_seq_DATA_WIDTH32_COMMAND_WIDTH1_77
                       ZeroWireload      tcbn28hpcplusbwp30p140lvttt0p8v25c
mux_2x1_simple_seq_DATA_WIDTH32_COMMAND_WIDTH1_78
                       ZeroWireload      tcbn28hpcplusbwp30p140lvttt0p8v25c
mux_2x1_simple_seq_DATA_WIDTH32_COMMAND_WIDTH1_79
                       ZeroWireload      tcbn28hpcplusbwp30p140lvttt0p8v25c
mux_2x1_simple_seq_DATA_WIDTH32_COMMAND_WIDTH1_80
                       ZeroWireload      tcbn28hpcplusbwp30p140lvttt0p8v25c
mux_2x1_simple_seq_DATA_WIDTH32_COMMAND_WIDTH1_81
                       ZeroWireload      tcbn28hpcplusbwp30p140lvttt0p8v25c
mux_2x1_simple_seq_DATA_WIDTH32_COMMAND_WIDTH1_82
                       ZeroWireload      tcbn28hpcplusbwp30p140lvttt0p8v25c
mux_2x1_simple_seq_DATA_WIDTH32_COMMAND_WIDTH1_83
                       ZeroWireload      tcbn28hpcplusbwp30p140lvttt0p8v25c
mux_2x1_simple_seq_DATA_WIDTH32_COMMAND_WIDTH1_84
                       ZeroWireload      tcbn28hpcplusbwp30p140lvttt0p8v25c
mux_2x1_simple_seq_DATA_WIDTH32_COMMAND_WIDTH1_85
                       ZeroWireload      tcbn28hpcplusbwp30p140lvttt0p8v25c
mux_2x1_simple_seq_DATA_WIDTH32_COMMAND_WIDTH1_86
                       ZeroWireload      tcbn28hpcplusbwp30p140lvttt0p8v25c
mux_2x1_simple_seq_DATA_WIDTH32_COMMAND_WIDTH1_87
                       ZeroWireload      tcbn28hpcplusbwp30p140lvttt0p8v25c
mux_2x1_simple_seq_DATA_WIDTH32_COMMAND_WIDTH1_88
                       ZeroWireload      tcbn28hpcplusbwp30p140lvttt0p8v25c
mux_2x1_simple_seq_DATA_WIDTH32_COMMAND_WIDTH1_89
                       ZeroWireload      tcbn28hpcplusbwp30p140lvttt0p8v25c
mux_2x1_simple_seq_DATA_WIDTH32_COMMAND_WIDTH1_90
                       ZeroWireload      tcbn28hpcplusbwp30p140lvttt0p8v25c
mux_2x1_simple_seq_DATA_WIDTH32_COMMAND_WIDTH1_91
                       ZeroWireload      tcbn28hpcplusbwp30p140lvttt0p8v25c
mux_2x1_simple_seq_DATA_WIDTH32_COMMAND_WIDTH1_92
                       ZeroWireload      tcbn28hpcplusbwp30p140lvttt0p8v25c
mux_2x1_simple_seq_DATA_WIDTH32_COMMAND_WIDTH1_93
                       ZeroWireload      tcbn28hpcplusbwp30p140lvttt0p8v25c
mux_2x1_simple_seq_DATA_WIDTH32_COMMAND_WIDTH1_94
                       ZeroWireload      tcbn28hpcplusbwp30p140lvttt0p8v25c
mux_2x1_simple_seq_DATA_WIDTH32_COMMAND_WIDTH1_95
                       ZeroWireload      tcbn28hpcplusbwp30p140lvttt0p8v25c


Global Operating Voltage = 0.8  
Power-specific unit information :
    Voltage Units = 1V
    Capacitance Units = 1.000000pf
    Time Units = 1ns
    Dynamic Power Units = 1mW    (derived from V,C,T units)
    Leakage Power Units = 1nW


--------------------------------------------------------------------------------
                                       Switch   Int      Leak     Total
Hierarchy                              Power    Power    Power    Power    %
--------------------------------------------------------------------------------
flatten_benes_simple_seq                  0.388   31.478 3.72e+05   32.238 100.0
  second_half_stages_4__sw_group_0__bottom_group_1__bottom_sw (distribute_3x3_simple_seq_DATA_WIDTH32_COMMAND_WIDTH5_1)
                                       4.08e-03    1.698 1.91e+04    1.721   5.3
    o_data_low (merge_2x1_simple_seq_DATA_WIDTH32_COMMAND_WIDTH1_1)
                                       6.62e-04    0.282 2.97e+03    0.285   0.9
      data_mux (mux_2x1_simple_seq_DATA_WIDTH32_COMMAND_WIDTH1_1)
                                       6.62e-04    0.282 2.97e+03    0.285   0.9
    o_data_high (merge_2x1_simple_seq_DATA_WIDTH32_COMMAND_WIDTH1_2)
                                       6.81e-04    0.282 2.97e+03    0.285   0.9
      data_mux (mux_2x1_simple_seq_DATA_WIDTH32_COMMAND_WIDTH1_2)
                                       6.81e-04    0.282 2.97e+03    0.285   0.9
    o_fwd_en (merge_2x1_simple_seq_DATA_WIDTH32_COMMAND_WIDTH1_3)
                                       3.47e-04    0.281 2.65e+03    0.284   0.9
      data_mux (mux_2x1_simple_seq_DATA_WIDTH32_COMMAND_WIDTH1_3)
                                       3.47e-04    0.281 2.65e+03    0.284   0.9
    o_fwd (merge_2x1_simple_seq_DATA_WIDTH32_COMMAND_WIDTH1_4)
                                       5.75e-04    0.285 3.51e+03    0.289   0.9
      data_mux (mux_2x1_simple_seq_DATA_WIDTH32_COMMAND_WIDTH1_4)
                                       5.75e-04    0.285 3.51e+03    0.289   0.9
    merge_i_data_low (merge_2x1_simple_seq_DATA_WIDTH32_COMMAND_WIDTH1_5)
                                       8.48e-04    0.285 3.52e+03    0.289   0.9
      data_mux (mux_2x1_simple_seq_DATA_WIDTH32_COMMAND_WIDTH1_5)
                                       8.48e-04    0.285 3.52e+03    0.289   0.9
    merge_i_data_high (merge_2x1_simple_seq_DATA_WIDTH32_COMMAND_WIDTH1_6)
                                       8.62e-04    0.285 3.50e+03    0.289   0.9
      data_mux (mux_2x1_simple_seq_DATA_WIDTH32_COMMAND_WIDTH1_6)
                                       8.62e-04    0.285 3.50e+03    0.289   0.9
  second_half_stages_4__sw_group_0__bottom_group_0__bottom_sw (distribute_3x3_simple_seq_DATA_WIDTH32_COMMAND_WIDTH5_2)
                                       3.93e-03    1.699 1.91e+04    1.722   5.3
    o_data_low (merge_2x1_simple_seq_DATA_WIDTH32_COMMAND_WIDTH1_7)
                                       6.69e-04    0.282 2.97e+03    0.285   0.9
      data_mux (mux_2x1_simple_seq_DATA_WIDTH32_COMMAND_WIDTH1_7)
                                       6.69e-04    0.282 2.97e+03    0.285   0.9
    o_data_high (merge_2x1_simple_seq_DATA_WIDTH32_COMMAND_WIDTH1_8)
                                       6.07e-04    0.281 2.97e+03    0.285   0.9
      data_mux (mux_2x1_simple_seq_DATA_WIDTH32_COMMAND_WIDTH1_8)
                                       6.07e-04    0.281 2.97e+03    0.285   0.9
    o_fwd_en (merge_2x1_simple_seq_DATA_WIDTH32_COMMAND_WIDTH1_9)
                                       3.50e-04    0.281 2.65e+03    0.284   0.9
      data_mux (mux_2x1_simple_seq_DATA_WIDTH32_COMMAND_WIDTH1_9)
                                       3.50e-04    0.281 2.65e+03    0.284   0.9
    o_fwd (merge_2x1_simple_seq_DATA_WIDTH32_COMMAND_WIDTH1_10)
                                       5.50e-04    0.285 3.49e+03    0.289   0.9
      data_mux (mux_2x1_simple_seq_DATA_WIDTH32_COMMAND_WIDTH1_10)
                                       5.50e-04    0.285 3.49e+03    0.289   0.9
    merge_i_data_low (merge_2x1_simple_seq_DATA_WIDTH32_COMMAND_WIDTH1_11)
                                       8.35e-04    0.285 3.49e+03    0.289   0.9
      data_mux (mux_2x1_simple_seq_DATA_WIDTH32_COMMAND_WIDTH1_11)
                                       8.35e-04    0.285 3.49e+03    0.289   0.9
    merge_i_data_high (merge_2x1_simple_seq_DATA_WIDTH32_COMMAND_WIDTH1_12)
                                       8.22e-04    0.285 3.49e+03    0.289   0.9
      data_mux (mux_2x1_simple_seq_DATA_WIDTH32_COMMAND_WIDTH1_12)
                                       8.22e-04    0.285 3.49e+03    0.289   0.9
  second_half_stages_4__sw_group_0__upper_group_1__upper_sw (distribute_3x3_simple_seq_DATA_WIDTH32_COMMAND_WIDTH5_3)
                                       4.05e-03    1.699 1.91e+04    1.722   5.3
    o_data_low (merge_2x1_simple_seq_DATA_WIDTH32_COMMAND_WIDTH1_13)
                                       7.07e-04    0.282 2.97e+03    0.285   0.9
      data_mux (mux_2x1_simple_seq_DATA_WIDTH32_COMMAND_WIDTH1_13)
                                       7.07e-04    0.282 2.97e+03    0.285   0.9
    o_data_high (merge_2x1_simple_seq_DATA_WIDTH32_COMMAND_WIDTH1_14)
                                       6.91e-04    0.282 2.97e+03    0.285   0.9
      data_mux (mux_2x1_simple_seq_DATA_WIDTH32_COMMAND_WIDTH1_14)
                                       6.91e-04    0.282 2.97e+03    0.285   0.9
    o_fwd_en (merge_2x1_simple_seq_DATA_WIDTH32_COMMAND_WIDTH1_15)
                                       3.20e-04    0.281 2.65e+03    0.284   0.9
      data_mux (mux_2x1_simple_seq_DATA_WIDTH32_COMMAND_WIDTH1_15)
                                       3.20e-04    0.281 2.65e+03    0.284   0.9
    o_fwd (merge_2x1_simple_seq_DATA_WIDTH32_COMMAND_WIDTH1_16)
                                       5.71e-04    0.285 3.49e+03    0.289   0.9
      data_mux (mux_2x1_simple_seq_DATA_WIDTH32_COMMAND_WIDTH1_16)
                                       5.71e-04    0.285 3.49e+03    0.289   0.9
    merge_i_data_low (merge_2x1_simple_seq_DATA_WIDTH32_COMMAND_WIDTH1_17)
                                       8.18e-04    0.285 3.50e+03    0.289   0.9
      data_mux (mux_2x1_simple_seq_DATA_WIDTH32_COMMAND_WIDTH1_17)
                                       8.18e-04    0.285 3.50e+03    0.289   0.9
    merge_i_data_high (merge_2x1_simple_seq_DATA_WIDTH32_COMMAND_WIDTH1_18)
                                       8.43e-04    0.285 3.50e+03    0.289   0.9
      data_mux (mux_2x1_simple_seq_DATA_WIDTH32_COMMAND_WIDTH1_18)
                                       8.43e-04    0.285 3.50e+03    0.289   0.9
  second_half_stages_4__sw_group_0__upper_group_0__upper_sw (distribute_3x3_simple_seq_DATA_WIDTH32_COMMAND_WIDTH5_4)
                                       3.97e-03    1.699 1.91e+04    1.722   5.3
    o_data_low (merge_2x1_simple_seq_DATA_WIDTH32_COMMAND_WIDTH1_19)
                                       6.52e-04    0.282 2.97e+03    0.285   0.9
      data_mux (mux_2x1_simple_seq_DATA_WIDTH32_COMMAND_WIDTH1_19)
                                       6.52e-04    0.282 2.97e+03    0.285   0.9
    o_data_high (merge_2x1_simple_seq_DATA_WIDTH32_COMMAND_WIDTH1_20)
                                       7.04e-04    0.282 2.97e+03    0.285   0.9
      data_mux (mux_2x1_simple_seq_DATA_WIDTH32_COMMAND_WIDTH1_20)
                                       7.04e-04    0.282 2.97e+03    0.285   0.9
    o_fwd_en (merge_2x1_simple_seq_DATA_WIDTH32_COMMAND_WIDTH1_21)
                                       3.15e-04    0.281 2.65e+03    0.284   0.9
      data_mux (mux_2x1_simple_seq_DATA_WIDTH32_COMMAND_WIDTH1_21)
                                       3.15e-04    0.281 2.65e+03    0.284   0.9
    o_fwd (merge_2x1_simple_seq_DATA_WIDTH32_COMMAND_WIDTH1_22)
                                       5.24e-04    0.285 3.49e+03    0.289   0.9
      data_mux (mux_2x1_simple_seq_DATA_WIDTH32_COMMAND_WIDTH1_22)
                                       5.24e-04    0.285 3.49e+03    0.289   0.9
    merge_i_data_low (merge_2x1_simple_seq_DATA_WIDTH32_COMMAND_WIDTH1_23)
                                       8.29e-04    0.285 3.49e+03    0.289   0.9
      data_mux (mux_2x1_simple_seq_DATA_WIDTH32_COMMAND_WIDTH1_23)
                                       8.29e-04    0.285 3.49e+03    0.289   0.9
    merge_i_data_high (merge_2x1_simple_seq_DATA_WIDTH32_COMMAND_WIDTH1_24)
                                       8.43e-04    0.285 3.49e+03    0.289   0.9
      data_mux (mux_2x1_simple_seq_DATA_WIDTH32_COMMAND_WIDTH1_24)
                                       8.43e-04    0.285 3.49e+03    0.289   0.9
  second_half_stages_3__sw_group_1__bottom_group_0__bottom_sw (distribute_3x3_simple_seq_DATA_WIDTH32_COMMAND_WIDTH5_5)
                                       6.91e-03    1.705 2.03e+04    1.732   5.4
    o_data_low (merge_2x1_simple_seq_DATA_WIDTH32_COMMAND_WIDTH1_25)
                                       9.25e-04    0.285 3.50e+03    0.289   0.9
      data_mux (mux_2x1_simple_seq_DATA_WIDTH32_COMMAND_WIDTH1_25)
                                       9.25e-04    0.285 3.50e+03    0.289   0.9
    o_data_high (merge_2x1_simple_seq_DATA_WIDTH32_COMMAND_WIDTH1_26)
                                       1.08e-03    0.285 3.50e+03    0.289   0.9
      data_mux (mux_2x1_simple_seq_DATA_WIDTH32_COMMAND_WIDTH1_26)
                                       1.08e-03    0.285 3.50e+03    0.289   0.9
    o_fwd_en (merge_2x1_simple_seq_DATA_WIDTH32_COMMAND_WIDTH1_27)
                                       6.67e-04    0.282 2.67e+03    0.286   0.9
      data_mux (mux_2x1_simple_seq_DATA_WIDTH32_COMMAND_WIDTH1_27)
                                       6.67e-04    0.282 2.67e+03    0.286   0.9
    o_fwd (merge_2x1_simple_seq_DATA_WIDTH32_COMMAND_WIDTH1_28)
                                       1.03e-03    0.284 3.52e+03    0.289   0.9
      data_mux (mux_2x1_simple_seq_DATA_WIDTH32_COMMAND_WIDTH1_28)
                                       1.03e-03    0.284 3.52e+03    0.289   0.9
    merge_i_data_low (merge_2x1_simple_seq_DATA_WIDTH32_COMMAND_WIDTH1_29)
                                       1.56e-03    0.284 3.52e+03    0.289   0.9
      data_mux (mux_2x1_simple_seq_DATA_WIDTH32_COMMAND_WIDTH1_29)
                                       1.56e-03    0.284 3.52e+03    0.289   0.9
    merge_i_data_high (merge_2x1_simple_seq_DATA_WIDTH32_COMMAND_WIDTH1_30)
                                       1.56e-03    0.284 3.52e+03    0.289   0.9
      data_mux (mux_2x1_simple_seq_DATA_WIDTH32_COMMAND_WIDTH1_30)
                                       1.56e-03    0.284 3.52e+03    0.289   0.9
  second_half_stages_3__sw_group_1__upper_group_0__upper_sw (distribute_3x3_simple_seq_DATA_WIDTH32_COMMAND_WIDTH5_6)
                                       6.70e-03    1.708 2.03e+04    1.735   5.4
    o_data_low (merge_2x1_simple_seq_DATA_WIDTH32_COMMAND_WIDTH1_31)
                                       9.50e-04    0.285 3.50e+03    0.289   0.9
      data_mux (mux_2x1_simple_seq_DATA_WIDTH32_COMMAND_WIDTH1_31)
                                       9.50e-04    0.285 3.50e+03    0.289   0.9
    o_data_high (merge_2x1_simple_seq_DATA_WIDTH32_COMMAND_WIDTH1_32)
                                       1.02e-03    0.285 3.50e+03    0.290   0.9
      data_mux (mux_2x1_simple_seq_DATA_WIDTH32_COMMAND_WIDTH1_32)
                                       1.02e-03    0.285 3.50e+03    0.290   0.9
    o_fwd_en (merge_2x1_simple_seq_DATA_WIDTH32_COMMAND_WIDTH1_33)
                                       6.34e-04    0.282 2.67e+03    0.285   0.9
      data_mux (mux_2x1_simple_seq_DATA_WIDTH32_COMMAND_WIDTH1_33)
                                       6.34e-04    0.282 2.67e+03    0.285   0.9
    o_fwd (merge_2x1_simple_seq_DATA_WIDTH32_COMMAND_WIDTH1_34)
                                       9.58e-04    0.285 3.51e+03    0.289   0.9
      data_mux (mux_2x1_simple_seq_DATA_WIDTH32_COMMAND_WIDTH1_34)
                                       9.58e-04    0.285 3.51e+03    0.289   0.9
    merge_i_data_low (merge_2x1_simple_seq_DATA_WIDTH32_COMMAND_WIDTH1_35)
                                       1.46e-03    0.285 3.52e+03    0.290   0.9
      data_mux (mux_2x1_simple_seq_DATA_WIDTH32_COMMAND_WIDTH1_35)
                                       1.46e-03    0.285 3.52e+03    0.290   0.9
    merge_i_data_high (merge_2x1_simple_seq_DATA_WIDTH32_COMMAND_WIDTH1_36)
                                       1.58e-03    0.286 3.54e+03    0.291   0.9
      data_mux (mux_2x1_simple_seq_DATA_WIDTH32_COMMAND_WIDTH1_36)
                                       1.58e-03    0.286 3.54e+03    0.291   0.9
  second_half_stages_3__sw_group_0__bottom_group_0__bottom_sw (distribute_3x3_simple_seq_DATA_WIDTH32_COMMAND_WIDTH5_7)
                                       6.68e-03    1.706 2.03e+04    1.733   5.4
    o_data_low (merge_2x1_simple_seq_DATA_WIDTH32_COMMAND_WIDTH1_37)
                                       9.36e-04    0.285 3.50e+03    0.289   0.9
      data_mux (mux_2x1_simple_seq_DATA_WIDTH32_COMMAND_WIDTH1_37)
                                       9.36e-04    0.285 3.50e+03    0.289   0.9
    o_data_high (merge_2x1_simple_seq_DATA_WIDTH32_COMMAND_WIDTH1_38)
                                       9.96e-04    0.285 3.50e+03    0.289   0.9
      data_mux (mux_2x1_simple_seq_DATA_WIDTH32_COMMAND_WIDTH1_38)
                                       9.96e-04    0.285 3.50e+03    0.289   0.9
    o_fwd_en (merge_2x1_simple_seq_DATA_WIDTH32_COMMAND_WIDTH1_39)
                                       6.55e-04    0.282 2.67e+03    0.286   0.9
      data_mux (mux_2x1_simple_seq_DATA_WIDTH32_COMMAND_WIDTH1_39)
                                       6.55e-04    0.282 2.67e+03    0.286   0.9
    o_fwd (merge_2x1_simple_seq_DATA_WIDTH32_COMMAND_WIDTH1_40)
                                       9.78e-04    0.284 3.51e+03    0.289   0.9
      data_mux (mux_2x1_simple_seq_DATA_WIDTH32_COMMAND_WIDTH1_40)
                                       9.78e-04    0.284 3.51e+03    0.289   0.9
    merge_i_data_low (merge_2x1_simple_seq_DATA_WIDTH32_COMMAND_WIDTH1_41)
                                       1.54e-03    0.285 3.56e+03    0.290   0.9
      data_mux (mux_2x1_simple_seq_DATA_WIDTH32_COMMAND_WIDTH1_41)
                                       1.54e-03    0.285 3.56e+03    0.290   0.9
    merge_i_data_high (merge_2x1_simple_seq_DATA_WIDTH32_COMMAND_WIDTH1_42)
                                       1.48e-03    0.284 3.52e+03    0.289   0.9
      data_mux (mux_2x1_simple_seq_DATA_WIDTH32_COMMAND_WIDTH1_42)
                                       1.48e-03    0.284 3.52e+03    0.289   0.9
  second_half_stages_3__sw_group_0__upper_group_0__upper_sw (distribute_3x3_simple_seq_DATA_WIDTH32_COMMAND_WIDTH5_8)
                                       6.84e-03    1.708 2.03e+04    1.735   5.4
    o_data_low (merge_2x1_simple_seq_DATA_WIDTH32_COMMAND_WIDTH1_43)
                                       9.37e-04    0.285 3.50e+03    0.290   0.9
      data_mux (mux_2x1_simple_seq_DATA_WIDTH32_COMMAND_WIDTH1_43)
                                       9.37e-04    0.285 3.50e+03    0.290   0.9
    o_data_high (merge_2x1_simple_seq_DATA_WIDTH32_COMMAND_WIDTH1_44)
                                       1.03e-03    0.285 3.50e+03    0.290   0.9
      data_mux (mux_2x1_simple_seq_DATA_WIDTH32_COMMAND_WIDTH1_44)
                                       1.03e-03    0.285 3.50e+03    0.290   0.9
    o_fwd_en (merge_2x1_simple_seq_DATA_WIDTH32_COMMAND_WIDTH1_45)
                                       6.57e-04    0.282 2.67e+03    0.286   0.9
      data_mux (mux_2x1_simple_seq_DATA_WIDTH32_COMMAND_WIDTH1_45)
                                       6.57e-04    0.282 2.67e+03    0.286   0.9
    o_fwd (merge_2x1_simple_seq_DATA_WIDTH32_COMMAND_WIDTH1_46)
                                       9.94e-04    0.285 3.51e+03    0.289   0.9
      data_mux (mux_2x1_simple_seq_DATA_WIDTH32_COMMAND_WIDTH1_46)
                                       9.94e-04    0.285 3.51e+03    0.289   0.9
    merge_i_data_low (merge_2x1_simple_seq_DATA_WIDTH32_COMMAND_WIDTH1_47)
                                       1.51e-03    0.285 3.52e+03    0.290   0.9
      data_mux (mux_2x1_simple_seq_DATA_WIDTH32_COMMAND_WIDTH1_47)
                                       1.51e-03    0.285 3.52e+03    0.290   0.9
    merge_i_data_high (merge_2x1_simple_seq_DATA_WIDTH32_COMMAND_WIDTH1_48)
                                       1.61e-03    0.286 3.56e+03    0.291   0.9
      data_mux (mux_2x1_simple_seq_DATA_WIDTH32_COMMAND_WIDTH1_48)
                                       1.61e-03    0.286 3.56e+03    0.291   0.9
  middle_stage_3__middle_stage (distribute_2x2_simple_seq_DATA_WIDTH32_COMMAND_WIDTH2_1)
                                       4.93e-03    0.574 5.86e+03    0.584   1.8
  middle_stage_2__middle_stage (distribute_2x2_simple_seq_DATA_WIDTH32_COMMAND_WIDTH2_2)
                                       4.75e-03    0.573 5.84e+03    0.583   1.8
  middle_stage_1__middle_stage (distribute_2x2_simple_seq_DATA_WIDTH32_COMMAND_WIDTH2_3)
                                       4.70e-03    0.573 5.85e+03    0.583   1.8
  middle_stage_0__middle_stage (distribute_2x2_simple_seq_DATA_WIDTH32_COMMAND_WIDTH2_0)
                                       4.73e-03    0.573 5.85e+03    0.584   1.8
  first_half_stages_1__sw_group_1__bottom_group_0__genblk1_bottom_sw (distribute_3x3_simple_seq_DATA_WIDTH32_COMMAND_WIDTH5_9)
                                       1.41e-02    1.704 2.07e+04    1.739   5.4
    o_data_low (merge_2x1_simple_seq_DATA_WIDTH32_COMMAND_WIDTH1_49)
                                       2.28e-03    0.284 3.55e+03    0.290   0.9
      data_mux (mux_2x1_simple_seq_DATA_WIDTH32_COMMAND_WIDTH1_49)
                                       2.28e-03    0.284 3.55e+03    0.290   0.9
    o_data_high (merge_2x1_simple_seq_DATA_WIDTH32_COMMAND_WIDTH1_50)
                                       1.84e-03    0.284 3.55e+03    0.290   0.9
      data_mux (mux_2x1_simple_seq_DATA_WIDTH32_COMMAND_WIDTH1_50)
                                       1.84e-03    0.284 3.55e+03    0.290   0.9
    o_fwd_en (merge_2x1_simple_seq_DATA_WIDTH32_COMMAND_WIDTH1_51)
                                       1.42e-03    0.286 2.72e+03    0.290   0.9
      data_mux (mux_2x1_simple_seq_DATA_WIDTH32_COMMAND_WIDTH1_51)
                                       1.42e-03    0.286 2.72e+03    0.290   0.9
    o_fwd (merge_2x1_simple_seq_DATA_WIDTH32_COMMAND_WIDTH1_52)
                                       2.11e-03    0.284 3.62e+03    0.289   0.9
      data_mux (mux_2x1_simple_seq_DATA_WIDTH32_COMMAND_WIDTH1_52)
                                       2.11e-03    0.284 3.62e+03    0.289   0.9
    merge_i_data_low (merge_2x1_simple_seq_DATA_WIDTH32_COMMAND_WIDTH1_53)
                                       3.12e-03    0.283 3.60e+03    0.289   0.9
      data_mux (mux_2x1_simple_seq_DATA_WIDTH32_COMMAND_WIDTH1_53)
                                       3.12e-03    0.283 3.60e+03    0.289   0.9
    merge_i_data_high (merge_2x1_simple_seq_DATA_WIDTH32_COMMAND_WIDTH1_54)
                                       3.27e-03    0.283 3.64e+03    0.290   0.9
      data_mux (mux_2x1_simple_seq_DATA_WIDTH32_COMMAND_WIDTH1_54)
                                       3.27e-03    0.283 3.64e+03    0.290   0.9
  first_half_stages_1__sw_group_1__upper_group_0__genblk1_upper_sw (distribute_3x3_simple_seq_DATA_WIDTH32_COMMAND_WIDTH5_10)
                                       1.42e-02    1.705 2.06e+04    1.740   5.4
    o_data_low (merge_2x1_simple_seq_DATA_WIDTH32_COMMAND_WIDTH1_55)
                                       2.19e-03    0.285 3.55e+03    0.291   0.9
      data_mux (mux_2x1_simple_seq_DATA_WIDTH32_COMMAND_WIDTH1_55)
                                       2.19e-03    0.285 3.55e+03    0.291   0.9
    o_data_high (merge_2x1_simple_seq_DATA_WIDTH32_COMMAND_WIDTH1_56)
                                       1.80e-03    0.284 3.55e+03    0.290   0.9
      data_mux (mux_2x1_simple_seq_DATA_WIDTH32_COMMAND_WIDTH1_56)
                                       1.80e-03    0.284 3.55e+03    0.290   0.9
    o_fwd_en (merge_2x1_simple_seq_DATA_WIDTH32_COMMAND_WIDTH1_57)
                                       1.53e-03    0.286 2.72e+03    0.291   0.9
      data_mux (mux_2x1_simple_seq_DATA_WIDTH32_COMMAND_WIDTH1_57)
                                       1.53e-03    0.286 2.72e+03    0.291   0.9
    o_fwd (merge_2x1_simple_seq_DATA_WIDTH32_COMMAND_WIDTH1_58)
                                       2.10e-03    0.283 3.58e+03    0.289   0.9
      data_mux (mux_2x1_simple_seq_DATA_WIDTH32_COMMAND_WIDTH1_58)
                                       2.10e-03    0.283 3.58e+03    0.289   0.9
    merge_i_data_low (merge_2x1_simple_seq_DATA_WIDTH32_COMMAND_WIDTH1_59)
                                       3.20e-03    0.283 3.60e+03    0.290   0.9
      data_mux (mux_2x1_simple_seq_DATA_WIDTH32_COMMAND_WIDTH1_59)
                                       3.20e-03    0.283 3.60e+03    0.290   0.9
    merge_i_data_high (merge_2x1_simple_seq_DATA_WIDTH32_COMMAND_WIDTH1_60)
                                       3.27e-03    0.283 3.60e+03    0.290   0.9
      data_mux (mux_2x1_simple_seq_DATA_WIDTH32_COMMAND_WIDTH1_60)
                                       3.27e-03    0.283 3.60e+03    0.290   0.9
  first_half_stages_1__sw_group_0__bottom_group_0__genblk1_bottom_sw (distribute_3x3_simple_seq_DATA_WIDTH32_COMMAND_WIDTH5_11)
                                       1.43e-02    1.704 2.07e+04    1.739   5.4
    o_data_low (merge_2x1_simple_seq_DATA_WIDTH32_COMMAND_WIDTH1_61)
                                       2.11e-03    0.284 3.55e+03    0.290   0.9
      data_mux (mux_2x1_simple_seq_DATA_WIDTH32_COMMAND_WIDTH1_61)
                                       2.11e-03    0.284 3.55e+03    0.290   0.9
    o_data_high (merge_2x1_simple_seq_DATA_WIDTH32_COMMAND_WIDTH1_62)
                                       1.81e-03    0.285 3.55e+03    0.290   0.9
      data_mux (mux_2x1_simple_seq_DATA_WIDTH32_COMMAND_WIDTH1_62)
                                       1.81e-03    0.285 3.55e+03    0.290   0.9
    o_fwd_en (merge_2x1_simple_seq_DATA_WIDTH32_COMMAND_WIDTH1_63)
                                       1.54e-03    0.286 2.72e+03    0.291   0.9
      data_mux (mux_2x1_simple_seq_DATA_WIDTH32_COMMAND_WIDTH1_63)
                                       1.54e-03    0.286 2.72e+03    0.291   0.9
    o_fwd (merge_2x1_simple_seq_DATA_WIDTH32_COMMAND_WIDTH1_64)
                                       2.10e-03    0.283 3.58e+03    0.289   0.9
      data_mux (mux_2x1_simple_seq_DATA_WIDTH32_COMMAND_WIDTH1_64)
                                       2.10e-03    0.283 3.58e+03    0.289   0.9
    merge_i_data_low (merge_2x1_simple_seq_DATA_WIDTH32_COMMAND_WIDTH1_65)
                                       3.19e-03    0.283 3.60e+03    0.289   0.9
      data_mux (mux_2x1_simple_seq_DATA_WIDTH32_COMMAND_WIDTH1_65)
                                       3.19e-03    0.283 3.60e+03    0.289   0.9
    merge_i_data_high (merge_2x1_simple_seq_DATA_WIDTH32_COMMAND_WIDTH1_66)
                                       3.40e-03    0.283 3.64e+03    0.290   0.9
      data_mux (mux_2x1_simple_seq_DATA_WIDTH32_COMMAND_WIDTH1_66)
                                       3.40e-03    0.283 3.64e+03    0.290   0.9
  first_half_stages_1__sw_group_0__upper_group_0__genblk1_upper_sw (distribute_3x3_simple_seq_DATA_WIDTH32_COMMAND_WIDTH5_12)
                                       1.42e-02    1.715 1.99e+04    1.749   5.4
    o_data_low (merge_2x1_simple_seq_DATA_WIDTH32_COMMAND_WIDTH1_67)
                                       2.39e-03    0.285 3.55e+03    0.291   0.9
      data_mux (mux_2x1_simple_seq_DATA_WIDTH32_COMMAND_WIDTH1_67)
                                       2.39e-03    0.285 3.55e+03    0.291   0.9
    o_data_high (merge_2x1_simple_seq_DATA_WIDTH32_COMMAND_WIDTH1_68)
                                       1.71e-03    0.285 3.57e+03    0.290   0.9
      data_mux (mux_2x1_simple_seq_DATA_WIDTH32_COMMAND_WIDTH1_68)
                                       1.71e-03    0.285 3.57e+03    0.290   0.9
    o_fwd_en (merge_2x1_simple_seq_DATA_WIDTH32_COMMAND_WIDTH1_69)
                                       1.41e-03    0.286 2.72e+03    0.290   0.9
      data_mux (mux_2x1_simple_seq_DATA_WIDTH32_COMMAND_WIDTH1_69)
                                       1.41e-03    0.286 2.72e+03    0.290   0.9
    o_fwd (merge_2x1_simple_seq_DATA_WIDTH32_COMMAND_WIDTH1_70)
                                       2.05e-03    0.283 3.57e+03    0.289   0.9
      data_mux (mux_2x1_simple_seq_DATA_WIDTH32_COMMAND_WIDTH1_70)
                                       2.05e-03    0.283 3.57e+03    0.289   0.9
    merge_i_data_low (merge_2x1_simple_seq_DATA_WIDTH32_COMMAND_WIDTH1_71)
                                       3.17e-03    0.283 3.60e+03    0.290   0.9
      data_mux (mux_2x1_simple_seq_DATA_WIDTH32_COMMAND_WIDTH1_71)
                                       3.17e-03    0.283 3.60e+03    0.290   0.9
    merge_i_data_high (merge_2x1_simple_seq_DATA_WIDTH32_COMMAND_WIDTH1_72)
                                       3.32e-03    0.293 2.92e+03    0.299   0.9
      data_mux (mux_2x1_simple_seq_DATA_WIDTH32_COMMAND_WIDTH1_72)
                                       3.32e-03    0.293 2.92e+03    0.299   0.9
  first_half_stages_0__sw_group_0__bottom_group_1__genblk1_bottom_sw_first_stage (distribute_3x3_simple_seq_DATA_WIDTH32_COMMAND_WIDTH5_13)
                                       2.54e-02    1.782 1.88e+04    1.826   5.7
    o_data_low (merge_2x1_simple_seq_DATA_WIDTH32_COMMAND_WIDTH1_73)
                                       3.82e-03    0.295 3.01e+03    0.302   0.9
      data_mux (mux_2x1_simple_seq_DATA_WIDTH32_COMMAND_WIDTH1_73)
                                       3.82e-03    0.295 3.01e+03    0.302   0.9
    o_data_high (merge_2x1_simple_seq_DATA_WIDTH32_COMMAND_WIDTH1_74)
                                       4.05e-03    0.295 2.98e+03    0.302   0.9
      data_mux (mux_2x1_simple_seq_DATA_WIDTH32_COMMAND_WIDTH1_74)
                                       4.05e-03    0.295 2.98e+03    0.302   0.9
    o_fwd_en (merge_2x1_simple_seq_DATA_WIDTH32_COMMAND_WIDTH1_75)
                                       2.50e-03    0.291 2.79e+03    0.296   0.9
      data_mux (mux_2x1_simple_seq_DATA_WIDTH32_COMMAND_WIDTH1_75)
                                       2.50e-03    0.291 2.79e+03    0.296   0.9
    o_fwd (merge_2x1_simple_seq_DATA_WIDTH32_COMMAND_WIDTH1_76)
                                       3.73e-03    0.298 3.01e+03    0.304   0.9
      data_mux (mux_2x1_simple_seq_DATA_WIDTH32_COMMAND_WIDTH1_76)
                                       3.73e-03    0.298 3.01e+03    0.304   0.9
    merge_i_data_low (merge_2x1_simple_seq_DATA_WIDTH32_COMMAND_WIDTH1_77)
                                       5.57e-03    0.301 3.49e+03    0.310   1.0
      data_mux (mux_2x1_simple_seq_DATA_WIDTH32_COMMAND_WIDTH1_77)
                                       5.57e-03    0.301 3.49e+03    0.310   1.0
    merge_i_data_high (merge_2x1_simple_seq_DATA_WIDTH32_COMMAND_WIDTH1_78)
                                       5.61e-03    0.302 3.46e+03    0.311   1.0
      data_mux (mux_2x1_simple_seq_DATA_WIDTH32_COMMAND_WIDTH1_78)
                                       5.61e-03    0.302 3.46e+03    0.311   1.0
  first_half_stages_0__sw_group_0__bottom_group_0__genblk1_bottom_sw_first_stage (distribute_3x3_simple_seq_DATA_WIDTH32_COMMAND_WIDTH5_14)
                                       2.64e-02    1.781 1.88e+04    1.826   5.7
    o_data_low (merge_2x1_simple_seq_DATA_WIDTH32_COMMAND_WIDTH1_79)
                                       3.77e-03    0.295 3.00e+03    0.302   0.9
      data_mux (mux_2x1_simple_seq_DATA_WIDTH32_COMMAND_WIDTH1_79)
                                       3.77e-03    0.295 3.00e+03    0.302   0.9
    o_data_high (merge_2x1_simple_seq_DATA_WIDTH32_COMMAND_WIDTH1_80)
                                       3.93e-03    0.295 3.00e+03    0.302   0.9
      data_mux (mux_2x1_simple_seq_DATA_WIDTH32_COMMAND_WIDTH1_80)
                                       3.93e-03    0.295 3.00e+03    0.302   0.9
    o_fwd_en (merge_2x1_simple_seq_DATA_WIDTH32_COMMAND_WIDTH1_81)
                                       2.43e-03    0.290 2.78e+03    0.296   0.9
      data_mux (mux_2x1_simple_seq_DATA_WIDTH32_COMMAND_WIDTH1_81)
                                       2.43e-03    0.290 2.78e+03    0.296   0.9
    o_fwd (merge_2x1_simple_seq_DATA_WIDTH32_COMMAND_WIDTH1_82)
                                       3.76e-03    0.298 3.03e+03    0.304   0.9
      data_mux (mux_2x1_simple_seq_DATA_WIDTH32_COMMAND_WIDTH1_82)
                                       3.76e-03    0.298 3.03e+03    0.304   0.9
    merge_i_data_low (merge_2x1_simple_seq_DATA_WIDTH32_COMMAND_WIDTH1_83)
                                       6.87e-03    0.301 3.49e+03    0.311   1.0
      data_mux (mux_2x1_simple_seq_DATA_WIDTH32_COMMAND_WIDTH1_83)
                                       6.87e-03    0.301 3.49e+03    0.311   1.0
    merge_i_data_high (merge_2x1_simple_seq_DATA_WIDTH32_COMMAND_WIDTH1_84)
                                       5.51e-03    0.301 3.46e+03    0.310   1.0
      data_mux (mux_2x1_simple_seq_DATA_WIDTH32_COMMAND_WIDTH1_84)
                                       5.51e-03    0.301 3.46e+03    0.310   1.0
  first_half_stages_0__sw_group_0__upper_group_1__genblk1_upper_sw_first_stage (distribute_3x3_simple_seq_DATA_WIDTH32_COMMAND_WIDTH5_15)
                                       2.55e-02    1.782 1.89e+04    1.826   5.7
    o_data_low (merge_2x1_simple_seq_DATA_WIDTH32_COMMAND_WIDTH1_85)
                                       3.73e-03    0.295 3.02e+03    0.302   0.9
      data_mux (mux_2x1_simple_seq_DATA_WIDTH32_COMMAND_WIDTH1_85)
                                       3.73e-03    0.295 3.02e+03    0.302   0.9
    o_data_high (merge_2x1_simple_seq_DATA_WIDTH32_COMMAND_WIDTH1_86)
                                       4.07e-03    0.295 3.00e+03    0.302   0.9
      data_mux (mux_2x1_simple_seq_DATA_WIDTH32_COMMAND_WIDTH1_86)
                                       4.07e-03    0.295 3.00e+03    0.302   0.9
    o_fwd_en (merge_2x1_simple_seq_DATA_WIDTH32_COMMAND_WIDTH1_87)
                                       2.46e-03    0.290 2.79e+03    0.296   0.9
      data_mux (mux_2x1_simple_seq_DATA_WIDTH32_COMMAND_WIDTH1_87)
                                       2.46e-03    0.290 2.79e+03    0.296   0.9
    o_fwd (merge_2x1_simple_seq_DATA_WIDTH32_COMMAND_WIDTH1_88)
                                       3.81e-03    0.298 3.08e+03    0.304   0.9
      data_mux (mux_2x1_simple_seq_DATA_WIDTH32_COMMAND_WIDTH1_88)
                                       3.81e-03    0.298 3.08e+03    0.304   0.9
    merge_i_data_low (merge_2x1_simple_seq_DATA_WIDTH32_COMMAND_WIDTH1_89)
                                       5.57e-03    0.301 3.51e+03    0.310   1.0
      data_mux (mux_2x1_simple_seq_DATA_WIDTH32_COMMAND_WIDTH1_89)
                                       5.57e-03    0.301 3.51e+03    0.310   1.0
    merge_i_data_high (merge_2x1_simple_seq_DATA_WIDTH32_COMMAND_WIDTH1_90)
                                       5.72e-03    0.302 3.46e+03    0.311   1.0
      data_mux (mux_2x1_simple_seq_DATA_WIDTH32_COMMAND_WIDTH1_90)
                                       5.72e-03    0.302 3.46e+03    0.311   1.0
  first_half_stages_0__sw_group_0__upper_group_0__genblk1_upper_sw_first_stage (distribute_3x3_simple_seq_DATA_WIDTH32_COMMAND_WIDTH5_0)
                                       2.65e-02    1.781 1.88e+04    1.826   5.7
    o_data_low (merge_2x1_simple_seq_DATA_WIDTH32_COMMAND_WIDTH1_91)
                                       3.83e-03    0.295 3.06e+03    0.302   0.9
      data_mux (mux_2x1_simple_seq_DATA_WIDTH32_COMMAND_WIDTH1_91)
                                       3.83e-03    0.295 3.06e+03    0.302   0.9
    o_data_high (merge_2x1_simple_seq_DATA_WIDTH32_COMMAND_WIDTH1_92)
                                       3.93e-03    0.296 2.94e+03    0.302   0.9
      data_mux (mux_2x1_simple_seq_DATA_WIDTH32_COMMAND_WIDTH1_92)
                                       3.93e-03    0.296 2.94e+03    0.302   0.9
    o_fwd_en (merge_2x1_simple_seq_DATA_WIDTH32_COMMAND_WIDTH1_93)
                                       2.45e-03    0.290 2.78e+03    0.296   0.9
      data_mux (mux_2x1_simple_seq_DATA_WIDTH32_COMMAND_WIDTH1_93)
                                       2.45e-03    0.290 2.78e+03    0.296   0.9
    o_fwd (merge_2x1_simple_seq_DATA_WIDTH32_COMMAND_WIDTH1_94)
                                       3.78e-03    0.297 3.07e+03    0.304   0.9
      data_mux (mux_2x1_simple_seq_DATA_WIDTH32_COMMAND_WIDTH1_94)
                                       3.78e-03    0.297 3.07e+03    0.304   0.9
    merge_i_data_low (merge_2x1_simple_seq_DATA_WIDTH32_COMMAND_WIDTH1_95)
                                       6.98e-03    0.301 3.49e+03    0.312   1.0
      data_mux (mux_2x1_simple_seq_DATA_WIDTH32_COMMAND_WIDTH1_95)
                                       6.98e-03    0.301 3.49e+03    0.312   1.0
    merge_i_data_high (merge_2x1_simple_seq_DATA_WIDTH32_COMMAND_WIDTH1_0)
                                       5.36e-03    0.301 3.48e+03    0.310   1.0
      data_mux (mux_2x1_simple_seq_DATA_WIDTH32_COMMAND_WIDTH1_0)
                                       5.36e-03    0.301 3.48e+03    0.310   1.0
1
