 
****************************************
Report : timing
        -path full
        -delay max
        -max_paths 1
Design : linear_network_unicast_seq_1_16
Version: J-2014.09-SP3
Date   : Tue Jun  1 21:52:16 2021
****************************************

Operating Conditions: tt0p8v25c   Library: tcbn28hpcplusbwp30p140lvttt0p8v25c
Wire Load Model Mode: segmented

  Startpoint: o_cmd_forward_reg_reg_10__1_
              (rising edge-triggered flip-flop clocked by CLK)
  Endpoint: o_data_bus_reg_reg_275_
            (rising edge-triggered flip-flop clocked by CLK)
  Path Group: CLK
  Path Type: max

  Des/Clust/Port     Wire Load Model       Library
  ------------------------------------------------
  linear_network_unicast_seq_1_16
                     ZeroWireload          tcbn28hpcplusbwp30p140lvttt0p8v25c

  Point                                                   Incr       Path
  --------------------------------------------------------------------------
  clock CLK (rise edge)                                   0.00       0.00
  clock network delay (ideal)                             0.00       0.00
  o_cmd_forward_reg_reg_10__1_/CP (DFQD1BWP30P140LVT)     0.00       0.00 r
  o_cmd_forward_reg_reg_10__1_/Q (DFQD1BWP30P140LVT)      0.03       0.03 r
  U919/ZN (INR2D1BWP30P140LVT)                            0.02       0.05 r
  U909/Z (AN4D1BWP30P140LVT)                              0.07       0.12 r
  U1679/Z (CKAN2D1BWP30P140LVT)                           0.02       0.13 r
  o_data_bus_reg_reg_275_/D (DFQD4BWP30P140LVT)           0.00       0.13 r
  data arrival time                                                  0.13

  clock CLK (rise edge)                                   0.30       0.30
  clock network delay (ideal)                             0.00       0.30
  clock uncertainty                                      -0.15       0.15
  o_data_bus_reg_reg_275_/CP (DFQD4BWP30P140LVT)          0.00       0.15 r
  library setup time                                     -0.01       0.14
  data required time                                                 0.14
  --------------------------------------------------------------------------
  data required time                                                 0.14
  data arrival time                                                 -0.13
  --------------------------------------------------------------------------
  slack (MET)                                                        0.00


1
