 
****************************************
Report : area
Design : crossbar_one_hot_seq
Version: Q-2019.12-SP2
Date   : Thu Apr 15 08:25:44 2021
****************************************

Library(s) Used:

    tcbn28hpcplusbwp30p140lvttt0p8v25c (File: /usr/scratch/DRBE-shared/TSMC-library/IP/TSMC28_STD_CELLS/unzipped/tcbn28hpcplusbwp30p140lvt_190a/tcbn28hpcplusbwp30p140lvt_180a_nldm/TSMCHOME/digital/Front_End/timing_power_noise/NLDM/tcbn28hpcplusbwp30p140lvt_180a/tcbn28hpcplusbwp30p140lvttt0p8v25c.db)

Number of ports:                          923
Number of nets:                         13641
Number of cells:                        12981
Number of combinational cells:           4809
Number of sequential cells:              8172
Number of macros/black boxes:               0
Number of buf/inv:                        629
Number of references:                      44

Combinational area:               2528.945977
Buf/Inv area:                      201.978001
Noncombinational area:           15546.257857
Macro/Black Box area:                0.000000
Net Interconnect area:      undefined  (Wire load has zero net area)

Total cell area:                 18075.203834
Total area:                 undefined

Hierarchical area distribution
------------------------------

                                  Global cell area            Local cell area
                                  -------------------  ----------------------------- 
Hierarchical cell                 Absolute    Percent  Combi-     Noncombi-   Black-
                                  Total       Total    national   national    boxes   Design
--------------------------------  ----------  -------  ---------  ----------  ------  ---------
crossbar_one_hot_seq              18075.2038    100.0  2528.9460  15546.2579  0.0000  crossbar_one_hot_seq
--------------------------------  ----------  -------  ---------  ----------  ------  ---------
Total                                                  2528.9460  15546.2579  0.0000

1
