reset (in)                      DUT_linNoc_1_16/o_data_forward_reg_reg_14__19_/D (DFQD1BWP30P140LVT)    -0.13
reset (in)                      DUT_linNoc_1_16/o_data_forward_reg_reg_14__18_/D (DFQD1BWP30P140LVT)    -0.13
reset (in)                      DUT_linNoc_1_16/o_data_forward_reg_reg_14__14_/D (DFQD1BWP30P140LVT)    -0.13
reset (in)                      DUT_linNoc_1_16/o_data_forward_reg_reg_14__22_/D (DFQD1BWP30P140LVT)    -0.12
reset (in)                      DUT_linNoc_1_16/o_data_forward_reg_reg_14__17_/D (DFQD1BWP30P140LVT)    -0.12
reset (in)                      DUT_linNoc_1_16/o_data_forward_reg_reg_14__21_/D (DFQD1BWP30P140LVT)    -0.12
reset (in)                      DUT_linNoc_1_16/o_data_forward_reg_reg_14__15_/D (DFQD1BWP30P140LVT)    -0.12
reset (in)                      DUT_linNoc_1_16/o_data_forward_reg_reg_14__10_/D (DFQD1BWP30P140LVT)    -0.12
reset (in)                      DUT_linNoc_1_16/o_data_forward_reg_reg_14__24_/D (DFQD1BWP30P140LVT)    -0.12
reset (in)                      DUT_linNoc_1_16/o_data_forward_reg_reg_14__20_/D (DFQD1BWP30P140LVT)    -0.12
reset (in)                      DUT_linNoc_1_16/o_data_forward_reg_reg_14__4_/D (DFQD1BWP30P140LVT)    -0.12
reset (in)                      DUT_linNoc_1_16/o_data_forward_reg_reg_14__16_/D (DFQD1BWP30P140LVT)    -0.11
reset (in)                      DUT_linNoc_1_16/o_data_forward_reg_reg_14__12_/D (DFQD1BWP30P140LVT)    -0.11
reset (in)                      DUT_linNoc_1_16/o_data_forward_reg_reg_14__13_/D (DFQD1BWP30P140LVT)    -0.11
reset (in)                      DUT_linNoc_1_16/o_data_forward_reg_reg_14__2_/D (DFQD1BWP30P140LVT)    -0.11
reset (in)                      DUT_linNoc_1_16/o_data_forward_reg_reg_14__3_/D (DFQD1BWP30P140LVT)    -0.11
reset (in)                      DUT_linNoc_1_16/o_data_forward_reg_reg_14__0_/D (DFQD1BWP30P140LVT)    -0.11
reset (in)                      DUT_linNoc_1_16/o_data_forward_reg_reg_14__6_/D (DFQD1BWP30P140LVT)    -0.11
reset (in)                      DUT_linNoc_1_16/o_data_forward_reg_reg_14__7_/D (DFQD1BWP30P140LVT)    -0.10
reset (in)                      DUT_linNoc_1_16/o_data_forward_reg_reg_14__9_/D (DFQD1BWP30P140LVT)    -0.10
reset (in)                      DUT_linNoc_1_16/o_data_forward_reg_reg_14__5_/D (DFQD1BWP30P140LVT)    -0.10
reset (in)                      DUT_linNoc_1_16/o_data_forward_reg_reg_14__11_/D (DFQD1BWP30P140LVT)    -0.10
reset (in)                      DUT_linNoc_1_16/o_data_forward_reg_reg_14__8_/D (DFQD1BWP30P140LVT)    -0.10
reset (in)                      DUT_linNoc_1_16/o_data_forward_reg_reg_14__1_/D (DFQD1BWP30P140LVT)    -0.10
reset (in)                      DUT_linNoc_1_16/o_data_forward_reg_reg_14__23_/D (DFQD1BWP30P140LVT)    -0.10
reset (in)                      DUT_linNoc_1_16/o_cmd_forward_reg_reg_1__0_/D (DFQD1BWP30P140LVT)    -0.10
reset (in)                      DUT_linNoc_1_16/o_data_forward_reg_reg_8__14_/D (DFQD1BWP30P140LVT)    -0.09
reset (in)                      DUT_linNoc_1_16/o_cmd_forward_reg_reg_14__1_/D (DFQD1BWP30P140LVT)    -0.09
DUT_linNoc_1_16/o_cmd_forward_reg_reg_13__1_/CP (DFQD1BWP30P140LVT) DUT_linNoc_1_16/o_cmd_forward_reg_reg_14__1_/D (DFQD1BWP30P140LVT)    -0.04
reset (in)                      DUT_linNoc_1_16/o_valid_forward_reg_reg_0_/D (DFQD1BWP30P140LVT)    -0.08
reset (in)                      DUT_linNoc_1_16/o_data_forward_reg_reg_8__13_/D (DFQD1BWP30P140LVT)    -0.08
reset (in)                      DUT_linNoc_1_16/o_data_forward_reg_reg_9__13_/D (DFQD1BWP30P140LVT)    -0.07
reset (in)                      DUT_linNoc_1_16/o_data_forward_reg_reg_2__8_/D (DFQD1BWP30P140LVT)    -0.07
reset (in)                      DUT_linNoc_1_16/o_data_forward_reg_reg_9__17_/D (DFQD1BWP30P140LVT)    -0.07
reset (in)                      DUT_linNoc_1_16/o_cmd_forward_reg_reg_1__3_/D (DFQD1BWP30P140LVT)    -0.06
reset (in)                      DUT_linNoc_1_16/o_cmd_forward_reg_reg_4__0_/D (DFQD1BWP30P140LVT)    -0.06
reset (in)                      DUT_linNoc_1_16/o_valid_forward_reg_reg_4_/D (DFQD1BWP30P140LVT)    -0.06
reset (in)                      DUT_linNoc_1_16/o_cmd_forward_reg_reg_3__2_/D (DFQD1BWP30P140LVT)    -0.06
reset (in)                      DUT_linNoc_1_16/o_valid_forward_reg_reg_3_/D (DFQD1BWP30P140LVT)    -0.06
reset (in)                      DUT_linNoc_1_16/o_data_forward_reg_reg_2__7_/D (DFQD1BWP30P140LVT)    -0.05
reset (in)                      DUT_linNoc_1_16/o_data_forward_reg_reg_2__23_/D (DFQD1BWP30P140LVT)    -0.05
reset (in)                      DUT_linNoc_1_16/o_cmd_forward_reg_reg_0__0_/D (DFQD1BWP30P140LVT)    -0.05
reset (in)                      DUT_linNoc_1_16/o_cmd_forward_reg_reg_14__0_/D (DFQD1BWP30P140LVT)    -0.05
DUT_linNoc_1_16/o_cmd_forward_reg_reg_13__0_/CP (DFQD1BWP30P140LVT) DUT_linNoc_1_16/o_cmd_forward_reg_reg_14__0_/D (DFQD1BWP30P140LVT)    -0.03
reset (in)                      DUT_linNoc_1_16/o_cmd_forward_reg_reg_3__3_/D (DFQD1BWP30P140LVT)    -0.05
reset (in)                      DUT_linNoc_1_16/o_data_forward_reg_reg_8__16_/D (DFQD1BWP30P140LVT)    -0.05
reset (in)                      DUT_linNoc_1_16/o_data_forward_reg_reg_8__20_/D (DFQD1BWP30P140LVT)    -0.05
reset (in)                      DUT_linNoc_1_16/o_data_forward_reg_reg_8__12_/D (DFQD1BWP30P140LVT)    -0.05
reset (in)                      DUT_linNoc_1_16/o_data_forward_reg_reg_8__5_/D (DFQD1BWP30P140LVT)    -0.05
reset (in)                      DUT_linNoc_1_16/o_data_forward_reg_reg_9__2_/D (DFQD1BWP30P140LVT)    -0.05
reset (in)                      DUT_linNoc_1_16/o_data_forward_reg_reg_13__11_/D (DFQD1BWP30P140LVT)    -0.05
reset (in)                      DUT_linNoc_1_16/o_data_forward_reg_reg_9__3_/D (DFQD1BWP30P140LVT)    -0.05
reset (in)                      DUT_linNoc_1_16/o_cmd_forward_reg_reg_1__2_/D (DFQD1BWP30P140LVT)    -0.05
reset (in)                      DUT_linNoc_1_16/o_cmd_forward_reg_reg_14__3_/D (DFQD1BWP30P140LVT)    -0.05
DUT_linNoc_1_16/o_cmd_forward_reg_reg_13__3_/CP (DFQD1BWP30P140LVT) DUT_linNoc_1_16/o_cmd_forward_reg_reg_14__3_/D (DFQD1BWP30P140LVT)    -0.03
reset (in)                      DUT_linNoc_1_16/o_data_forward_reg_reg_13__3_/D (DFQD1BWP30P140LVT)    -0.05
reset (in)                      DUT_linNoc_1_16/o_data_forward_reg_reg_11__23_/D (DFQD1BWP30P140LVT)    -0.05
reset (in)                      DUT_linNoc_1_16/o_data_forward_reg_reg_9__1_/D (DFQD1BWP30P140LVT)    -0.05
reset (in)                      DUT_linNoc_1_16/o_data_forward_reg_reg_8__21_/D (DFQD1BWP30P140LVT)    -0.05
reset (in)                      DUT_linNoc_1_16/o_data_forward_reg_reg_8__10_/D (DFQD1BWP30P140LVT)    -0.05
reset (in)                      DUT_linNoc_1_16/o_valid_forward_reg_reg_1_/D (DFQD1BWP30P140LVT)    -0.05
reset (in)                      DUT_linNoc_1_16/o_cmd_forward_reg_reg_1__1_/D (DFQD1BWP30P140LVT)    -0.05
reset (in)                      DUT_linNoc_1_16/o_cmd_forward_reg_reg_4__2_/D (DFQD1BWP30P140LVT)    -0.05
reset (in)                      DUT_linNoc_1_16/o_cmd_forward_reg_reg_2__0_/D (DFQD1BWP30P140LVT)    -0.05
reset (in)                      DUT_linNoc_1_16/o_data_forward_reg_reg_8__6_/D (DFQD1BWP30P140LVT)    -0.04
reset (in)                      DUT_linNoc_1_16/o_data_forward_reg_reg_13__4_/D (DFQD1BWP30P140LVT)    -0.04
reset (in)                      DUT_linNoc_1_16/o_data_forward_reg_reg_11__24_/D (DFQD1BWP30P140LVT)    -0.04
reset (in)                      DUT_linNoc_1_16/o_data_forward_reg_reg_9__21_/D (DFQD1BWP30P140LVT)    -0.04
reset (in)                      DUT_linNoc_1_16/o_valid_forward_reg_reg_2_/D (DFQD1BWP30P140LVT)    -0.04
reset (in)                      DUT_linNoc_1_16/o_data_forward_reg_reg_8__9_/D (DFQD1BWP30P140LVT)    -0.04
reset (in)                      DUT_linNoc_1_16/o_data_forward_reg_reg_8__23_/D (DFQD1BWP30P140LVT)    -0.04
reset (in)                      DUT_linNoc_1_16/o_data_forward_reg_reg_9__4_/D (DFQD1BWP30P140LVT)    -0.04
reset (in)                      DUT_linNoc_1_16/o_cmd_forward_reg_reg_2__2_/D (DFQD1BWP30P140LVT)    -0.04
reset (in)                      DUT_linNoc_1_16/o_data_forward_reg_reg_11__13_/D (DFQD1BWP30P140LVT)    -0.04
reset (in)                      DUT_linNoc_1_16/o_cmd_forward_reg_reg_2__1_/D (DFQD1BWP30P140LVT)    -0.04
reset (in)                      DUT_linNoc_1_16/o_data_forward_reg_reg_13__24_/D (DFQD1BWP30P140LVT)    -0.04
reset (in)                      DUT_linNoc_1_16/o_data_forward_reg_reg_8__7_/D (DFQD1BWP30P140LVT)    -0.04
reset (in)                      DUT_linNoc_1_16/o_data_forward_reg_reg_9__23_/D (DFQD1BWP30P140LVT)    -0.04
reset (in)                      DUT_linNoc_1_16/o_data_forward_reg_reg_8__24_/D (DFQD1BWP30P140LVT)    -0.04
reset (in)                      DUT_linNoc_1_16/o_data_forward_reg_reg_11__20_/D (DFQD1BWP30P140LVT)    -0.04
reset (in)                      DUT_linNoc_1_16/o_data_forward_reg_reg_13__14_/D (DFQD1BWP30P140LVT)    -0.04
reset (in)                      DUT_linNoc_1_16/o_data_forward_reg_reg_8__19_/D (DFQD1BWP30P140LVT)    -0.04
reset (in)                      DUT_linNoc_1_16/o_data_forward_reg_reg_8__22_/D (DFQD1BWP30P140LVT)    -0.04
reset (in)                      DUT_linNoc_1_16/o_data_forward_reg_reg_13__2_/D (DFQD1BWP30P140LVT)    -0.04
reset (in)                      DUT_linNoc_1_16/o_data_forward_reg_reg_13__1_/D (DFQD1BWP30P140LVT)    -0.04
reset (in)                      DUT_linNoc_1_16/o_data_forward_reg_reg_11__12_/D (DFQD1BWP30P140LVT)    -0.04
reset (in)                      DUT_linNoc_1_16/o_data_forward_reg_reg_13__7_/D (DFQD1BWP30P140LVT)    -0.04
reset (in)                      DUT_linNoc_1_16/o_data_forward_reg_reg_13__9_/D (DFQD1BWP30P140LVT)    -0.04
reset (in)                      DUT_linNoc_1_16/o_data_forward_reg_reg_11__7_/D (DFQD1BWP30P140LVT)    -0.04
reset (in)                      DUT_linNoc_1_16/o_data_forward_reg_reg_8__15_/D (DFQD1BWP30P140LVT)    -0.04
reset (in)                      DUT_linNoc_1_16/o_data_forward_reg_reg_9__22_/D (DFQD1BWP30P140LVT)    -0.04
reset (in)                      DUT_linNoc_1_16/o_data_forward_reg_reg_9__0_/D (DFQD1BWP30P140LVT)    -0.04
reset (in)                      DUT_linNoc_1_16/o_data_forward_reg_reg_13__6_/D (DFQD1BWP30P140LVT)    -0.04
reset (in)                      DUT_linNoc_1_16/o_data_forward_reg_reg_8__17_/D (DFQD1BWP30P140LVT)    -0.04
reset (in)                      DUT_linNoc_1_16/o_data_forward_reg_reg_8__8_/D (DFQD1BWP30P140LVT)    -0.04
reset (in)                      DUT_linNoc_1_16/o_data_forward_reg_reg_13__19_/D (DFQD1BWP30P140LVT)    -0.04
reset (in)                      DUT_linNoc_1_16/o_data_forward_reg_reg_9__24_/D (DFQD1BWP30P140LVT)    -0.04
reset (in)                      DUT_linNoc_1_16/o_cmd_forward_reg_reg_12__2_/D (DFQD1BWP30P140LVT)    -0.04
reset (in)                      DUT_linNoc_1_16/o_data_forward_reg_reg_9__5_/D (DFQD1BWP30P140LVT)    -0.04
reset (in)                      DUT_linNoc_1_16/o_data_forward_reg_reg_11__10_/D (DFQD1BWP30P140LVT)    -0.04
reset (in)                      DUT_linNoc_1_16/o_data_forward_reg_reg_8__11_/D (DFQD1BWP30P140LVT)    -0.04
reset (in)                      DUT_linNoc_1_16/o_data_forward_reg_reg_13__21_/D (DFQD1BWP30P140LVT)    -0.04
reset (in)                      DUT_linNoc_1_16/o_data_forward_reg_reg_11__8_/D (DFQD1BWP30P140LVT)    -0.04
reset (in)                      DUT_linNoc_1_16/o_data_forward_reg_reg_11__9_/D (DFQD1BWP30P140LVT)    -0.03
reset (in)                      DUT_linNoc_1_16/o_data_forward_reg_reg_11__14_/D (DFQD1BWP30P140LVT)    -0.03
reset (in)                      DUT_linNoc_1_16/o_data_forward_reg_reg_13__15_/D (DFQD1BWP30P140LVT)    -0.03
reset (in)                      DUT_linNoc_1_16/o_data_forward_reg_reg_8__18_/D (DFQD1BWP30P140LVT)    -0.03
reset (in)                      DUT_linNoc_1_16/o_data_forward_reg_reg_13__16_/D (DFQD1BWP30P140LVT)    -0.03
reset (in)                      DUT_linNoc_1_16/o_data_forward_reg_reg_11__21_/D (DFQD1BWP30P140LVT)    -0.03
reset (in)                      DUT_linNoc_1_16/o_data_forward_reg_reg_11__5_/D (DFQD1BWP30P140LVT)    -0.03
reset (in)                      DUT_linNoc_1_16/o_valid_forward_reg_reg_5_/D (DFQD1BWP30P140LVT)    -0.03
reset (in)                      DUT_linNoc_1_16/o_cmd_forward_reg_reg_4__1_/D (DFQD1BWP30P140LVT)    -0.03
reset (in)                      DUT_linNoc_1_16/o_valid_forward_reg_reg_6_/D (DFQD1BWP30P140LVT)    -0.03
reset (in)                      DUT_linNoc_1_16/o_cmd_forward_reg_reg_6__3_/D (DFQD1BWP30P140LVT)    -0.03
reset (in)                      DUT_linNoc_1_16/o_data_forward_reg_reg_11__22_/D (DFQD1BWP30P140LVT)    -0.03
reset (in)                      DUT_linNoc_1_16/o_cmd_forward_reg_reg_6__0_/D (DFQD1BWP30P140LVT)    -0.03
reset (in)                      DUT_linNoc_1_16/o_cmd_forward_reg_reg_5__1_/D (DFQD1BWP30P140LVT)    -0.03
reset (in)                      DUT_linNoc_1_16/o_valid_forward_reg_reg_7_/D (DFQD1BWP30P140LVT)    -0.03
reset (in)                      DUT_linNoc_1_16/o_cmd_forward_reg_reg_6__2_/D (DFQD1BWP30P140LVT)    -0.03
reset (in)                      DUT_linNoc_1_16/o_cmd_forward_reg_reg_5__3_/D (DFQD1BWP30P140LVT)    -0.03
reset (in)                      DUT_linNoc_1_16/o_cmd_forward_reg_reg_7__3_/D (DFQD1BWP30P140LVT)    -0.03
reset (in)                      DUT_linNoc_1_16/o_cmd_forward_reg_reg_5__2_/D (DFQD1BWP30P140LVT)    -0.03
reset (in)                      DUT_linNoc_1_16/o_valid_reg_reg_12_/D (DFQD1BWP30P140LVT)    -0.03
DUT_linNoc_1_16/o_cmd_forward_reg_reg_11__1_/CP (DFQD1BWP30P140LVT) DUT_linNoc_1_16/o_valid_reg_reg_12_/D (DFQD1BWP30P140LVT)    -0.00
DUT_linNoc_1_16/o_cmd_forward_reg_reg_11__0_/CP (DFQD1BWP30P140LVT) DUT_linNoc_1_16/o_valid_reg_reg_12_/D (DFQD1BWP30P140LVT)    -0.00
reset (in)                      DUT_linNoc_1_16/o_cmd_forward_reg_reg_3__0_/D (DFQD1BWP30P140LVT)    -0.03
reset (in)                      DUT_linNoc_1_16/o_data_forward_reg_reg_13__22_/D (DFQD1BWP30P140LVT)    -0.03
reset (in)                      DUT_linNoc_1_16/o_cmd_forward_reg_reg_5__0_/D (DFQD1BWP30P140LVT)    -0.03
reset (in)                      DUT_linNoc_1_16/o_cmd_forward_reg_reg_2__3_/D (DFQD1BWP30P140LVT)    -0.03
reset (in)                      DUT_linNoc_1_16/o_cmd_forward_reg_reg_4__3_/D (DFQD1BWP30P140LVT)    -0.03
reset (in)                      DUT_linNoc_1_16/o_cmd_forward_reg_reg_6__1_/D (DFQD1BWP30P140LVT)    -0.03
reset (in)                      DUT_linNoc_1_16/o_cmd_forward_reg_reg_7__0_/D (DFQD1BWP30P140LVT)    -0.03
reset (in)                      DUT_linNoc_1_16/o_cmd_forward_reg_reg_0__2_/D (DFQD1BWP30P140LVT)    -0.03
reset (in)                      DUT_linNoc_1_16/o_data_forward_reg_reg_12__2_/D (DFQD1BWP30P140LVT)    -0.03
reset (in)                      DUT_linNoc_1_16/o_cmd_forward_reg_reg_0__1_/D (DFQD1BWP30P140LVT)    -0.03
reset (in)                      DUT_linNoc_1_16/o_data_forward_reg_reg_2__12_/D (DFQD1BWP30P140LVT)    -0.03
reset (in)                      DUT_linNoc_1_16/o_valid_forward_reg_reg_8_/D (DFQD1BWP30P140LVT)    -0.02
reset (in)                      DUT_linNoc_1_16/o_cmd_forward_reg_reg_0__3_/D (DFQD1BWP30P140LVT)    -0.02
reset (in)                      DUT_linNoc_1_16/o_data_forward_reg_reg_11__6_/D (DFQD1BWP30P140LVT)    -0.02
reset (in)                      DUT_linNoc_1_16/o_data_forward_reg_reg_11__11_/D (DFQD1BWP30P140LVT)    -0.02
reset (in)                      DUT_linNoc_1_16/o_data_forward_reg_reg_11__18_/D (DFQD1BWP30P140LVT)    -0.02
reset (in)                      DUT_linNoc_1_16/o_cmd_forward_reg_reg_11__0_/D (DFQD1BWP30P140LVT)    -0.02
reset (in)                      DUT_linNoc_1_16/o_data_forward_reg_reg_12__13_/D (DFQD1BWP30P140LVT)    -0.02
reset (in)                      DUT_linNoc_1_16/o_data_forward_reg_reg_2__0_/D (DFQD1BWP30P140LVT)    -0.02
reset (in)                      DUT_linNoc_1_16/o_data_forward_reg_reg_2__14_/D (DFQD1BWP30P140LVT)    -0.02
reset (in)                      DUT_linNoc_1_16/o_data_forward_reg_reg_2__1_/D (DFQD1BWP30P140LVT)    -0.02
reset (in)                      DUT_linNoc_1_16/o_data_forward_reg_reg_10__1_/D (DFQD1BWP30P140LVT)    -0.02
reset (in)                      DUT_linNoc_1_16/o_data_forward_reg_reg_12__18_/D (DFQD1BWP30P140LVT)    -0.02
reset (in)                      DUT_linNoc_1_16/o_data_forward_reg_reg_12__17_/D (DFQD1BWP30P140LVT)    -0.02
reset (in)                      DUT_linNoc_1_16/o_data_forward_reg_reg_2__17_/D (DFQD1BWP30P140LVT)    -0.02
reset (in)                      DUT_linNoc_1_16/o_data_forward_reg_reg_0__9_/D (DFQD1BWP30P140LVT)    -0.02
reset (in)                      DUT_linNoc_1_16/o_data_forward_reg_reg_2__9_/D (DFQD1BWP30P140LVT)    -0.02
reset (in)                      DUT_linNoc_1_16/o_data_forward_reg_reg_2__15_/D (DFQD1BWP30P140LVT)    -0.02
reset (in)                      DUT_linNoc_1_16/o_data_forward_reg_reg_12__10_/D (DFQD1BWP30P140LVT)    -0.02
reset (in)                      DUT_linNoc_1_16/o_valid_forward_reg_reg_10_/D (DFQD1BWP30P140LVT)    -0.02
reset (in)                      DUT_linNoc_1_16/o_data_forward_reg_reg_10__4_/D (DFQD1BWP30P140LVT)    -0.02
reset (in)                      DUT_linNoc_1_16/o_data_forward_reg_reg_10__2_/D (DFQD1BWP30P140LVT)    -0.02
reset (in)                      DUT_linNoc_1_16/o_data_forward_reg_reg_0__21_/D (DFQD1BWP30P140LVT)    -0.02
reset (in)                      DUT_linNoc_1_16/o_data_forward_reg_reg_11__19_/D (DFQD1BWP30P140LVT)    -0.02
reset (in)                      DUT_linNoc_1_16/o_data_forward_reg_reg_0__18_/D (DFQD1BWP30P140LVT)    -0.02
reset (in)                      DUT_linNoc_1_16/o_cmd_forward_reg_reg_8__0_/D (DFQD1BWP30P140LVT)    -0.02
reset (in)                      DUT_linNoc_1_16/o_data_forward_reg_reg_10__3_/D (DFQD1BWP30P140LVT)    -0.02
reset (in)                      DUT_linNoc_1_16/o_data_forward_reg_reg_10__0_/D (DFQD1BWP30P140LVT)    -0.02
reset (in)                      DUT_linNoc_1_16/o_data_bus_reg_reg_15_/D (DFQD4BWP30P140LVT)    -0.02
reset (in)                      DUT_linNoc_1_16/o_data_bus_reg_reg_313_/D (DFQD1BWP30P140LVT)    -0.02
reset (in)                      DUT_linNoc_1_16/o_cmd_forward_reg_reg_9__3_/D (DFQD1BWP30P140LVT)    -0.02
reset (in)                      DUT_linNoc_1_16/o_data_forward_reg_reg_2__10_/D (DFQD1BWP30P140LVT)    -0.02
reset (in)                      DUT_linNoc_1_16/o_data_forward_reg_reg_0__19_/D (DFQD1BWP30P140LVT)    -0.02
reset (in)                      DUT_linNoc_1_16/o_data_forward_reg_reg_2__22_/D (DFQD1BWP30P140LVT)    -0.02
reset (in)                      DUT_linNoc_1_16/o_cmd_forward_reg_reg_10__0_/D (DFQD1BWP30P140LVT)    -0.02
reset (in)                      DUT_linNoc_1_16/o_data_forward_reg_reg_0__17_/D (DFQD1BWP30P140LVT)    -0.02
reset (in)                      DUT_linNoc_1_16/o_data_bus_reg_reg_21_/D (DFQD4BWP30P140LVT)    -0.02
reset (in)                      DUT_linNoc_1_16/o_cmd_forward_reg_reg_9__1_/D (DFQD1BWP30P140LVT)    -0.02
reset (in)                      DUT_linNoc_1_16/o_data_forward_reg_reg_2__6_/D (DFQD1BWP30P140LVT)    -0.02
reset (in)                      DUT_linNoc_1_16/o_valid_forward_reg_reg_9_/D (DFQD1BWP30P140LVT)    -0.02
reset (in)                      DUT_linNoc_1_16/o_data_bus_reg_reg_311_/D (DFQD1BWP30P140LVT)    -0.02
reset (in)                      DUT_linNoc_1_16/o_data_bus_reg_reg_314_/D (DFQD1BWP30P140LVT)    -0.02
reset (in)                      DUT_linNoc_1_16/o_data_bus_reg_reg_309_/D (DFQD1BWP30P140LVT)    -0.02
reset (in)                      DUT_linNoc_1_16/o_cmd_forward_reg_reg_3__1_/D (DFQD1BWP30P140LVT)    -0.02
reset (in)                      DUT_linNoc_1_16/o_data_bus_reg_reg_17_/D (DFQD4BWP30P140LVT)    -0.02
reset (in)                      DUT_linNoc_1_16/o_data_bus_reg_reg_308_/D (DFQD1BWP30P140LVT)    -0.02
reset (in)                      DUT_linNoc_1_16/o_data_bus_reg_reg_307_/D (DFQD1BWP30P140LVT)    -0.01
reset (in)                      DUT_linNoc_1_16/o_data_forward_reg_reg_1__18_/D (DFQD1BWP30P140LVT)    -0.01
reset (in)                      DUT_linNoc_1_16/o_data_bus_reg_reg_312_/D (DFQD1BWP30P140LVT)    -0.01
reset (in)                      DUT_linNoc_1_16/o_data_bus_reg_reg_315_/D (DFQD1BWP30P140LVT)    -0.01
reset (in)                      DUT_linNoc_1_16/o_data_forward_reg_reg_0__15_/D (DFQD1BWP30P140LVT)    -0.01
reset (in)                      DUT_linNoc_1_16/o_data_bus_reg_reg_319_/D (DFQD1BWP30P140LVT)    -0.01
reset (in)                      DUT_linNoc_1_16/o_data_bus_reg_reg_310_/D (DFQD1BWP30P140LVT)    -0.01
reset (in)                      DUT_linNoc_1_16/o_data_forward_reg_reg_6__15_/D (DFQD1BWP30P140LVT)    -0.01
reset (in)                      DUT_linNoc_1_16/o_data_bus_reg_reg_305_/D (DFQD1BWP30P140LVT)    -0.01
reset (in)                      DUT_linNoc_1_16/o_data_bus_reg_reg_324_/D (DFQD1BWP30P140LVT)    -0.01
reset (in)                      DUT_linNoc_1_16/o_data_forward_reg_reg_11__2_/D (DFQD1BWP30P140LVT)    -0.01
reset (in)                      DUT_linNoc_1_16/o_data_bus_reg_reg_318_/D (DFQD1BWP30P140LVT)    -0.01
reset (in)                      DUT_linNoc_1_16/o_data_forward_reg_reg_11__0_/D (DFQD1BWP30P140LVT)    -0.01
reset (in)                      DUT_linNoc_1_16/o_data_bus_reg_reg_323_/D (DFQD1BWP30P140LVT)    -0.01
reset (in)                      DUT_linNoc_1_16/o_data_bus_reg_reg_321_/D (DFQD1BWP30P140LVT)    -0.01
reset (in)                      DUT_linNoc_1_16/o_data_bus_reg_reg_316_/D (DFQD1BWP30P140LVT)    -0.01
reset (in)                      DUT_linNoc_1_16/o_data_forward_reg_reg_11__1_/D (DFQD1BWP30P140LVT)    -0.01
reset (in)                      DUT_linNoc_1_16/o_data_forward_reg_reg_2__2_/D (DFQD1BWP30P140LVT)    -0.01
reset (in)                      DUT_linNoc_1_16/o_valid_reg_reg_15_/D (DFQD1BWP30P140LVT)    -0.01
DUT_linNoc_1_16/o_valid_forward_reg_reg_14_/CP (DFQD1BWP30P140LVT) DUT_linNoc_1_16/o_valid_reg_reg_15_/D (DFQD1BWP30P140LVT)    -0.01
DUT_linNoc_1_16/o_cmd_forward_reg_reg_14__2_/CP (DFQD1BWP30P140LVT) DUT_linNoc_1_16/o_valid_reg_reg_15_/D (DFQD1BWP30P140LVT)    -0.01
reset (in)                      DUT_linNoc_1_16/o_data_bus_reg_reg_301_/D (DFQD1BWP30P140LVT)    -0.01
reset (in)                      DUT_linNoc_1_16/o_valid_reg_reg_0_/D (DFQD4BWP30P140LVT)    -0.01
reset (in)                      DUT_linNoc_1_16/o_cmd_forward_reg_reg_9__0_/D (DFQD1BWP30P140LVT)    -0.01
reset (in)                      DUT_linNoc_1_16/o_data_forward_reg_reg_1__19_/D (DFQD1BWP30P140LVT)    -0.01
reset (in)                      DUT_linNoc_1_16/o_valid_forward_reg_reg_12_/D (DFQD1BWP30P140LVT)    -0.01
reset (in)                      DUT_linNoc_1_16/o_data_forward_reg_reg_5__1_/D (DFQD1BWP30P140LVT)    -0.01
reset (in)                      DUT_linNoc_1_16/o_data_bus_reg_reg_300_/D (DFQD1BWP30P140LVT)    -0.01
reset (in)                      DUT_linNoc_1_16/o_data_forward_reg_reg_2__3_/D (DFQD1BWP30P140LVT)    -0.01
reset (in)                      DUT_linNoc_1_16/o_data_forward_reg_reg_5__4_/D (DFQD1BWP30P140LVT)    -0.01
reset (in)                      DUT_linNoc_1_16/o_data_bus_reg_reg_320_/D (DFQD2BWP30P140LVT)    -0.01
reset (in)                      DUT_linNoc_1_16/o_data_bus_reg_reg_317_/D (DFQD1BWP30P140LVT)    -0.01
reset (in)                      DUT_linNoc_1_16/o_data_bus_reg_reg_306_/D (DFQD1BWP30P140LVT)    -0.01
reset (in)                      DUT_linNoc_1_16/o_data_forward_reg_reg_11__3_/D (DFQD1BWP30P140LVT)    -0.01
reset (in)                      DUT_linNoc_1_16/o_data_bus_reg_reg_302_/D (DFQD1BWP30P140LVT)    -0.01
reset (in)                      DUT_linNoc_1_16/o_data_bus_reg_reg_322_/D (DFQD1BWP30P140LVT)    -0.01
reset (in)                      DUT_linNoc_1_16/o_data_forward_reg_reg_2__20_/D (DFQD1BWP30P140LVT)    -0.01
reset (in)                      DUT_linNoc_1_16/o_data_bus_reg_reg_303_/D (DFQD1BWP30P140LVT)    -0.01
reset (in)                      DUT_linNoc_1_16/o_data_bus_reg_reg_304_/D (DFQD1BWP30P140LVT)    -0.01
reset (in)                      DUT_linNoc_1_16/o_data_bus_reg_reg_18_/D (DFQD2BWP30P140LVT)    -0.01
reset (in)                      DUT_linNoc_1_16/o_data_bus_reg_reg_236_/D (DFQD1BWP30P140LVT)    -0.01
reset (in)                      DUT_linNoc_1_16/o_cmd_forward_reg_reg_8__1_/D (DFQD1BWP30P140LVT)    -0.01
reset (in)                      DUT_linNoc_1_16/o_data_bus_reg_reg_237_/D (DFQD1BWP30P140LVT)    -0.01
reset (in)                      DUT_linNoc_1_16/o_data_forward_reg_reg_0__1_/D (DFQD1BWP30P140LVT)    -0.01
reset (in)                      DUT_linNoc_1_16/o_data_forward_reg_reg_0__3_/D (DFQD1BWP30P140LVT)    -0.01
reset (in)                      DUT_linNoc_1_16/o_data_bus_reg_reg_235_/D (DFQD1BWP30P140LVT)    -0.01
reset (in)                      DUT_linNoc_1_16/o_cmd_forward_reg_reg_7__2_/D (DFQD1BWP30P140LVT)    -0.01
reset (in)                      DUT_linNoc_1_16/o_cmd_forward_reg_reg_7__1_/D (DFQD1BWP30P140LVT)    -0.01
reset (in)                      DUT_linNoc_1_16/o_data_bus_reg_reg_238_/D (DFQD1BWP30P140LVT)    -0.01
reset (in)                      DUT_linNoc_1_16/o_data_bus_reg_reg_239_/D (DFQD1BWP30P140LVT)    -0.01
reset (in)                      DUT_linNoc_1_16/o_data_forward_reg_reg_3__18_/D (DFQD1BWP30P140LVT)    -0.01
reset (in)                      DUT_linNoc_1_16/o_data_forward_reg_reg_0__4_/D (DFQD1BWP30P140LVT)    -0.01
reset (in)                      DUT_linNoc_1_16/o_data_forward_reg_reg_9__11_/D (DFQD1BWP30P140LVT)    -0.01
reset (in)                      DUT_linNoc_1_16/o_data_forward_reg_reg_2__21_/D (DFQD1BWP30P140LVT)    -0.01
reset (in)                      DUT_linNoc_1_16/o_cmd_forward_reg_reg_8__2_/D (DFQD1BWP30P140LVT)    -0.01
reset (in)                      DUT_linNoc_1_16/o_data_bus_reg_reg_233_/D (DFQD1BWP30P140LVT)    -0.01
reset (in)                      DUT_linNoc_1_16/o_cmd_forward_reg_reg_12__1_/D (DFQD1BWP30P140LVT)    -0.01
reset (in)                      DUT_linNoc_1_16/o_data_forward_reg_reg_2__4_/D (DFQD1BWP30P140LVT)    -0.01
reset (in)                      DUT_linNoc_1_16/o_cmd_forward_reg_reg_9__2_/D (DFQD1BWP30P140LVT)    -0.01
reset (in)                      DUT_linNoc_1_16/o_data_forward_reg_reg_5__16_/D (DFQD1BWP30P140LVT)    -0.01
reset (in)                      DUT_linNoc_1_16/o_data_forward_reg_reg_0__2_/D (DFQD1BWP30P140LVT)    -0.01
reset (in)                      DUT_linNoc_1_16/o_data_forward_reg_reg_5__0_/D (DFQD1BWP30P140LVT)    -0.01
reset (in)                      DUT_linNoc_1_16/o_data_forward_reg_reg_13__12_/D (DFQD1BWP30P140LVT)    -0.01
reset (in)                      DUT_linNoc_1_16/o_cmd_forward_reg_reg_12__3_/D (DFQD1BWP30P140LVT)    -0.01
reset (in)                      DUT_linNoc_1_16/o_cmd_forward_reg_reg_13__0_/D (DFQD1BWP30P140LVT)    -0.01
reset (in)                      DUT_linNoc_1_16/o_data_forward_reg_reg_9__12_/D (DFQD1BWP30P140LVT)    -0.01
reset (in)                      DUT_linNoc_1_16/o_data_forward_reg_reg_0__0_/D (DFQD1BWP30P140LVT)    -0.01
reset (in)                      DUT_linNoc_1_16/o_data_forward_reg_reg_1__23_/D (DFQD1BWP30P140LVT)    -0.01
reset (in)                      DUT_linNoc_1_16/o_data_forward_reg_reg_0__23_/D (DFQD1BWP30P140LVT)    -0.01
reset (in)                      DUT_linNoc_1_16/o_data_forward_reg_reg_1__2_/D (DFQD1BWP30P140LVT)    -0.01
reset (in)                      DUT_linNoc_1_16/o_data_forward_reg_reg_5__3_/D (DFQD1BWP30P140LVT)    -0.01
reset (in)                      DUT_linNoc_1_16/o_data_forward_reg_reg_13__13_/D (DFQD1BWP30P140LVT)    -0.01
reset (in)                      DUT_linNoc_1_16/o_data_forward_reg_reg_12__9_/D (DFQD1BWP30P140LVT)    -0.01
reset (in)                      DUT_linNoc_1_16/o_data_forward_reg_reg_2__13_/D (DFQD1BWP30P140LVT)    -0.01
reset (in)                      DUT_linNoc_1_16/o_data_forward_reg_reg_3__24_/D (DFQD1BWP30P140LVT)    -0.01
reset (in)                      DUT_linNoc_1_16/o_data_forward_reg_reg_9__18_/D (DFQD1BWP30P140LVT)    -0.01
reset (in)                      DUT_linNoc_1_16/o_data_forward_reg_reg_9__8_/D (DFQD1BWP30P140LVT)    -0.00
reset (in)                      DUT_linNoc_1_16/o_data_forward_reg_reg_5__2_/D (DFQD1BWP30P140LVT)    -0.00
reset (in)                      DUT_linNoc_1_16/o_data_forward_reg_reg_13__5_/D (DFQD1BWP30P140LVT)    -0.00
reset (in)                      DUT_linNoc_1_16/o_data_forward_reg_reg_8__2_/D (DFQD1BWP30P140LVT)    -0.00
reset (in)                      DUT_linNoc_1_16/o_data_forward_reg_reg_9__16_/D (DFQD1BWP30P140LVT)    -0.00
reset (in)                      DUT_linNoc_1_16/o_data_forward_reg_reg_2__11_/D (DFQD1BWP30P140LVT)    -0.00
reset (in)                      DUT_linNoc_1_16/o_data_forward_reg_reg_9__6_/D (DFQD1BWP30P140LVT)    -0.00
reset (in)                      DUT_linNoc_1_16/o_data_forward_reg_reg_2__24_/D (DFQD1BWP30P140LVT)    -0.00
reset (in)                      DUT_linNoc_1_16/o_data_forward_reg_reg_13__23_/D (DFQD1BWP30P140LVT)    -0.00
reset (in)                      DUT_linNoc_1_16/o_data_forward_reg_reg_7__16_/D (DFQD1BWP30P140LVT)    -0.00
reset (in)                      DUT_linNoc_1_16/o_data_forward_reg_reg_1__0_/D (DFQD1BWP30P140LVT)    -0.00
reset (in)                      DUT_linNoc_1_16/o_data_forward_reg_reg_9__15_/D (DFQD1BWP30P140LVT)    -0.00
reset (in)                      DUT_linNoc_1_16/o_cmd_forward_reg_reg_11__1_/D (DFQD1BWP30P140LVT)    -0.00
reset (in)                      DUT_linNoc_1_16/o_data_forward_reg_reg_9__7_/D (DFQD1BWP30P140LVT)    -0.00
reset (in)                      DUT_linNoc_1_16/o_cmd_forward_reg_reg_10__1_/D (DFQD1BWP30P140LVT)    -0.00
reset (in)                      DUT_linNoc_1_16/o_data_forward_reg_reg_8__0_/D (DFQD1BWP30P140LVT)    -0.00
reset (in)                      DUT_linNoc_1_16/o_data_forward_reg_reg_11__4_/D (DFQD1BWP30P140LVT)    -0.00
reset (in)                      DUT_linNoc_1_16/o_data_bus_reg_reg_14_/D (DFQD2BWP30P140LVT)    -0.00
reset (in)                      DUT_linNoc_1_16/o_data_forward_reg_reg_9__10_/D (DFQD1BWP30P140LVT)    -0.00
reset (in)                      DUT_linNoc_1_16/o_data_forward_reg_reg_8__4_/D (DFQD1BWP30P140LVT)    -0.00
reset (in)                      DUT_linNoc_1_16/o_data_forward_reg_reg_9__14_/D (DFQD1BWP30P140LVT)    -0.00
reset (in)                      DUT_linNoc_1_16/o_data_forward_reg_reg_1__3_/D (DFQD1BWP30P140LVT)    -0.00
reset (in)                      DUT_linNoc_1_16/o_data_forward_reg_reg_9__9_/D (DFQD1BWP30P140LVT)    -0.00
reset (in)                      DUT_linNoc_1_16/o_cmd_forward_reg_reg_8__3_/D (DFQD1BWP30P140LVT)    -0.00
reset (in)                      DUT_linNoc_1_16/o_data_forward_reg_reg_7__21_/D (DFQD1BWP30P140LVT)    -0.00
reset (in)                      DUT_linNoc_1_16/o_data_bus_reg_reg_391_/D (DFQD1BWP30P140LVT)    -0.00
reset (in)                      DUT_linNoc_1_16/o_data_forward_reg_reg_2__16_/D (DFQD1BWP30P140LVT)    -0.00
reset (in)                      DUT_linNoc_1_16/o_cmd_forward_reg_reg_11__2_/D (DFQD1BWP30P140LVT)    -0.00
reset (in)                      DUT_linNoc_1_16/o_data_bus_reg_reg_380_/D (DFQD1BWP30P140LVT)    -0.00
reset (in)                      DUT_linNoc_1_16/o_data_forward_reg_reg_9__20_/D (DFQD1BWP30P140LVT)    -0.00
reset (in)                      DUT_linNoc_1_16/o_data_bus_reg_reg_12_/D (DFQD1BWP30P140LVT)    -0.00
reset (in)                      DUT_linNoc_1_16/o_data_forward_reg_reg_9__19_/D (DFQD1BWP30P140LVT)    -0.00
reset (in)                      DUT_linNoc_1_16/o_data_forward_reg_reg_2__18_/D (DFQD1BWP30P140LVT)    -0.00
reset (in)                      DUT_linNoc_1_16/o_data_forward_reg_reg_1__4_/D (DFQD1BWP30P140LVT)    -0.00
reset (in)                      DUT_linNoc_1_16/o_data_bus_reg_reg_378_/D (DFQD1BWP30P140LVT)    -0.00
reset (in)                      DUT_linNoc_1_16/o_data_bus_reg_reg_375_/D (DFQD2BWP30P140LVT)    -0.00
reset (in)                      DUT_linNoc_1_16/o_data_bus_reg_reg_377_/D (DFQD1BWP30P140LVT)    -0.00
reset (in)                      DUT_linNoc_1_16/o_data_forward_reg_reg_2__19_/D (DFQD1BWP30P140LVT)    -0.00
reset (in)                      DUT_linNoc_1_16/o_data_bus_reg_reg_385_/D (DFQD1BWP30P140LVT)    -0.00
reset (in)                      DUT_linNoc_1_16/o_valid_forward_reg_reg_11_/D (DFQD1BWP30P140LVT)    -0.00
reset (in)                      DUT_linNoc_1_16/o_data_forward_reg_reg_13__0_/D (DFQD1BWP30P140LVT)    -0.00
reset (in)                      DUT_linNoc_1_16/o_valid_reg_reg_8_/D (DFQD4BWP30P140LVT)    -0.00
reset (in)                      DUT_linNoc_1_16/o_data_forward_reg_reg_1__1_/D (DFQD1BWP30P140LVT)    -0.00
reset (in)                      DUT_linNoc_1_16/o_data_forward_reg_reg_7__2_/D (DFQD1BWP30P140LVT)    -0.00
reset (in)                      DUT_linNoc_1_16/o_data_bus_reg_reg_13_/D (DFQD2BWP30P140LVT)    -0.00
