 
****************************************
Report : timing
        -path full
        -delay max
        -max_paths 1
Design : mux_2x1_simple_seq
Version: J-2014.09-SP3
Date   : Sat May 22 22:59:41 2021
****************************************

Operating Conditions: tt0p8v25c   Library: tcbn28hpcplusbwp30p140lvttt0p8v25c
Wire Load Model Mode: segmented

  Startpoint: i_valid[0] (input port clocked by clk)
  Endpoint: o_data_bus_inner_reg_0_
            (rising edge-triggered flip-flop clocked by clk)
  Path Group: clk
  Path Type: max

  Des/Clust/Port     Wire Load Model       Library
  ------------------------------------------------
  mux_2x1_simple_seq ZeroWireload          tcbn28hpcplusbwp30p140lvttt0p8v25c

  Point                                                   Incr       Path
  --------------------------------------------------------------------------
  clock clk (rise edge)                                   0.00       0.00
  clock network delay (ideal)                             0.00       0.00
  input external delay                                    0.06       0.06 r
  i_valid[0] (in)                                         0.00       0.06 r
  U47/ZN (INVD1BWP30P140LVT)                              0.01       0.07 f
  U41/ZN (NR3OPTPAD2BWP30P140LVT)                         0.04       0.11 r
  U50/ZN (MOAI22D1BWP30P140LVT)                           0.02       0.13 r
  o_data_bus_inner_reg_0_/D (DFQD4BWP30P140LVT)           0.00       0.13 r
  data arrival time                                                  0.13

  clock clk (rise edge)                                   0.30       0.30
  clock network delay (ideal)                             0.00       0.30
  clock uncertainty                                      -0.15       0.15
  o_data_bus_inner_reg_0_/CP (DFQD4BWP30P140LVT)          0.00       0.15 r
  library setup time                                     -0.01       0.14
  data required time                                                 0.14
  --------------------------------------------------------------------------
  data required time                                                 0.14
  data arrival time                                                 -0.13
  --------------------------------------------------------------------------
  slack (MET)                                                        0.00


1
