 
****************************************
Report : area
Design : linear_network_unicast_seq
Version: J-2014.09-SP3
Date   : Tue Apr 20 14:09:07 2021
****************************************

Library(s) Used:

    tcbn28hpcplusbwp30p140lvttt0p8v25c (File: /usr/scratch/DRBE-shared/TSMC-library/IP/TSMC28_STD_CELLS/unzipped/tcbn28hpcplusbwp30p140lvt_190a/tcbn28hpcplusbwp30p140lvt_180a_nldm/TSMCHOME/digital/Front_End/timing_power_noise/NLDM/tcbn28hpcplusbwp30p140lvt_180a/tcbn28hpcplusbwp30p140lvttt0p8v25c.db)

Number of ports:                          568
Number of nets:                          2238
Number of cells:                         2198
Number of combinational cells:           1115
Number of sequential cells:              1083
Number of macros/black boxes:               0
Number of buf/inv:                         10
Number of references:                      19

Combinational area:                570.528008
Buf/Inv area:                        3.402000
Noncombinational area:            2246.453933
Macro/Black Box area:                0.000000
Net Interconnect area:      undefined  (Wire load has zero net area)

Total cell area:                  2816.981941
Total area:                 undefined

Hierarchical area distribution
------------------------------

                                  Global cell area          Local cell area
                                  ------------------  --------------------------- 
Hierarchical cell                 Absolute   Percent  Combi-    Noncombi-  Black-
                                  Total      Total    national  national   boxes   Design
--------------------------------  ---------  -------  --------  ---------  ------  ---------
linear_network_unicast_seq        2816.9819    100.0  570.5280  2246.4539  0.0000  linear_network_unicast_seq
--------------------------------  ---------  -------  --------  ---------  ------  ---------
Total                                                 570.5280  2246.4539  0.0000

1
