 
****************************************
Report : area
Design : crossbar_one_hot_seq
Version: Q-2019.12-SP2
Date   : Tue Apr 13 00:07:39 2021
****************************************

Library(s) Used:

    tcbn28hpcplusbwp30p140lvttt0p8v25c (File: /usr/scratch/DRBE-shared/TSMC-library/IP/TSMC28_STD_CELLS/unzipped/tcbn28hpcplusbwp30p140lvt_190a/tcbn28hpcplusbwp30p140lvt_180a_nldm/TSMCHOME/digital/Front_End/timing_power_noise/NLDM/tcbn28hpcplusbwp30p140lvt_180a/tcbn28hpcplusbwp30p140lvttt0p8v25c.db)

Number of ports:                         1579
Number of nets:                         16905
Number of cells:                        15590
Number of combinational cells:          13214
Number of sequential cells:              2376
Number of macros/black boxes:               0
Number of buf/inv:                       3634
Number of references:                     137

Combinational area:               7657.775966
Buf/Inv area:                     1442.573999
Noncombinational area:            4674.725947
Macro/Black Box area:                0.000000
Net Interconnect area:      undefined  (Wire load has zero net area)

Total cell area:                 12332.501913
Total area:                 undefined

Hierarchical area distribution
------------------------------

                                  Global cell area           Local cell area
                                  -------------------  ---------------------------- 
Hierarchical cell                 Absolute    Percent  Combi-     Noncombi-  Black-
                                  Total       Total    national   national   boxes   Design
--------------------------------  ----------  -------  ---------  ---------  ------  ---------
crossbar_one_hot_seq              12332.5019    100.0  7657.7760  4674.7259  0.0000  crossbar_one_hot_seq
--------------------------------  ----------  -------  ---------  ---------  ------  ---------
Total                                                  7657.7760  4674.7259  0.0000

1
