 
****************************************
Report : area
Design : controller_spi
Version: J-2014.09-SP3
Date   : Sat Jul 11 03:29:10 2020
****************************************

Library(s) Used:

    tcbn28hpcplusbwp30p140tt0p8v25c (File: /home/green1/DKIT/tsmc_muse/IP/TSMC28_STD_CELLS/custom_utils_ck/tsmc_ip/tcbn28hpcplusbwp30p140/nldm/tcbn28hpcplusbwp30p140tt0p8v25c.db)

Number of ports:                          759
Number of nets:                          1369
Number of cells:                            2
Number of combinational cells:              0
Number of sequential cells:                 0
Number of macros/black boxes:               0
Number of buf/inv:                          0
Number of references:                       2

Combinational area:               6600.635942
Buf/Inv area:                      319.662005
Noncombinational area:            3272.093975
Macro/Black Box area:                0.000000
Net Interconnect area:      undefined  (Wire load has zero net area)

Total cell area:                  9872.729917
Total area:                 undefined

Hierarchical area distribution
------------------------------

                                  Global cell area          Local cell area
                                  ------------------  ---------------------------- 
Hierarchical cell                 Absolute   Percent  Combi-     Noncombi-  Black-
                                  Total      Total    national   national   boxes   Design
--------------------------------  ---------  -------  ---------  ---------  ------  ---------------
controller_spi                    9872.7299    100.0     0.0000     0.0000  0.0000  controller_spi
DUT0                              7959.1679     80.6  5067.0899  1504.4400  0.0000  controller
DUT0/dut0                         1387.6380     14.1   219.6180   368.5500  0.0000  fp_top
DUT0/dut0/dut0                     612.3600      6.2   434.7000   177.6600  0.0000  fp_shift
DUT0/dut0/dut1                     187.1100      1.9   124.7400    62.3700  0.0000  fp_mpr_shift
DUT1                              1913.5620     19.4   753.7320  1154.7900  0.0000  spi_flexpim
DUT1/DUT                             5.0400      0.1     0.7560     4.2840  0.0000  controller_sync
--------------------------------  ---------  -------  ---------  ---------  ------  ---------------
Total                                                 6600.6359  3272.0940  0.0000

1
