 
****************************************
Report : power
        -hier
        -analysis_effort low
Design : vmm_engine_part
Version: J-2014.09-SP3
Date   : Sat Jul 11 03:19:40 2020
****************************************


Library(s) Used:

    tcbn28hpcplusbwp30p140tt0p8v25c (File: /home/green1/DKIT/tsmc_muse/IP/TSMC28_STD_CELLS/custom_utils_ck/tsmc_ip/tcbn28hpcplusbwp30p140/nldm/tcbn28hpcplusbwp30p140tt0p8v25c.db)


Operating Conditions: tt0p8v25c   Library: tcbn28hpcplusbwp30p140tt0p8v25c
Wire Load Model Mode: segmented

Design        Wire Load Model            Library
------------------------------------------------
vmm_engine_part        ZeroWireload      tcbn28hpcplusbwp30p140tt0p8v25c
address_generator      ZeroWireload      tcbn28hpcplusbwp30p140tt0p8v25c
buffer_latch           ZeroWireload      tcbn28hpcplusbwp30p140tt0p8v25c
accumulator_mux        ZeroWireload      tcbn28hpcplusbwp30p140tt0p8v25c
decoder_3_clked        ZeroWireload      tcbn28hpcplusbwp30p140tt0p8v25c
mux_acc                ZeroWireload      tcbn28hpcplusbwp30p140tt0p8v25c


Global Operating Voltage = 0.8  
Power-specific unit information :
    Voltage Units = 1V
    Capacitance Units = 1.000000pf
    Time Units = 1ns
    Dynamic Power Units = 1mW    (derived from V,C,T units)
    Leakage Power Units = 1nW


--------------------------------------------------------------------------------
                                       Switch   Int      Leak     Total
Hierarchy                              Power    Power    Power    Power    %
--------------------------------------------------------------------------------
vmm_engine_part                           1.282    0.351 1.53e+03    1.635 100.0
  dut_acc_mux (accumulator_mux)        7.80e-02    0.140  645.352    0.219  13.4
    dut_op_mux (mux_acc)                    N/A    0.140  645.352    0.120   7.3
  dut_buf_latch (buffer_latch)              N/A 4.23e-02   61.381 3.89e-03   0.2
  dut_add_gen (address_generator)      1.72e-02    0.141  341.474    0.159   9.7
    DUT (decoder_3_clked)              7.54e-04 1.20e-03   14.172 1.97e-03   0.1
1
