 
****************************************
Report : power
        -hier
        -analysis_effort low
Design : top_1
Version: J-2014.09-SP3
Date   : Mon Jun 29 15:56:07 2020
****************************************


Library(s) Used:

    tcbn28hpcplusbwp30p140tt0p8v25c (File: /home/green1/DKIT/tsmc_muse/IP/TSMC28_STD_CELLS/custom_utils_ck/tsmc_ip/tcbn28hpcplusbwp30p140/nldm/tcbn28hpcplusbwp30p140tt0p8v25c.db)


Operating Conditions: tt0p8v25c   Library: tcbn28hpcplusbwp30p140tt0p8v25c
Wire Load Model Mode: segmented

Design        Wire Load Model            Library
------------------------------------------------
top_1                  ZeroWireload      tcbn28hpcplusbwp30p140tt0p8v25c
flip_flop_0            ZeroWireload      tcbn28hpcplusbwp30p140tt0p8v25c
mux                    ZeroWireload      tcbn28hpcplusbwp30p140tt0p8v25c
flip_flop_1            ZeroWireload      tcbn28hpcplusbwp30p140tt0p8v25c
flip_flop_2            ZeroWireload      tcbn28hpcplusbwp30p140tt0p8v25c


Global Operating Voltage = 0.8  
Power-specific unit information :
    Voltage Units = 1V
    Capacitance Units = 1.000000pf
    Time Units = 1ns
    Dynamic Power Units = 1mW    (derived from V,C,T units)
    Leakage Power Units = 1nW


--------------------------------------------------------------------------------
                                       Switch   Int      Leak     Total
Hierarchy                              Power    Power    Power    Power    %
--------------------------------------------------------------------------------
top_1                                     0.407    1.190 1.75e+03    1.599 100.0
  f3 (flip_flop_1)                     2.22e-03    0.369  397.209    0.371  23.2
  UI_mux1 (mux)                        2.44e-03 2.04e-02  343.957 2.32e-02   1.5
  f2 (flip_flop_2)                     2.23e-03    0.394  425.711    0.397  24.8
  f1 (flip_flop_0)                     1.97e-03    0.394  425.669    0.396  24.8
1
