 
****************************************
Report : timing
        -path full
        -delay max
        -max_paths 1
Design : crossbar_one_hot_seq
Version: Q-2019.12-SP2
Date   : Mon Apr 12 02:49:14 2021
****************************************

Operating Conditions: tt0p8v25c   Library: tcbn28hpcplusbwp30p140tt0p8v25c
Wire Load Model Mode: segmented

  Startpoint: i_cmd[486] (input port clocked by clk)
  Endpoint: o_data_bus_reg_reg_194_
            (rising edge-triggered flip-flop clocked by clk)
  Path Group: clk
  Path Type: max

  Des/Clust/Port     Wire Load Model       Library
  ------------------------------------------------
  crossbar_one_hot_seq
                     ZeroWireload          tcbn28hpcplusbwp30p140tt0p8v25c

  Point                                                   Incr       Path
  --------------------------------------------------------------------------
  clock clk (rise edge)                                   0.00       0.00
  clock network delay (ideal)                             0.00       0.00
  input external delay                                    0.07       0.07 f
  i_cmd[486] (in)                                         0.00       0.07 f
  U25165/ZN (NR2OPTPAD2BWP30P140)                         0.01       0.08 r
  U24057/ZN (CKND2D4BWP30P140)                            0.01       0.09 f
  U21545/ZN (NR2OPTIBD6BWP30P140)                         0.02       0.11 r
  U22530/ZN (CKND2D2BWP30P140)                            0.01       0.12 f
  U26374/ZN (INR2D1BWP30P140)                             0.02       0.14 r
  U23898/ZN (ND3OPTPAD2BWP30P140)                         0.02       0.16 f
  U14639/ZN (NR2OPTIBD6BWP30P140)                         0.03       0.19 r
  U20821/ZN (MAOI22D1BWP30P140)                           0.02       0.20 f
  U19044/ZN (INVD1BWP30P140)                              0.01       0.21 r
  U22579/ZN (IAO21D1BWP30P140)                            0.01       0.22 f
  U22578/ZN (ND2OPTIBD1BWP30P140)                         0.01       0.23 r
  U20811/ZN (AOI211OPTREPBD2BWP30P140)                    0.01       0.24 f
  U20812/ZN (ND3D1BWP30P140)                              0.01       0.25 r
  U18580/ZN (OAI21D1P5BWP30P140)                          0.01       0.26 f
  U21622/ZN (ND3D1BWP30P140)                              0.01       0.27 r
  o_data_bus_reg_reg_194_/D (DFD2BWP30P140)               0.00       0.27 r
  data arrival time                                                  0.27

  clock clk (rise edge)                                   0.33       0.33
  clock network delay (ideal)                             0.00       0.33
  clock uncertainty                                      -0.15       0.18
  o_data_bus_reg_reg_194_/CP (DFD2BWP30P140)              0.00       0.18 r
  library setup time                                     -0.02       0.16
  data required time                                                 0.16
  --------------------------------------------------------------------------
  data required time                                                 0.16
  data arrival time                                                 -0.27
  --------------------------------------------------------------------------
  slack (VIOLATED)                                                  -0.11


1
