 
****************************************
Report : area
Design : crossbar_one_hot_seq
Version: Q-2019.12-SP2
Date   : Mon Apr 12 02:49:14 2021
****************************************

Library(s) Used:

    tcbn28hpcplusbwp30p140tt0p8v25c (File: /usr/scratch/will-jianming/TSMC_library/IP/TSMC28_STD_CELLS/custom_utils_ck/tsmc_ip/tcbn28hpcplusbwp30p140/nldm/tcbn28hpcplusbwp30p140tt0p8v25c.db)

Number of ports:                         2891
Number of nets:                         25940
Number of cells:                        23313
Number of combinational cells:          23049
Number of sequential cells:               264
Number of macros/black boxes:               0
Number of buf/inv:                       4590
Number of references:                     205

Combinational area:              14897.609960
Buf/Inv area:                     1771.434004
Noncombinational area:             505.385995
Macro/Black Box area:                0.000000
Net Interconnect area:      undefined  (Wire load has zero net area)

Total cell area:                 15402.995954
Total area:                 undefined

Hierarchical area distribution
------------------------------

                                  Global cell area            Local cell area
                                  -------------------  ----------------------------- 
Hierarchical cell                 Absolute    Percent  Combi-      Noncombi-  Black-
                                  Total       Total    national    national   boxes   Design
--------------------------------  ----------  -------  ----------  ---------  ------  ---------
crossbar_one_hot_seq              15402.9960    100.0  14897.6100   505.3860  0.0000  crossbar_one_hot_seq
--------------------------------  ----------  -------  ----------  ---------  ------  ---------
Total                                                  14897.6100   505.3860  0.0000

1
