 
****************************************
Report : area
Design : crossbar_one_hot_seq
Version: Q-2019.12-SP2
Date   : Sun Apr 11 10:56:05 2021
****************************************

Library(s) Used:

    tcbn28hpcplusbwp30p140tt0p8v25c (File: /usr/scratch/will-jianming/TSMC_library/IP/TSMC28_STD_CELLS/custom_utils_ck/tsmc_ip/tcbn28hpcplusbwp30p140/nldm/tcbn28hpcplusbwp30p140tt0p8v25c.db)

Number of ports:                         2891
Number of nets:                         26583
Number of cells:                        24019
Number of combinational cells:          21643
Number of sequential cells:              2376
Number of macros/black boxes:               0
Number of buf/inv:                       3883
Number of references:                     135

Combinational area:              13550.039939
Buf/Inv area:                     1891.134014
Noncombinational area:            6355.943789
Macro/Black Box area:                0.000000
Net Interconnect area:      undefined  (Wire load has zero net area)

Total cell area:                 19905.983728
Total area:                 undefined
1
