 
****************************************
Report : timing
        -path full
        -delay max
        -max_paths 1
Design : crossbar_one_hot_comb_wrapper_seq
Version: Q-2019.12-SP2
Date   : Sun Apr 11 10:46:23 2021
****************************************

 # A fanout number of 1000 was used for high fanout net computations.

Operating Conditions: tt0p8v25c   Library: tcbn28hpcplusbwp30p140tt0p8v25c
Wire Load Model Mode: segmented

  Startpoint: o_data_bus_reg_reg_0_
              (rising edge-triggered flip-flop clocked by clk)
  Endpoint: o_data_bus[0]
            (output port clocked by clk)
  Path Group: clk
  Path Type: max

  Des/Clust/Port     Wire Load Model       Library
  ------------------------------------------------
  crossbar_one_hot_comb_wrapper_seq
                     ZeroWireload          tcbn28hpcplusbwp30p140tt0p8v25c

  Point                                                   Incr       Path
  --------------------------------------------------------------------------
  clock clk (rise edge)                                   0.00       0.00
  clock network delay (ideal)                             0.00       0.00
  o_data_bus_reg_reg_0_/CP (DFQD4BWP30P140)               0.00 #     0.00 r
  o_data_bus_reg_reg_0_/Q (DFQD4BWP30P140)                0.11       0.11 f
  o_data_bus[0] (out)                                     0.00       0.11 f
  data arrival time                                                  0.11

  clock clk (rise edge)                                   0.33       0.33
  clock network delay (ideal)                             0.00       0.33
  clock uncertainty                                      -0.15       0.18
  output external delay                                  -0.07       0.11
  data required time                                                 0.11
  --------------------------------------------------------------------------
  data required time                                                 0.11
  data arrival time                                                 -0.11
  --------------------------------------------------------------------------
  slack (MET)                                                        0.00


1
