Information: Propagating switching activity (low effort zero delay simulation). (PWR-6)
Warning: Design has unannotated primary inputs. (PWR-414)
Warning: Design has unannotated sequential cell outputs. (PWR-415)
 
****************************************
Report : power
        -analysis_effort low
Design : crossbar_one_hot_seq
Version: Q-2019.12-SP2
Date   : Sun Apr 11 10:56:07 2021
****************************************


Library(s) Used:

    tcbn28hpcplusbwp30p140tt0p8v25c (File: /usr/scratch/will-jianming/TSMC_library/IP/TSMC28_STD_CELLS/custom_utils_ck/tsmc_ip/tcbn28hpcplusbwp30p140/nldm/tcbn28hpcplusbwp30p140tt0p8v25c.db)


Operating Conditions: tt0p8v25c   Library: tcbn28hpcplusbwp30p140tt0p8v25c
Wire Load Model Mode: segmented

Design        Wire Load Model            Library
------------------------------------------------
crossbar_one_hot_seq   ZeroWireload      tcbn28hpcplusbwp30p140tt0p8v25c


Global Operating Voltage = 0.8  
Power-specific unit information :
    Voltage Units = 1V
    Capacitance Units = 1.000000pf
    Time Units = 1ns
    Dynamic Power Units = 1mW    (derived from V,C,T units)
    Leakage Power Units = 1nW


  Cell Internal Power  =  21.1863 mW   (90%)
  Net Switching Power  =   2.2989 mW   (10%)
                         ---------
Total Dynamic Power    =  23.4852 mW  (100%)

Cell Leakage Power     =  61.2079 uW


                 Internal         Switching           Leakage            Total
Power Group      Power            Power               Power              Power   (   %    )  Attrs
--------------------------------------------------------------------------------------------------
io_pad             0.0000            0.0000            0.0000            0.0000  (   0.00%)
memory             0.0000            0.0000            0.0000            0.0000  (   0.00%)
black_box          0.0000            0.0000            0.0000            0.0000  (   0.00%)
clock_network      0.0000            0.0000            0.0000            0.0000  (   0.00%)
register          20.2641            0.8568        2.3348e+04           21.1443  (  89.80%)
sequential         0.0000            0.0000            0.0000            0.0000  (   0.00%)
combinational      0.9222            1.4421        3.7860e+04            2.4021  (  10.20%)
--------------------------------------------------------------------------------------------------
Total             21.1863 mW         2.2989 mW     6.1208e+04 nW        23.5464 mW
1
