Information: Propagating switching activity (low effort zero delay simulation). (PWR-6)
Warning: Design has unannotated primary inputs. (PWR-414)
Warning: Design has unannotated sequential cell outputs. (PWR-415)
 
****************************************
Report : power
        -hier
        -analysis_effort low
Design : crossbar_one_hot_comb_wrapper_seq
Version: Q-2019.12-SP2
Date   : Sun Apr 11 14:04:03 2021
****************************************


Library(s) Used:

    tcbn28hpcplusbwp30p140tt0p8v25c (File: /usr/scratch/will-jianming/TSMC_library/IP/TSMC28_STD_CELLS/custom_utils_ck/tsmc_ip/tcbn28hpcplusbwp30p140/nldm/tcbn28hpcplusbwp30p140tt0p8v25c.db)


Operating Conditions: tt0p8v25c   Library: tcbn28hpcplusbwp30p140tt0p8v25c
Wire Load Model Mode: segmented

Design        Wire Load Model            Library
------------------------------------------------
crossbar_one_hot_comb_wrapper_seq
                       ZeroWireload      tcbn28hpcplusbwp30p140tt0p8v25c
crossbar_one_hot_comb_DATA_WIDTH32_NUM_OUTPUT_DATA8_NUM_INPUT_DATA64
                       ZeroWireload      tcbn28hpcplusbwp30p140tt0p8v25c


Global Operating Voltage = 0.8  
Power-specific unit information :
    Voltage Units = 1V
    Capacitance Units = 1.000000pf
    Time Units = 1ns
    Dynamic Power Units = 1mW    (derived from V,C,T units)
    Leakage Power Units = 1nW


--------------------------------------------------------------------------------
                                       Switch   Int      Leak     Total
Hierarchy                              Power    Power    Power    Power    %
--------------------------------------------------------------------------------
crossbar_one_hot_comb_wrapper_seq         2.935   25.368 6.02e+04   28.363 100.0
  crossbar_one_hot_comb (crossbar_one_hot_comb_DATA_WIDTH32_NUM_OUTPUT_DATA8_NUM_INPUT_DATA64)
                                          1.454    1.491 3.78e+04    2.983  10.5
1
