 
****************************************
Report : timing
        -path full
        -delay max
        -max_paths 1
Design : benes_simple_seq
Version: J-2014.09-SP3
Date   : Sat Jun 19 04:05:15 2021
****************************************

 # A fanout number of 1000 was used for high fanout net computations.

Operating Conditions: tt0p8v25c   Library: tcbn28hpcplusbwp30p140tt0p8v25c
Wire Load Model Mode: segmented

  Startpoint: second_half_stages_7__group_sec_half_0__switch_sec_half_0__third_stage/o_data_bus_inner_reg_0_
              (rising edge-triggered flip-flop clocked by clk)
  Endpoint: o_data_bus[0]
            (output port clocked by clk)
  Path Group: clk
  Path Type: max

  Des/Clust/Port     Wire Load Model       Library
  ------------------------------------------------
  distribute_2x2_simple_seq_DATA_WIDTH32_COMMAND_WIDTH2_143
                     ZeroWireload          tcbn28hpcplusbwp30p140tt0p8v25c
  distribute_2x2_simple_seq_DATA_WIDTH32_COMMAND_WIDTH2_142
                     ZeroWireload          tcbn28hpcplusbwp30p140tt0p8v25c
  distribute_2x2_simple_seq_DATA_WIDTH32_COMMAND_WIDTH2_141
                     ZeroWireload          tcbn28hpcplusbwp30p140tt0p8v25c
  distribute_2x2_simple_seq_DATA_WIDTH32_COMMAND_WIDTH2_140
                     ZeroWireload          tcbn28hpcplusbwp30p140tt0p8v25c
  distribute_2x2_simple_seq_DATA_WIDTH32_COMMAND_WIDTH2_139
                     ZeroWireload          tcbn28hpcplusbwp30p140tt0p8v25c
  distribute_2x2_simple_seq_DATA_WIDTH32_COMMAND_WIDTH2_138
                     ZeroWireload          tcbn28hpcplusbwp30p140tt0p8v25c
  distribute_2x2_simple_seq_DATA_WIDTH32_COMMAND_WIDTH2_137
                     ZeroWireload          tcbn28hpcplusbwp30p140tt0p8v25c
  distribute_2x2_simple_seq_DATA_WIDTH32_COMMAND_WIDTH2_136
                     ZeroWireload          tcbn28hpcplusbwp30p140tt0p8v25c
  distribute_2x2_simple_seq_DATA_WIDTH32_COMMAND_WIDTH2_135
                     ZeroWireload          tcbn28hpcplusbwp30p140tt0p8v25c
  distribute_2x2_simple_seq_DATA_WIDTH32_COMMAND_WIDTH2_134
                     ZeroWireload          tcbn28hpcplusbwp30p140tt0p8v25c
  distribute_2x2_simple_seq_DATA_WIDTH32_COMMAND_WIDTH2_133
                     ZeroWireload          tcbn28hpcplusbwp30p140tt0p8v25c
  distribute_2x2_simple_seq_DATA_WIDTH32_COMMAND_WIDTH2_132
                     ZeroWireload          tcbn28hpcplusbwp30p140tt0p8v25c
  distribute_2x2_simple_seq_DATA_WIDTH32_COMMAND_WIDTH2_131
                     ZeroWireload          tcbn28hpcplusbwp30p140tt0p8v25c
  distribute_2x2_simple_seq_DATA_WIDTH32_COMMAND_WIDTH2_130
                     ZeroWireload          tcbn28hpcplusbwp30p140tt0p8v25c
  distribute_2x2_simple_seq_DATA_WIDTH32_COMMAND_WIDTH2_129
                     ZeroWireload          tcbn28hpcplusbwp30p140tt0p8v25c
  distribute_2x2_simple_seq_DATA_WIDTH32_COMMAND_WIDTH2_128
                     ZeroWireload          tcbn28hpcplusbwp30p140tt0p8v25c
  distribute_2x2_simple_seq_DATA_WIDTH32_COMMAND_WIDTH2_127
                     ZeroWireload          tcbn28hpcplusbwp30p140tt0p8v25c
  distribute_2x2_simple_seq_DATA_WIDTH32_COMMAND_WIDTH2_126
                     ZeroWireload          tcbn28hpcplusbwp30p140tt0p8v25c
  distribute_2x2_simple_seq_DATA_WIDTH32_COMMAND_WIDTH2_125
                     ZeroWireload          tcbn28hpcplusbwp30p140tt0p8v25c
  distribute_2x2_simple_seq_DATA_WIDTH32_COMMAND_WIDTH2_124
                     ZeroWireload          tcbn28hpcplusbwp30p140tt0p8v25c
  distribute_2x2_simple_seq_DATA_WIDTH32_COMMAND_WIDTH2_123
                     ZeroWireload          tcbn28hpcplusbwp30p140tt0p8v25c
  distribute_2x2_simple_seq_DATA_WIDTH32_COMMAND_WIDTH2_122
                     ZeroWireload          tcbn28hpcplusbwp30p140tt0p8v25c
  distribute_2x2_simple_seq_DATA_WIDTH32_COMMAND_WIDTH2_121
                     ZeroWireload          tcbn28hpcplusbwp30p140tt0p8v25c
  distribute_2x2_simple_seq_DATA_WIDTH32_COMMAND_WIDTH2_120
                     ZeroWireload          tcbn28hpcplusbwp30p140tt0p8v25c
  distribute_2x2_simple_seq_DATA_WIDTH32_COMMAND_WIDTH2_119
                     ZeroWireload          tcbn28hpcplusbwp30p140tt0p8v25c
  distribute_2x2_simple_seq_DATA_WIDTH32_COMMAND_WIDTH2_118
                     ZeroWireload          tcbn28hpcplusbwp30p140tt0p8v25c
  distribute_2x2_simple_seq_DATA_WIDTH32_COMMAND_WIDTH2_117
                     ZeroWireload          tcbn28hpcplusbwp30p140tt0p8v25c
  distribute_2x2_simple_seq_DATA_WIDTH32_COMMAND_WIDTH2_116
                     ZeroWireload          tcbn28hpcplusbwp30p140tt0p8v25c
  distribute_2x2_simple_seq_DATA_WIDTH32_COMMAND_WIDTH2_115
                     ZeroWireload          tcbn28hpcplusbwp30p140tt0p8v25c
  distribute_2x2_simple_seq_DATA_WIDTH32_COMMAND_WIDTH2_114
                     ZeroWireload          tcbn28hpcplusbwp30p140tt0p8v25c
  distribute_2x2_simple_seq_DATA_WIDTH32_COMMAND_WIDTH2_113
                     ZeroWireload          tcbn28hpcplusbwp30p140tt0p8v25c
  distribute_2x2_simple_seq_DATA_WIDTH32_COMMAND_WIDTH2_112
                     ZeroWireload          tcbn28hpcplusbwp30p140tt0p8v25c
  distribute_2x2_simple_seq_DATA_WIDTH32_COMMAND_WIDTH2_111
                     ZeroWireload          tcbn28hpcplusbwp30p140tt0p8v25c
  distribute_2x2_simple_seq_DATA_WIDTH32_COMMAND_WIDTH2_110
                     ZeroWireload          tcbn28hpcplusbwp30p140tt0p8v25c
  distribute_2x2_simple_seq_DATA_WIDTH32_COMMAND_WIDTH2_109
                     ZeroWireload          tcbn28hpcplusbwp30p140tt0p8v25c
  distribute_2x2_simple_seq_DATA_WIDTH32_COMMAND_WIDTH2_108
                     ZeroWireload          tcbn28hpcplusbwp30p140tt0p8v25c
  distribute_2x2_simple_seq_DATA_WIDTH32_COMMAND_WIDTH2_107
                     ZeroWireload          tcbn28hpcplusbwp30p140tt0p8v25c
  distribute_2x2_simple_seq_DATA_WIDTH32_COMMAND_WIDTH2_106
                     ZeroWireload          tcbn28hpcplusbwp30p140tt0p8v25c
  distribute_2x2_simple_seq_DATA_WIDTH32_COMMAND_WIDTH2_105
                     ZeroWireload          tcbn28hpcplusbwp30p140tt0p8v25c
  distribute_2x2_simple_seq_DATA_WIDTH32_COMMAND_WIDTH2_104
                     ZeroWireload          tcbn28hpcplusbwp30p140tt0p8v25c
  distribute_2x2_simple_seq_DATA_WIDTH32_COMMAND_WIDTH2_103
                     ZeroWireload          tcbn28hpcplusbwp30p140tt0p8v25c
  distribute_2x2_simple_seq_DATA_WIDTH32_COMMAND_WIDTH2_102
                     ZeroWireload          tcbn28hpcplusbwp30p140tt0p8v25c
  distribute_2x2_simple_seq_DATA_WIDTH32_COMMAND_WIDTH2_101
                     ZeroWireload          tcbn28hpcplusbwp30p140tt0p8v25c
  distribute_2x2_simple_seq_DATA_WIDTH32_COMMAND_WIDTH2_100
                     ZeroWireload          tcbn28hpcplusbwp30p140tt0p8v25c
  distribute_2x2_simple_seq_DATA_WIDTH32_COMMAND_WIDTH2_99
                     ZeroWireload          tcbn28hpcplusbwp30p140tt0p8v25c
  distribute_2x2_simple_seq_DATA_WIDTH32_COMMAND_WIDTH2_98
                     ZeroWireload          tcbn28hpcplusbwp30p140tt0p8v25c
  distribute_2x2_simple_seq_DATA_WIDTH32_COMMAND_WIDTH2_97
                     ZeroWireload          tcbn28hpcplusbwp30p140tt0p8v25c
  distribute_2x2_simple_seq_DATA_WIDTH32_COMMAND_WIDTH2_96
                     ZeroWireload          tcbn28hpcplusbwp30p140tt0p8v25c
  distribute_2x2_simple_seq_DATA_WIDTH32_COMMAND_WIDTH2_95
                     ZeroWireload          tcbn28hpcplusbwp30p140tt0p8v25c
  distribute_2x2_simple_seq_DATA_WIDTH32_COMMAND_WIDTH2_94
                     ZeroWireload          tcbn28hpcplusbwp30p140tt0p8v25c
  distribute_2x2_simple_seq_DATA_WIDTH32_COMMAND_WIDTH2_93
                     ZeroWireload          tcbn28hpcplusbwp30p140tt0p8v25c
  distribute_2x2_simple_seq_DATA_WIDTH32_COMMAND_WIDTH2_92
                     ZeroWireload          tcbn28hpcplusbwp30p140tt0p8v25c
  distribute_2x2_simple_seq_DATA_WIDTH32_COMMAND_WIDTH2_91
                     ZeroWireload          tcbn28hpcplusbwp30p140tt0p8v25c
  distribute_2x2_simple_seq_DATA_WIDTH32_COMMAND_WIDTH2_90
                     ZeroWireload          tcbn28hpcplusbwp30p140tt0p8v25c
  distribute_2x2_simple_seq_DATA_WIDTH32_COMMAND_WIDTH2_89
                     ZeroWireload          tcbn28hpcplusbwp30p140tt0p8v25c
  distribute_2x2_simple_seq_DATA_WIDTH32_COMMAND_WIDTH2_88
                     ZeroWireload          tcbn28hpcplusbwp30p140tt0p8v25c
  distribute_2x2_simple_seq_DATA_WIDTH32_COMMAND_WIDTH2_87
                     ZeroWireload          tcbn28hpcplusbwp30p140tt0p8v25c
  distribute_2x2_simple_seq_DATA_WIDTH32_COMMAND_WIDTH2_86
                     ZeroWireload          tcbn28hpcplusbwp30p140tt0p8v25c
  distribute_2x2_simple_seq_DATA_WIDTH32_COMMAND_WIDTH2_85
                     ZeroWireload          tcbn28hpcplusbwp30p140tt0p8v25c
  distribute_2x2_simple_seq_DATA_WIDTH32_COMMAND_WIDTH2_84
                     ZeroWireload          tcbn28hpcplusbwp30p140tt0p8v25c
  distribute_2x2_simple_seq_DATA_WIDTH32_COMMAND_WIDTH2_83
                     ZeroWireload          tcbn28hpcplusbwp30p140tt0p8v25c
  distribute_2x2_simple_seq_DATA_WIDTH32_COMMAND_WIDTH2_82
                     ZeroWireload          tcbn28hpcplusbwp30p140tt0p8v25c
  distribute_2x2_simple_seq_DATA_WIDTH32_COMMAND_WIDTH2_81
                     ZeroWireload          tcbn28hpcplusbwp30p140tt0p8v25c
  distribute_2x2_simple_seq_DATA_WIDTH32_COMMAND_WIDTH2_80
                     ZeroWireload          tcbn28hpcplusbwp30p140tt0p8v25c
  distribute_2x2_simple_seq_DATA_WIDTH32_COMMAND_WIDTH2_79
                     ZeroWireload          tcbn28hpcplusbwp30p140tt0p8v25c
  distribute_2x2_simple_seq_DATA_WIDTH32_COMMAND_WIDTH2_78
                     ZeroWireload          tcbn28hpcplusbwp30p140tt0p8v25c
  distribute_2x2_simple_seq_DATA_WIDTH32_COMMAND_WIDTH2_77
                     ZeroWireload          tcbn28hpcplusbwp30p140tt0p8v25c
  distribute_2x2_simple_seq_DATA_WIDTH32_COMMAND_WIDTH2_76
                     ZeroWireload          tcbn28hpcplusbwp30p140tt0p8v25c
  distribute_2x2_simple_seq_DATA_WIDTH32_COMMAND_WIDTH2_75
                     ZeroWireload          tcbn28hpcplusbwp30p140tt0p8v25c
  distribute_2x2_simple_seq_DATA_WIDTH32_COMMAND_WIDTH2_74
                     ZeroWireload          tcbn28hpcplusbwp30p140tt0p8v25c
  distribute_2x2_simple_seq_DATA_WIDTH32_COMMAND_WIDTH2_73
                     ZeroWireload          tcbn28hpcplusbwp30p140tt0p8v25c
  distribute_2x2_simple_seq_DATA_WIDTH32_COMMAND_WIDTH2_72
                     ZeroWireload          tcbn28hpcplusbwp30p140tt0p8v25c
  distribute_2x2_simple_seq_DATA_WIDTH32_COMMAND_WIDTH2_71
                     ZeroWireload          tcbn28hpcplusbwp30p140tt0p8v25c
  distribute_2x2_simple_seq_DATA_WIDTH32_COMMAND_WIDTH2_70
                     ZeroWireload          tcbn28hpcplusbwp30p140tt0p8v25c
  distribute_2x2_simple_seq_DATA_WIDTH32_COMMAND_WIDTH2_69
                     ZeroWireload          tcbn28hpcplusbwp30p140tt0p8v25c
  distribute_2x2_simple_seq_DATA_WIDTH32_COMMAND_WIDTH2_68
                     ZeroWireload          tcbn28hpcplusbwp30p140tt0p8v25c
  distribute_2x2_simple_seq_DATA_WIDTH32_COMMAND_WIDTH2_67
                     ZeroWireload          tcbn28hpcplusbwp30p140tt0p8v25c
  distribute_2x2_simple_seq_DATA_WIDTH32_COMMAND_WIDTH2_66
                     ZeroWireload          tcbn28hpcplusbwp30p140tt0p8v25c
  distribute_2x2_simple_seq_DATA_WIDTH32_COMMAND_WIDTH2_65
                     ZeroWireload          tcbn28hpcplusbwp30p140tt0p8v25c
  distribute_2x2_simple_seq_DATA_WIDTH32_COMMAND_WIDTH2_64
                     ZeroWireload          tcbn28hpcplusbwp30p140tt0p8v25c
  distribute_2x2_simple_seq_DATA_WIDTH32_COMMAND_WIDTH2_63
                     ZeroWireload          tcbn28hpcplusbwp30p140tt0p8v25c
  distribute_2x2_simple_seq_DATA_WIDTH32_COMMAND_WIDTH2_62
                     ZeroWireload          tcbn28hpcplusbwp30p140tt0p8v25c
  distribute_2x2_simple_seq_DATA_WIDTH32_COMMAND_WIDTH2_61
                     ZeroWireload          tcbn28hpcplusbwp30p140tt0p8v25c
  distribute_2x2_simple_seq_DATA_WIDTH32_COMMAND_WIDTH2_60
                     ZeroWireload          tcbn28hpcplusbwp30p140tt0p8v25c
  distribute_2x2_simple_seq_DATA_WIDTH32_COMMAND_WIDTH2_59
                     ZeroWireload          tcbn28hpcplusbwp30p140tt0p8v25c
  distribute_2x2_simple_seq_DATA_WIDTH32_COMMAND_WIDTH2_58
                     ZeroWireload          tcbn28hpcplusbwp30p140tt0p8v25c
  distribute_2x2_simple_seq_DATA_WIDTH32_COMMAND_WIDTH2_57
                     ZeroWireload          tcbn28hpcplusbwp30p140tt0p8v25c
  distribute_2x2_simple_seq_DATA_WIDTH32_COMMAND_WIDTH2_56
                     ZeroWireload          tcbn28hpcplusbwp30p140tt0p8v25c
  distribute_2x2_simple_seq_DATA_WIDTH32_COMMAND_WIDTH2_55
                     ZeroWireload          tcbn28hpcplusbwp30p140tt0p8v25c
  distribute_2x2_simple_seq_DATA_WIDTH32_COMMAND_WIDTH2_54
                     ZeroWireload          tcbn28hpcplusbwp30p140tt0p8v25c
  distribute_2x2_simple_seq_DATA_WIDTH32_COMMAND_WIDTH2_53
                     ZeroWireload          tcbn28hpcplusbwp30p140tt0p8v25c
  distribute_2x2_simple_seq_DATA_WIDTH32_COMMAND_WIDTH2_52
                     ZeroWireload          tcbn28hpcplusbwp30p140tt0p8v25c
  distribute_2x2_simple_seq_DATA_WIDTH32_COMMAND_WIDTH2_51
                     ZeroWireload          tcbn28hpcplusbwp30p140tt0p8v25c
  distribute_2x2_simple_seq_DATA_WIDTH32_COMMAND_WIDTH2_50
                     ZeroWireload          tcbn28hpcplusbwp30p140tt0p8v25c
  distribute_2x2_simple_seq_DATA_WIDTH32_COMMAND_WIDTH2_49
                     ZeroWireload          tcbn28hpcplusbwp30p140tt0p8v25c
  distribute_2x2_simple_seq_DATA_WIDTH32_COMMAND_WIDTH2_48
                     ZeroWireload          tcbn28hpcplusbwp30p140tt0p8v25c
  distribute_2x2_simple_seq_DATA_WIDTH32_COMMAND_WIDTH2_47
                     ZeroWireload          tcbn28hpcplusbwp30p140tt0p8v25c
  distribute_2x2_simple_seq_DATA_WIDTH32_COMMAND_WIDTH2_46
                     ZeroWireload          tcbn28hpcplusbwp30p140tt0p8v25c
  distribute_2x2_simple_seq_DATA_WIDTH32_COMMAND_WIDTH2_45
                     ZeroWireload          tcbn28hpcplusbwp30p140tt0p8v25c
  distribute_2x2_simple_seq_DATA_WIDTH32_COMMAND_WIDTH2_44
                     ZeroWireload          tcbn28hpcplusbwp30p140tt0p8v25c
  distribute_2x2_simple_seq_DATA_WIDTH32_COMMAND_WIDTH2_43
                     ZeroWireload          tcbn28hpcplusbwp30p140tt0p8v25c
  distribute_2x2_simple_seq_DATA_WIDTH32_COMMAND_WIDTH2_42
                     ZeroWireload          tcbn28hpcplusbwp30p140tt0p8v25c
  distribute_2x2_simple_seq_DATA_WIDTH32_COMMAND_WIDTH2_41
                     ZeroWireload          tcbn28hpcplusbwp30p140tt0p8v25c
  distribute_2x2_simple_seq_DATA_WIDTH32_COMMAND_WIDTH2_40
                     ZeroWireload          tcbn28hpcplusbwp30p140tt0p8v25c
  distribute_2x2_simple_seq_DATA_WIDTH32_COMMAND_WIDTH2_39
                     ZeroWireload          tcbn28hpcplusbwp30p140tt0p8v25c
  distribute_2x2_simple_seq_DATA_WIDTH32_COMMAND_WIDTH2_38
                     ZeroWireload          tcbn28hpcplusbwp30p140tt0p8v25c
  distribute_2x2_simple_seq_DATA_WIDTH32_COMMAND_WIDTH2_37
                     ZeroWireload          tcbn28hpcplusbwp30p140tt0p8v25c
  distribute_2x2_simple_seq_DATA_WIDTH32_COMMAND_WIDTH2_36
                     ZeroWireload          tcbn28hpcplusbwp30p140tt0p8v25c
  distribute_2x2_simple_seq_DATA_WIDTH32_COMMAND_WIDTH2_35
                     ZeroWireload          tcbn28hpcplusbwp30p140tt0p8v25c
  distribute_2x2_simple_seq_DATA_WIDTH32_COMMAND_WIDTH2_34
                     ZeroWireload          tcbn28hpcplusbwp30p140tt0p8v25c
  distribute_2x2_simple_seq_DATA_WIDTH32_COMMAND_WIDTH2_33
                     ZeroWireload          tcbn28hpcplusbwp30p140tt0p8v25c
  distribute_2x2_simple_seq_DATA_WIDTH32_COMMAND_WIDTH2_32
                     ZeroWireload          tcbn28hpcplusbwp30p140tt0p8v25c
  distribute_2x2_simple_seq_DATA_WIDTH32_COMMAND_WIDTH2_31
                     ZeroWireload          tcbn28hpcplusbwp30p140tt0p8v25c
  distribute_2x2_simple_seq_DATA_WIDTH32_COMMAND_WIDTH2_30
                     ZeroWireload          tcbn28hpcplusbwp30p140tt0p8v25c
  distribute_2x2_simple_seq_DATA_WIDTH32_COMMAND_WIDTH2_29
                     ZeroWireload          tcbn28hpcplusbwp30p140tt0p8v25c
  distribute_2x2_simple_seq_DATA_WIDTH32_COMMAND_WIDTH2_28
                     ZeroWireload          tcbn28hpcplusbwp30p140tt0p8v25c
  distribute_2x2_simple_seq_DATA_WIDTH32_COMMAND_WIDTH2_27
                     ZeroWireload          tcbn28hpcplusbwp30p140tt0p8v25c
  distribute_2x2_simple_seq_DATA_WIDTH32_COMMAND_WIDTH2_26
                     ZeroWireload          tcbn28hpcplusbwp30p140tt0p8v25c
  distribute_2x2_simple_seq_DATA_WIDTH32_COMMAND_WIDTH2_25
                     ZeroWireload          tcbn28hpcplusbwp30p140tt0p8v25c
  distribute_2x2_simple_seq_DATA_WIDTH32_COMMAND_WIDTH2_24
                     ZeroWireload          tcbn28hpcplusbwp30p140tt0p8v25c
  distribute_2x2_simple_seq_DATA_WIDTH32_COMMAND_WIDTH2_23
                     ZeroWireload          tcbn28hpcplusbwp30p140tt0p8v25c
  distribute_2x2_simple_seq_DATA_WIDTH32_COMMAND_WIDTH2_22
                     ZeroWireload          tcbn28hpcplusbwp30p140tt0p8v25c
  distribute_2x2_simple_seq_DATA_WIDTH32_COMMAND_WIDTH2_21
                     ZeroWireload          tcbn28hpcplusbwp30p140tt0p8v25c
  distribute_2x2_simple_seq_DATA_WIDTH32_COMMAND_WIDTH2_20
                     ZeroWireload          tcbn28hpcplusbwp30p140tt0p8v25c
  distribute_2x2_simple_seq_DATA_WIDTH32_COMMAND_WIDTH2_19
                     ZeroWireload          tcbn28hpcplusbwp30p140tt0p8v25c
  distribute_2x2_simple_seq_DATA_WIDTH32_COMMAND_WIDTH2_18
                     ZeroWireload          tcbn28hpcplusbwp30p140tt0p8v25c
  distribute_2x2_simple_seq_DATA_WIDTH32_COMMAND_WIDTH2_17
                     ZeroWireload          tcbn28hpcplusbwp30p140tt0p8v25c
  distribute_2x2_simple_seq_DATA_WIDTH32_COMMAND_WIDTH2_16
                     ZeroWireload          tcbn28hpcplusbwp30p140tt0p8v25c
  distribute_2x2_simple_seq_DATA_WIDTH32_COMMAND_WIDTH2_15
                     ZeroWireload          tcbn28hpcplusbwp30p140tt0p8v25c
  distribute_2x2_simple_seq_DATA_WIDTH32_COMMAND_WIDTH2_14
                     ZeroWireload          tcbn28hpcplusbwp30p140tt0p8v25c
  distribute_2x2_simple_seq_DATA_WIDTH32_COMMAND_WIDTH2_13
                     ZeroWireload          tcbn28hpcplusbwp30p140tt0p8v25c
  distribute_2x2_simple_seq_DATA_WIDTH32_COMMAND_WIDTH2_12
                     ZeroWireload          tcbn28hpcplusbwp30p140tt0p8v25c
  distribute_2x2_simple_seq_DATA_WIDTH32_COMMAND_WIDTH2_11
                     ZeroWireload          tcbn28hpcplusbwp30p140tt0p8v25c
  distribute_2x2_simple_seq_DATA_WIDTH32_COMMAND_WIDTH2_10
                     ZeroWireload          tcbn28hpcplusbwp30p140tt0p8v25c
  distribute_2x2_simple_seq_DATA_WIDTH32_COMMAND_WIDTH2_9
                     ZeroWireload          tcbn28hpcplusbwp30p140tt0p8v25c
  distribute_2x2_simple_seq_DATA_WIDTH32_COMMAND_WIDTH2_8
                     ZeroWireload          tcbn28hpcplusbwp30p140tt0p8v25c
  distribute_2x2_simple_seq_DATA_WIDTH32_COMMAND_WIDTH2_7
                     ZeroWireload          tcbn28hpcplusbwp30p140tt0p8v25c
  distribute_2x2_simple_seq_DATA_WIDTH32_COMMAND_WIDTH2_6
                     ZeroWireload          tcbn28hpcplusbwp30p140tt0p8v25c
  distribute_2x2_simple_seq_DATA_WIDTH32_COMMAND_WIDTH2_5
                     ZeroWireload          tcbn28hpcplusbwp30p140tt0p8v25c
  distribute_2x2_simple_seq_DATA_WIDTH32_COMMAND_WIDTH2_4
                     ZeroWireload          tcbn28hpcplusbwp30p140tt0p8v25c
  distribute_2x2_simple_seq_DATA_WIDTH32_COMMAND_WIDTH2_3
                     ZeroWireload          tcbn28hpcplusbwp30p140tt0p8v25c
  distribute_2x2_simple_seq_DATA_WIDTH32_COMMAND_WIDTH2_2
                     ZeroWireload          tcbn28hpcplusbwp30p140tt0p8v25c
  distribute_2x2_simple_seq_DATA_WIDTH32_COMMAND_WIDTH2_1
                     ZeroWireload          tcbn28hpcplusbwp30p140tt0p8v25c
  benes_simple_seq   ZeroWireload          tcbn28hpcplusbwp30p140tt0p8v25c
  distribute_2x2_simple_seq_DATA_WIDTH32_COMMAND_WIDTH2_0
                     ZeroWireload          tcbn28hpcplusbwp30p140tt0p8v25c

  Point                                                   Incr       Path
  --------------------------------------------------------------------------
  clock clk (rise edge)                                   0.00       0.00
  clock network delay (ideal)                             0.00       0.00
  second_half_stages_7__group_sec_half_0__switch_sec_half_0__third_stage/o_data_bus_inner_reg_0_/CP (DFQD2BWP30P140)
                                                          0.00 #     0.00 r
  second_half_stages_7__group_sec_half_0__switch_sec_half_0__third_stage/o_data_bus_inner_reg_0_/Q (DFQD2BWP30P140)
                                                          0.06       0.06 f
  second_half_stages_7__group_sec_half_0__switch_sec_half_0__third_stage/o_data_bus[0] (distribute_2x2_simple_seq_DATA_WIDTH32_COMMAND_WIDTH2_16)
                                                          0.00       0.06 f
  U140/ZN (INVD6BWP30P140)                                0.01       0.07 r
  U703/ZN (INVD15BWP30P140)                               0.02       0.09 f
  o_data_bus[0] (out)                                     0.00       0.09 f
  data arrival time                                                  0.09

  clock clk (rise edge)                                   0.30       0.30
  clock network delay (ideal)                             0.00       0.30
  clock uncertainty                                      -0.15       0.15
  output external delay                                  -0.06       0.09
  data required time                                                 0.09
  --------------------------------------------------------------------------
  data required time                                                 0.09
  data arrival time                                                 -0.09
  --------------------------------------------------------------------------
  slack (VIOLATED: increase significant digits)                      0.00


1
