Information: Propagating switching activity (low effort zero delay simulation). (PWR-6)
Warning: Design has unannotated primary inputs. (PWR-414)
Warning: Design has unannotated sequential cell outputs. (PWR-415)
 
****************************************
Report : power
        -hier
        -analysis_effort low
Design : crossbar_one_hot_seq
Version: Q-2019.12-SP2
Date   : Mon Apr 12 23:52:46 2021
****************************************


Library(s) Used:

    tcbn28hpcplusbwp30p140lvttt0p8v25c (File: /usr/scratch/DRBE-shared/TSMC-library/IP/TSMC28_STD_CELLS/unzipped/tcbn28hpcplusbwp30p140lvt_190a/tcbn28hpcplusbwp30p140lvt_180a_nldm/TSMCHOME/digital/Front_End/timing_power_noise/NLDM/tcbn28hpcplusbwp30p140lvt_180a/tcbn28hpcplusbwp30p140lvttt0p8v25c.db)


Operating Conditions: tt0p8v25c   Library: tcbn28hpcplusbwp30p140lvttt0p8v25c
Wire Load Model Mode: segmented

Design        Wire Load Model            Library
------------------------------------------------
crossbar_one_hot_seq   ZeroWireload      tcbn28hpcplusbwp30p140lvttt0p8v25c


Global Operating Voltage = 0.8  
Power-specific unit information :
    Voltage Units = 1V
    Capacitance Units = 1.000000pf
    Time Units = 1ns
    Dynamic Power Units = 1mW    (derived from V,C,T units)
    Leakage Power Units = 1nW


--------------------------------------------------------------------------------
                                       Switch   Int      Leak     Total
Hierarchy                              Power    Power    Power    Power    %
--------------------------------------------------------------------------------
crossbar_one_hot_seq                      1.681   19.460 3.12e+05   21.453 100.0
1
