 
****************************************
Report : area
Design : crossbar_one_hot_comb_wrapper_seq
Version: Q-2019.12-SP2
Date   : Tue Apr 13 00:09:19 2021
****************************************

Library(s) Used:

    tcbn28hpcplusbwp30p140lvttt0p8v25c (File: /usr/scratch/DRBE-shared/TSMC-library/IP/TSMC28_STD_CELLS/unzipped/tcbn28hpcplusbwp30p140lvt_190a/tcbn28hpcplusbwp30p140lvt_180a_nldm/TSMCHOME/digital/Front_End/timing_power_noise/NLDM/tcbn28hpcplusbwp30p140lvt_180a/tcbn28hpcplusbwp30p140lvttt0p8v25c.db)

Number of ports:                         3156
Number of nets:                         15452
Number of cells:                        12561
Number of combinational cells:          10984
Number of sequential cells:              1576
Number of macros/black boxes:               0
Number of buf/inv:                       2354
Number of references:                      19

Combinational area:               7459.577980
Buf/Inv area:                     1039.122005
Noncombinational area:            3247.523996
Macro/Black Box area:                0.000000
Net Interconnect area:      undefined  (Wire load has zero net area)

Total cell area:                 10707.101975
Total area:                 undefined

Hierarchical area distribution
------------------------------

                                  Global cell area           Local cell area
                                  -------------------  ---------------------------- 
Hierarchical cell                 Absolute    Percent  Combi-     Noncombi-  Black-
                                  Total       Total    national   national   boxes   Design
--------------------------------  ----------  -------  ---------  ---------  ------  --------------------------------------------------------------------
crossbar_one_hot_comb_wrapper_seq 10707.1020    100.0   344.4840  3247.5240  0.0000  crossbar_one_hot_comb_wrapper_seq
dut                                7115.0940     66.5  7115.0940     0.0000  0.0000  crossbar_one_hot_comb_DATA_WIDTH32_NUM_OUTPUT_DATA8_NUM_INPUT_DATA32
--------------------------------  ----------  -------  ---------  ---------  ------  --------------------------------------------------------------------
Total                                                  7459.5780  3247.5240  0.0000

1
