 
****************************************
Report : area
Design : crossbar_one_hot_seq
Version: Q-2019.12-SP2
Date   : Mon Apr 12 23:52:45 2021
****************************************

Library(s) Used:

    tcbn28hpcplusbwp30p140lvttt0p8v25c (File: /usr/scratch/DRBE-shared/TSMC-library/IP/TSMC28_STD_CELLS/unzipped/tcbn28hpcplusbwp30p140lvt_190a/tcbn28hpcplusbwp30p140lvt_180a_nldm/TSMCHOME/digital/Front_End/timing_power_noise/NLDM/tcbn28hpcplusbwp30p140lvt_180a/tcbn28hpcplusbwp30p140lvttt0p8v25c.db)

Number of ports:                         1579
Number of nets:                         13134
Number of cells:                        11814
Number of combinational cells:           9438
Number of sequential cells:              2376
Number of macros/black boxes:               0
Number of buf/inv:                       1177
Number of references:                      75

Combinational area:               5167.511957
Buf/Inv area:                      399.420002
Noncombinational area:            4602.275940
Macro/Black Box area:                0.000000
Net Interconnect area:      undefined  (Wire load has zero net area)

Total cell area:                  9769.787896
Total area:                 undefined

Hierarchical area distribution
------------------------------

                                  Global cell area          Local cell area
                                  ------------------  ---------------------------- 
Hierarchical cell                 Absolute   Percent  Combi-     Noncombi-  Black-
                                  Total      Total    national   national   boxes   Design
--------------------------------  ---------  -------  ---------  ---------  ------  ---------
crossbar_one_hot_seq              9769.7879    100.0  5167.5120  4602.2759  0.0000  crossbar_one_hot_seq
--------------------------------  ---------  -------  ---------  ---------  ------  ---------
Total                                                 5167.5120  4602.2759  0.0000

1
