Information: Propagating switching activity (low effort zero delay simulation). (PWR-6)
Warning: Design has unannotated primary inputs. (PWR-414)
Warning: Design has unannotated sequential cell outputs. (PWR-415)
 
****************************************
Report : power
        -analysis_effort low
Design : benes_simple_seq
Version: J-2014.09-SP3
Date   : Sat Jun 19 04:01:19 2021
****************************************


Library(s) Used:

    tcbn28hpcplusbwp30p140tt0p8v25c (File: /usr/scratch/DRBE-shared/TSMC-library/IP/TSMC28_STD_CELLS/custom_utils_ck/tsmc_ip/tcbn28hpcplusbwp30p140/nldm/tcbn28hpcplusbwp30p140tt0p8v25c.db)


Operating Conditions: tt0p8v25c   Library: tcbn28hpcplusbwp30p140tt0p8v25c
Wire Load Model Mode: segmented

Design        Wire Load Model            Library
------------------------------------------------
benes_simple_seq       ZeroWireload      tcbn28hpcplusbwp30p140tt0p8v25c
distribute_2x2_simple_seq_DATA_WIDTH32_COMMAND_WIDTH2_0
                       ZeroWireload      tcbn28hpcplusbwp30p140tt0p8v25c
distribute_2x2_simple_seq_DATA_WIDTH32_COMMAND_WIDTH2_1
                       ZeroWireload      tcbn28hpcplusbwp30p140tt0p8v25c
distribute_2x2_simple_seq_DATA_WIDTH32_COMMAND_WIDTH2_2
                       ZeroWireload      tcbn28hpcplusbwp30p140tt0p8v25c
distribute_2x2_simple_seq_DATA_WIDTH32_COMMAND_WIDTH2_3
                       ZeroWireload      tcbn28hpcplusbwp30p140tt0p8v25c
distribute_2x2_simple_seq_DATA_WIDTH32_COMMAND_WIDTH2_4
                       ZeroWireload      tcbn28hpcplusbwp30p140tt0p8v25c
distribute_2x2_simple_seq_DATA_WIDTH32_COMMAND_WIDTH2_5
                       ZeroWireload      tcbn28hpcplusbwp30p140tt0p8v25c
distribute_2x2_simple_seq_DATA_WIDTH32_COMMAND_WIDTH2_6
                       ZeroWireload      tcbn28hpcplusbwp30p140tt0p8v25c
distribute_2x2_simple_seq_DATA_WIDTH32_COMMAND_WIDTH2_7
                       ZeroWireload      tcbn28hpcplusbwp30p140tt0p8v25c
distribute_2x2_simple_seq_DATA_WIDTH32_COMMAND_WIDTH2_8
                       ZeroWireload      tcbn28hpcplusbwp30p140tt0p8v25c
distribute_2x2_simple_seq_DATA_WIDTH32_COMMAND_WIDTH2_9
                       ZeroWireload      tcbn28hpcplusbwp30p140tt0p8v25c
distribute_2x2_simple_seq_DATA_WIDTH32_COMMAND_WIDTH2_10
                       ZeroWireload      tcbn28hpcplusbwp30p140tt0p8v25c
distribute_2x2_simple_seq_DATA_WIDTH32_COMMAND_WIDTH2_11
                       ZeroWireload      tcbn28hpcplusbwp30p140tt0p8v25c
distribute_2x2_simple_seq_DATA_WIDTH32_COMMAND_WIDTH2_12
                       ZeroWireload      tcbn28hpcplusbwp30p140tt0p8v25c
distribute_2x2_simple_seq_DATA_WIDTH32_COMMAND_WIDTH2_13
                       ZeroWireload      tcbn28hpcplusbwp30p140tt0p8v25c
distribute_2x2_simple_seq_DATA_WIDTH32_COMMAND_WIDTH2_14
                       ZeroWireload      tcbn28hpcplusbwp30p140tt0p8v25c
distribute_2x2_simple_seq_DATA_WIDTH32_COMMAND_WIDTH2_15
                       ZeroWireload      tcbn28hpcplusbwp30p140tt0p8v25c
distribute_2x2_simple_seq_DATA_WIDTH32_COMMAND_WIDTH2_16
                       ZeroWireload      tcbn28hpcplusbwp30p140tt0p8v25c
distribute_2x2_simple_seq_DATA_WIDTH32_COMMAND_WIDTH2_17
                       ZeroWireload      tcbn28hpcplusbwp30p140tt0p8v25c
distribute_2x2_simple_seq_DATA_WIDTH32_COMMAND_WIDTH2_18
                       ZeroWireload      tcbn28hpcplusbwp30p140tt0p8v25c
distribute_2x2_simple_seq_DATA_WIDTH32_COMMAND_WIDTH2_19
                       ZeroWireload      tcbn28hpcplusbwp30p140tt0p8v25c
distribute_2x2_simple_seq_DATA_WIDTH32_COMMAND_WIDTH2_20
                       ZeroWireload      tcbn28hpcplusbwp30p140tt0p8v25c
distribute_2x2_simple_seq_DATA_WIDTH32_COMMAND_WIDTH2_21
                       ZeroWireload      tcbn28hpcplusbwp30p140tt0p8v25c
distribute_2x2_simple_seq_DATA_WIDTH32_COMMAND_WIDTH2_22
                       ZeroWireload      tcbn28hpcplusbwp30p140tt0p8v25c
distribute_2x2_simple_seq_DATA_WIDTH32_COMMAND_WIDTH2_23
                       ZeroWireload      tcbn28hpcplusbwp30p140tt0p8v25c
distribute_2x2_simple_seq_DATA_WIDTH32_COMMAND_WIDTH2_24
                       ZeroWireload      tcbn28hpcplusbwp30p140tt0p8v25c
distribute_2x2_simple_seq_DATA_WIDTH32_COMMAND_WIDTH2_25
                       ZeroWireload      tcbn28hpcplusbwp30p140tt0p8v25c
distribute_2x2_simple_seq_DATA_WIDTH32_COMMAND_WIDTH2_26
                       ZeroWireload      tcbn28hpcplusbwp30p140tt0p8v25c
distribute_2x2_simple_seq_DATA_WIDTH32_COMMAND_WIDTH2_27
                       ZeroWireload      tcbn28hpcplusbwp30p140tt0p8v25c
distribute_2x2_simple_seq_DATA_WIDTH32_COMMAND_WIDTH2_28
                       ZeroWireload      tcbn28hpcplusbwp30p140tt0p8v25c
distribute_2x2_simple_seq_DATA_WIDTH32_COMMAND_WIDTH2_29
                       ZeroWireload      tcbn28hpcplusbwp30p140tt0p8v25c
distribute_2x2_simple_seq_DATA_WIDTH32_COMMAND_WIDTH2_30
                       ZeroWireload      tcbn28hpcplusbwp30p140tt0p8v25c
distribute_2x2_simple_seq_DATA_WIDTH32_COMMAND_WIDTH2_31
                       ZeroWireload      tcbn28hpcplusbwp30p140tt0p8v25c
distribute_2x2_simple_seq_DATA_WIDTH32_COMMAND_WIDTH2_32
                       ZeroWireload      tcbn28hpcplusbwp30p140tt0p8v25c
distribute_2x2_simple_seq_DATA_WIDTH32_COMMAND_WIDTH2_33
                       ZeroWireload      tcbn28hpcplusbwp30p140tt0p8v25c
distribute_2x2_simple_seq_DATA_WIDTH32_COMMAND_WIDTH2_34
                       ZeroWireload      tcbn28hpcplusbwp30p140tt0p8v25c
distribute_2x2_simple_seq_DATA_WIDTH32_COMMAND_WIDTH2_35
                       ZeroWireload      tcbn28hpcplusbwp30p140tt0p8v25c
distribute_2x2_simple_seq_DATA_WIDTH32_COMMAND_WIDTH2_36
                       ZeroWireload      tcbn28hpcplusbwp30p140tt0p8v25c
distribute_2x2_simple_seq_DATA_WIDTH32_COMMAND_WIDTH2_37
                       ZeroWireload      tcbn28hpcplusbwp30p140tt0p8v25c
distribute_2x2_simple_seq_DATA_WIDTH32_COMMAND_WIDTH2_38
                       ZeroWireload      tcbn28hpcplusbwp30p140tt0p8v25c
distribute_2x2_simple_seq_DATA_WIDTH32_COMMAND_WIDTH2_39
                       ZeroWireload      tcbn28hpcplusbwp30p140tt0p8v25c
distribute_2x2_simple_seq_DATA_WIDTH32_COMMAND_WIDTH2_40
                       ZeroWireload      tcbn28hpcplusbwp30p140tt0p8v25c
distribute_2x2_simple_seq_DATA_WIDTH32_COMMAND_WIDTH2_41
                       ZeroWireload      tcbn28hpcplusbwp30p140tt0p8v25c
distribute_2x2_simple_seq_DATA_WIDTH32_COMMAND_WIDTH2_42
                       ZeroWireload      tcbn28hpcplusbwp30p140tt0p8v25c
distribute_2x2_simple_seq_DATA_WIDTH32_COMMAND_WIDTH2_43
                       ZeroWireload      tcbn28hpcplusbwp30p140tt0p8v25c
distribute_2x2_simple_seq_DATA_WIDTH32_COMMAND_WIDTH2_44
                       ZeroWireload      tcbn28hpcplusbwp30p140tt0p8v25c
distribute_2x2_simple_seq_DATA_WIDTH32_COMMAND_WIDTH2_45
                       ZeroWireload      tcbn28hpcplusbwp30p140tt0p8v25c
distribute_2x2_simple_seq_DATA_WIDTH32_COMMAND_WIDTH2_46
                       ZeroWireload      tcbn28hpcplusbwp30p140tt0p8v25c
distribute_2x2_simple_seq_DATA_WIDTH32_COMMAND_WIDTH2_47
                       ZeroWireload      tcbn28hpcplusbwp30p140tt0p8v25c
distribute_2x2_simple_seq_DATA_WIDTH32_COMMAND_WIDTH2_48
                       ZeroWireload      tcbn28hpcplusbwp30p140tt0p8v25c
distribute_2x2_simple_seq_DATA_WIDTH32_COMMAND_WIDTH2_49
                       ZeroWireload      tcbn28hpcplusbwp30p140tt0p8v25c
distribute_2x2_simple_seq_DATA_WIDTH32_COMMAND_WIDTH2_50
                       ZeroWireload      tcbn28hpcplusbwp30p140tt0p8v25c
distribute_2x2_simple_seq_DATA_WIDTH32_COMMAND_WIDTH2_51
                       ZeroWireload      tcbn28hpcplusbwp30p140tt0p8v25c
distribute_2x2_simple_seq_DATA_WIDTH32_COMMAND_WIDTH2_52
                       ZeroWireload      tcbn28hpcplusbwp30p140tt0p8v25c
distribute_2x2_simple_seq_DATA_WIDTH32_COMMAND_WIDTH2_53
                       ZeroWireload      tcbn28hpcplusbwp30p140tt0p8v25c
distribute_2x2_simple_seq_DATA_WIDTH32_COMMAND_WIDTH2_54
                       ZeroWireload      tcbn28hpcplusbwp30p140tt0p8v25c
distribute_2x2_simple_seq_DATA_WIDTH32_COMMAND_WIDTH2_55
                       ZeroWireload      tcbn28hpcplusbwp30p140tt0p8v25c


Global Operating Voltage = 0.8  
Power-specific unit information :
    Voltage Units = 1V
    Capacitance Units = 1.000000pf
    Time Units = 1ns
    Dynamic Power Units = 1mW    (derived from V,C,T units)
    Leakage Power Units = 1nW


  Cell Internal Power  =  35.1796 mW   (97%)
  Net Switching Power  =   1.1542 mW    (3%)
                         ---------
Total Dynamic Power    =  36.3338 mW  (100%)

Cell Leakage Power     =  42.8261 uW


                 Internal         Switching           Leakage            Total
Power Group      Power            Power               Power              Power   (   %    )  Attrs
--------------------------------------------------------------------------------------------------
io_pad             0.0000            0.0000            0.0000            0.0000  (   0.00%)
memory             0.0000            0.0000            0.0000            0.0000  (   0.00%)
black_box          0.0000            0.0000            0.0000            0.0000  (   0.00%)
clock_network      0.0000            0.0000            0.0000            0.0000  (   0.00%)
register          34.5845            0.1270        2.6052e+04           34.7375  (  95.49%)
sequential         0.0000            0.0000            0.0000            0.0000  (   0.00%)
combinational      0.5952            1.0271        1.6774e+04            1.6391  (   4.51%)
--------------------------------------------------------------------------------------------------
Total             35.1797 mW         1.1542 mW     4.2826e+04 nW        36.3766 mW
1
