 
****************************************
Report : area
Design : crossbar_one_hot_seq
Version: Q-2019.12-SP2
Date   : Sat Apr 10 06:33:03 2021
****************************************

Library(s) Used:

    tcbn28hpcplusbwp30p140tt0p8v25c (File: /usr/scratch/will-jianming/TSMC_library/IP/TSMC28_STD_CELLS/custom_utils_ck/tsmc_ip/tcbn28hpcplusbwp30p140/nldm/tcbn28hpcplusbwp30p140tt0p8v25c.db)

Number of ports:                         2891
Number of nets:                         23721
Number of cells:                        21158
Number of combinational cells:          20894
Number of sequential cells:               264
Number of macros/black boxes:               0
Number of buf/inv:                       4141
Number of references:                     185

Combinational area:              13135.751940
Buf/Inv area:                     1693.818000
Noncombinational area:             523.907990
Macro/Black Box area:                0.000000
Net Interconnect area:      undefined  (Wire load has zero net area)

Total cell area:                 13659.659930
Total area:                 undefined
1
