 
****************************************
Report : area
Design : flatten_benes_simple_seq
Version: J-2014.09-SP3
Date   : Sat Jun 19 06:16:07 2021
****************************************

Library(s) Used:

    tcbn28hpcplusbwp30p140tt0p8v25c (File: /usr/scratch/DRBE-shared/TSMC-library/IP/TSMC28_STD_CELLS/custom_utils_ck/tsmc_ip/tcbn28hpcplusbwp30p140/nldm/tcbn28hpcplusbwp30p140tt0p8v25c.db)

Number of ports:                        12611
Number of nets:                        116727
Number of cells:                        29108
Number of combinational cells:           4468
Number of sequential cells:             23808
Number of macros/black boxes:               0
Number of buf/inv:                       4468
Number of references:                     840

Combinational area:             175966.432120
Buf/Inv area:                    54901.476313
Noncombinational area:          343167.674700
Macro/Black Box area:                0.000000
Net Interconnect area:      undefined  (Wire load has zero net area)

Total cell area:                519134.106819
Total area:                 undefined
1
