 
****************************************
Report : area
Design : crossbar_one_hot_comb_wrapper_seq
Version: Q-2019.12-SP2
Date   : Mon Apr 12 03:01:44 2021
****************************************

Library(s) Used:

    tcbn28hpcplusbwp30p140tt0p8v25c (File: /usr/scratch/will-jianming/TSMC_library/IP/TSMC28_STD_CELLS/custom_utils_ck/tsmc_ip/tcbn28hpcplusbwp30p140/nldm/tcbn28hpcplusbwp30p140tt0p8v25c.db)

Number of ports:                         5779
Number of nets:                         28800
Number of cells:                        23286
Number of combinational cells:          20397
Number of sequential cells:              2888
Number of macros/black boxes:               0
Number of buf/inv:                       3735
Number of references:                      11

Combinational area:              12859.055947
Buf/Inv area:                     1358.406005
Noncombinational area:            5668.739904
Macro/Black Box area:                0.000000
Net Interconnect area:      undefined  (Wire load has zero net area)

Total cell area:                 18527.795851
Total area:                 undefined

Hierarchical area distribution
------------------------------

                                  Global cell area            Local cell area
                                  -------------------  ----------------------------- 
Hierarchical cell                 Absolute    Percent  Combi-      Noncombi-  Black-
                                  Total       Total    national    national   boxes   Design
--------------------------------  ----------  -------  ----------  ---------  ------  --------------------------------------------------------------------
crossbar_one_hot_comb_wrapper_seq 18527.7959    100.0      2.7720  5668.7399  0.0000  crossbar_one_hot_comb_wrapper_seq
crossbar_one_hot_comb             12856.2839     69.4  12856.2839     0.0000  0.0000  crossbar_one_hot_comb_DATA_WIDTH32_NUM_OUTPUT_DATA8_NUM_INPUT_DATA64
--------------------------------  ----------  -------  ----------  ---------  ------  --------------------------------------------------------------------
Total                                                  12859.0559  5668.7399  0.0000

1
