 
****************************************
Report : area
Design : crossbar_one_hot_seq
Version: Q-2019.12-SP2
Date   : Fri Apr  9 19:09:23 2021
****************************************

Library(s) Used:

    tcbn28hpcplusbwp30p140tt0p8v25c (File: /usr/scratch/will-jianming/TSMC_library/IP/TSMC28_STD_CELLS/custom_utils_ck/tsmc_ip/tcbn28hpcplusbwp30p140/nldm/tcbn28hpcplusbwp30p140tt0p8v25c.db)

Number of ports:                         2891
Number of nets:                         21149
Number of cells:                        18586
Number of combinational cells:          18322
Number of sequential cells:               264
Number of macros/black boxes:               0
Number of buf/inv:                       3177
Number of references:                     158

Combinational area:              10593.827950
Buf/Inv area:                     1056.510009
Noncombinational area:             511.433997
Macro/Black Box area:                0.000000
Net Interconnect area:      undefined  (Wire load has zero net area)

Total cell area:                 11105.261946
Total area:                 undefined
1
